#
# There is insufficient memory for the Java Runtime Environment to continue.
# Native memory allocation (malloc) failed to allocate 1144576 bytes for Chunk::new
# Possible reasons:
#   The system is out of physical RAM or swap space
#   The process is running with CompressedOops enabled, and the Java Heap may be blocking the growth of the native heap
# Possible solutions:
#   Reduce memory load on the system
#   Increase physical memory or swap space
#   Check if swap backing store is full
#   Decrease Java heap size (-Xmx/-Xms)
#   Decrease number of Java threads
#   Decrease Java thread stack sizes (-Xss)
#   Set larger code cache with -XX:ReservedCodeCacheSize=
#   JVM is running with Unscaled Compressed Oops mode in which the Java heap is
#     placed in the first 4GB address space. The Java Heap base address is the
#     maximum limit for the native heap growth. Please use -XX:HeapBaseMinAddress
#     to set the Java Heap base and to place the Java Heap above 4GB virtual address.
# This output file may be truncated or incomplete.
#
#  Out of Memory Error (./src/hotspot/share/memory/arena.cpp:197), pid=3616, tid=13932
#
# JRE version: OpenJDK Runtime Environment (11.0.10) (build 11.0.10+0-b96-7249189)
# Java VM: OpenJDK 64-Bit Server VM (11.0.10+0-b96-7249189, mixed mode, tiered, compressed oops, g1 gc, windows-amd64)
# No core dump will be written. Minidumps are not enabled by default on client versions of Windows
#

---------------  S U M M A R Y ------------

Command Line: --add-opens=java.base/java.util=ALL-UNNAMED --add-opens=java.base/java.lang=ALL-UNNAMED --add-opens=java.base/java.lang.invoke=ALL-UNNAMED --add-opens=java.base/java.util=ALL-UNNAMED --add-opens=java.prefs/java.util.prefs=ALL-UNNAMED --add-opens=java.prefs/java.util.prefs=ALL-UNNAMED --add-opens=java.base/java.nio.charset=ALL-UNNAMED --add-opens=java.base/java.net=ALL-UNNAMED --add-opens=java.base/java.util.concurrent.atomic=ALL-UNNAMED -Xmx2048m -Dfile.encoding=UTF-8 -Duser.country=US -Duser.language=en -Duser.variant org.gradle.launcher.daemon.bootstrap.GradleDaemon 7.0.2

Host: Intel(R) Core(TM) i7-8750H CPU @ 2.20GHz, 12 cores, 15G,  Windows 10 , 64 bit Build 22000 (10.0.22000.318)
Time: Thu Dec 16 20:26:20 2021 Egypt Standard Time elapsed time: 15.898554 seconds (0d 0h 0m 15s)

---------------  T H R E A D  ---------------

Current thread (0x000002a7c2bad000):  JavaThread "C2 CompilerThread0" daemon [_thread_in_native, id=13932, stack(0x000000f0d9200000,0x000000f0d9300000)]


Current CompileTask:
C2:  15898 7363 %     4       org.gradle.internal.instantiation.generator.AbstractClassGenerator::inspectType @ 250 (560 bytes)

Stack: [0x000000f0d9200000,0x000000f0d9300000]
Native frames: (J=compiled Java code, j=interpreted, Vv=VM code, C=native code)
V  [jvm.dll+0x5ecfaa]
V  [jvm.dll+0x722bd5]
V  [jvm.dll+0x72412d]
V  [jvm.dll+0x7247e3]
V  [jvm.dll+0x242928]
V  [jvm.dll+0xbc4fc]
V  [jvm.dll+0xbca0c]
V  [jvm.dll+0x2b4fd4]
V  [jvm.dll+0x506028]
V  [jvm.dll+0x1fcbde]
V  [jvm.dll+0x1fa77f]
V  [jvm.dll+0x18354c]
V  [jvm.dll+0x208ee7]
V  [jvm.dll+0x207731]
V  [jvm.dll+0x6eb1cf]
V  [jvm.dll+0x6e3d45]
V  [jvm.dll+0x5ebe96]
C  [ucrtbase.dll+0x26c0c]
C  [KERNEL32.DLL+0x154e0]
C  [ntdll.dll+0x485b]


---------------  P R O C E S S  ---------------

Threads class SMR info:
_java_thread_list=0x000002a7c6330050, length=60, elements={
0x000002a7a7a23000, 0x000002a7c2b4a800, 0x000002a7c2b55800, 0x000002a7c2ba7800,
0x000002a7c2ba8800, 0x000002a7c2ba9800, 0x000002a7c2bad000, 0x000002a7c2bba000,
0x000002a7c2bc5800, 0x000002a7c2d3f000, 0x000002a7c461f800, 0x000002a7c4f84800,
0x000002a7c2e52800, 0x000002a7c4c34800, 0x000002a7c4a87800, 0x000002a7c4f2a000,
0x000002a7c3fd9000, 0x000002a7c3183800, 0x000002a7c5f8e000, 0x000002a7c4dbc800,
0x000002a7c561b000, 0x000002a7c561a000, 0x000002a7c5618800, 0x000002a7c5619000,
0x000002a7c6106000, 0x000002a7c6109800, 0x000002a7c6105800, 0x000002a7c610c000,
0x000002a7c610c800, 0x000002a7c6107800, 0x000002a7c610a000, 0x000002a7c610b000,
0x000002a7c6107000, 0x000002a7c610e800, 0x000002a7c6113000, 0x000002a7c6112800,
0x000002a7c610f000, 0x000002a7c610d800, 0x000002a7c6114000, 0x000002a7c6110000,
0x000002a7c6a46800, 0x000002a7c6a48000, 0x000002a7c6a49800, 0x000002a7c6a47000,
0x000002a7c6a45000, 0x000002a7c6a49000, 0x000002a7c6a45800, 0x000002a7c6a44000,
0x000002a7c6a4a800, 0x000002a7c7c0c000, 0x000002a7c7c0a800, 0x000002a7c7c07000,
0x000002a7c7c0b000, 0x000002a7c7c0d000, 0x000002a7c7c0d800, 0x000002a7c7c08000,
0x000002a7c7c09000, 0x000002a7c7c09800, 0x000002a7c9d6c800, 0x000002a7c823f000
}

Java Threads: ( => current thread )
  0x000002a7a7a23000 JavaThread "main" [_thread_blocked, id=22268, stack(0x000000f0d8600000,0x000000f0d8700000)]
  0x000002a7c2b4a800 JavaThread "Reference Handler" daemon [_thread_blocked, id=23720, stack(0x000000f0d8d00000,0x000000f0d8e00000)]
  0x000002a7c2b55800 JavaThread "Finalizer" daemon [_thread_blocked, id=20088, stack(0x000000f0d8e00000,0x000000f0d8f00000)]
  0x000002a7c2ba7800 JavaThread "Signal Dispatcher" daemon [_thread_blocked, id=18144, stack(0x000000f0d8f00000,0x000000f0d9000000)]
  0x000002a7c2ba8800 JavaThread "Attach Listener" daemon [_thread_blocked, id=26804, stack(0x000000f0d9000000,0x000000f0d9100000)]
  0x000002a7c2ba9800 JavaThread "Service Thread" daemon [_thread_blocked, id=3468, stack(0x000000f0d9100000,0x000000f0d9200000)]
=>0x000002a7c2bad000 JavaThread "C2 CompilerThread0" daemon [_thread_in_native, id=13932, stack(0x000000f0d9200000,0x000000f0d9300000)]
  0x000002a7c2bba000 JavaThread "C1 CompilerThread0" daemon [_thread_in_vm, id=4056, stack(0x000000f0d9300000,0x000000f0d9400000)]
  0x000002a7c2bc5800 JavaThread "Sweeper thread" daemon [_thread_blocked, id=27224, stack(0x000000f0d9400000,0x000000f0d9500000)]
  0x000002a7c2d3f000 JavaThread "Common-Cleaner" daemon [_thread_blocked, id=27636, stack(0x000000f0d9500000,0x000000f0d9600000)]
  0x000002a7c461f800 JavaThread "Daemon health stats" [_thread_blocked, id=11280, stack(0x000000f0d9e00000,0x000000f0d9f00000)]
  0x000002a7c4f84800 JavaThread "Incoming local TCP Connector on port 61898" [_thread_in_native, id=21468, stack(0x000000f0d9700000,0x000000f0d9800000)]
  0x000002a7c2e52800 JavaThread "Daemon periodic checks" [_thread_blocked, id=27060, stack(0x000000f0d9d00000,0x000000f0d9e00000)]
  0x000002a7c4c34800 JavaThread "Daemon" [_thread_blocked, id=5020, stack(0x000000f0d9f00000,0x000000f0da000000)]
  0x000002a7c4a87800 JavaThread "Handler for socket connection from /127.0.0.1:61898 to /127.0.0.1:61899" [_thread_in_native, id=21184, stack(0x000000f0da000000,0x000000f0da100000)]
  0x000002a7c4f2a000 JavaThread "C2 CompilerThread1" daemon [_thread_in_native, id=2036, stack(0x000000f0da100000,0x000000f0da200000)]
  0x000002a7c3fd9000 JavaThread "Cancel handler" [_thread_blocked, id=10408, stack(0x000000f0da200000,0x000000f0da300000)]
  0x000002a7c3183800 JavaThread "Daemon worker" [_thread_in_vm, id=12628, stack(0x000000f0da300000,0x000000f0da400000)]
  0x000002a7c5f8e000 JavaThread "Asynchronous log dispatcher for DefaultDaemonConnection: socket connection from /127.0.0.1:61898 to /127.0.0.1:61899" [_thread_blocked, id=13920, stack(0x000000f0da400000,0x000000f0da500000)]
  0x000002a7c4dbc800 JavaThread "Stdin handler" [_thread_blocked, id=21100, stack(0x000000f0da500000,0x000000f0da600000)]
  0x000002a7c561b000 JavaThread "Daemon client event forwarder" [_thread_blocked, id=15568, stack(0x000000f0da600000,0x000000f0da700000)]
  0x000002a7c561a000 JavaThread "Cache worker for file hash cache (C:\Users\dasse\.gradle\caches\7.0.2\fileHashes)" [_thread_blocked, id=15016, stack(0x000000f0da700000,0x000000f0da800000)]
  0x000002a7c5618800 JavaThread "File lock request listener" [_thread_in_native, id=2444, stack(0x000000f0da800000,0x000000f0da900000)]
  0x000002a7c5619000 JavaThread "Cache worker for journal cache (C:\Users\dasse\.gradle\caches\journal-1)" [_thread_blocked, id=21324, stack(0x000000f0daf00000,0x000000f0db000000)]
  0x000002a7c6106000 JavaThread "Cache worker for file hash cache (D:\Projects\PureDot\android_pureDot\.gradle\7.0.2\fileHashes)" [_thread_blocked, id=21784, stack(0x000000f0db000000,0x000000f0db100000)]
  0x000002a7c6109800 JavaThread "File watcher server" daemon [_thread_in_native, id=2572, stack(0x000000f0db100000,0x000000f0db200000)]
  0x000002a7c6105800 JavaThread "File watcher consumer" daemon [_thread_blocked, id=20440, stack(0x000000f0db200000,0x000000f0db300000)]
  0x000002a7c610c000 JavaThread "Cache worker for checksums cache (D:\Projects\PureDot\android_pureDot\.gradle\checksums)" [_thread_blocked, id=2416, stack(0x000000f0db300000,0x000000f0db400000)]
  0x000002a7c610c800 JavaThread "Cache worker for cache directory md-supplier (C:\Users\dasse\.gradle\caches\7.0.2\md-supplier)" [_thread_blocked, id=16372, stack(0x000000f0db400000,0x000000f0db500000)]
  0x000002a7c6107800 JavaThread "Cache worker for cache directory md-rule (C:\Users\dasse\.gradle\caches\7.0.2\md-rule)" [_thread_blocked, id=18524, stack(0x000000f0db500000,0x000000f0db600000)]
  0x000002a7c610a000 JavaThread "Cache worker for execution history cache (C:\Users\dasse\.gradle\caches\7.0.2\executionHistory)" [_thread_blocked, id=20240, stack(0x000000f0db600000,0x000000f0db700000)]
  0x000002a7c610b000 JavaThread "jar transforms" [_thread_blocked, id=22204, stack(0x000000f0db800000,0x000000f0db900000)]
  0x000002a7c6107000 JavaThread "jar transforms Thread 2" [_thread_blocked, id=16536, stack(0x000000f0db900000,0x000000f0dba00000)]
  0x000002a7c610e800 JavaThread "Cache worker for file content cache (C:\Users\dasse\.gradle\caches\7.0.2\fileContent)" [_thread_blocked, id=15776, stack(0x000000f0dba00000,0x000000f0dbb00000)]
  0x000002a7c6113000 JavaThread "Cache worker for dependencies-accessors (D:\Projects\PureDot\android_pureDot\.gradle\7.0.2\dependencies-accessors)" [_thread_blocked, id=25252, stack(0x000000f0dbb00000,0x000000f0dbc00000)]
  0x000002a7c6112800 JavaThread "jar transforms Thread 3" [_thread_blocked, id=14068, stack(0x000000f0dbc00000,0x000000f0dbd00000)]
  0x000002a7c610f000 JavaThread "Cache worker for Build Output Cleanup Cache (D:\Projects\PureDot\android_pureDot\.gradle\buildOutputCleanup)" [_thread_blocked, id=27568, stack(0x000000f0dbd00000,0x000000f0dbe00000)]
  0x000002a7c610d800 JavaThread "Build operations" [_thread_blocked, id=8100, stack(0x000000f0dbe00000,0x000000f0dbf00000)]
  0x000002a7c6114000 JavaThread "Build operations Thread 2" [_thread_blocked, id=14212, stack(0x000000f0dbf00000,0x000000f0dc000000)]
  0x000002a7c6110000 JavaThread "Build operations Thread 3" [_thread_blocked, id=5408, stack(0x000000f0dc000000,0x000000f0dc100000)]
  0x000002a7c6a46800 JavaThread "Build operations Thread 4" [_thread_blocked, id=6256, stack(0x000000f0dc100000,0x000000f0dc200000)]
  0x000002a7c6a48000 JavaThread "Build operations Thread 5" [_thread_blocked, id=18692, stack(0x000000f0dc200000,0x000000f0dc300000)]
  0x000002a7c6a49800 JavaThread "Build operations Thread 6" [_thread_blocked, id=22824, stack(0x000000f0dc300000,0x000000f0dc400000)]
  0x000002a7c6a47000 JavaThread "Build operations Thread 7" [_thread_blocked, id=25472, stack(0x000000f0dc400000,0x000000f0dc500000)]
  0x000002a7c6a45000 JavaThread "Build operations Thread 8" [_thread_blocked, id=26064, stack(0x000000f0dc500000,0x000000f0dc600000)]
  0x000002a7c6a49000 JavaThread "Build operations Thread 9" [_thread_blocked, id=24228, stack(0x000000f0dc600000,0x000000f0dc700000)]
  0x000002a7c6a45800 JavaThread "Build operations Thread 10" [_thread_blocked, id=16936, stack(0x000000f0dc700000,0x000000f0dc800000)]
  0x000002a7c6a44000 JavaThread "Build operations Thread 11" [_thread_blocked, id=12644, stack(0x000000f0dc800000,0x000000f0dc900000)]
  0x000002a7c6a4a800 JavaThread "Build operations Thread 12" [_thread_blocked, id=25568, stack(0x000000f0dc900000,0x000000f0dca00000)]
  0x000002a7c7c0c000 JavaThread "jar transforms Thread 4" [_thread_blocked, id=14952, stack(0x000000f0dca00000,0x000000f0dcb00000)]
  0x000002a7c7c0a800 JavaThread "jar transforms Thread 5" [_thread_blocked, id=7608, stack(0x000000f0dcb00000,0x000000f0dcc00000)]
  0x000002a7c7c07000 JavaThread "jar transforms Thread 6" [_thread_blocked, id=25208, stack(0x000000f0dcc00000,0x000000f0dcd00000)]
  0x000002a7c7c0b000 JavaThread "jar transforms Thread 7" [_thread_blocked, id=6652, stack(0x000000f0dcd00000,0x000000f0dce00000)]
  0x000002a7c7c0d000 JavaThread "jar transforms Thread 8" [_thread_blocked, id=21556, stack(0x000000f0dce00000,0x000000f0dcf00000)]
  0x000002a7c7c0d800 JavaThread "jar transforms Thread 9" [_thread_blocked, id=4212, stack(0x000000f0dcf00000,0x000000f0dd000000)]
  0x000002a7c7c08000 JavaThread "jar transforms Thread 10" [_thread_blocked, id=26320, stack(0x000000f0dd000000,0x000000f0dd100000)]
  0x000002a7c7c09000 JavaThread "jar transforms Thread 11" [_thread_blocked, id=17708, stack(0x000000f0dd100000,0x000000f0dd200000)]
  0x000002a7c7c09800 JavaThread "jar transforms Thread 12" [_thread_blocked, id=15456, stack(0x000000f0dd200000,0x000000f0dd300000)]
  0x000002a7c9d6c800 JavaThread "C2 CompilerThread2" daemon [_thread_in_native, id=24960, stack(0x000000f0dd400000,0x000000f0dd500000)]
  0x000002a7c823f000 JavaThread "Memory manager" [_thread_blocked, id=12116, stack(0x000000f0dd500000,0x000000f0dd600000)]

Other Threads:
  0x000002a7c2b49000 VMThread "VM Thread" [stack: 0x000000f0d8c00000,0x000000f0d8d00000] [id=11748]
  0x000002a7c2d5c000 WatcherThread [stack: 0x000000f0d9600000,0x000000f0d9700000] [id=26828]
  0x000002a7a7a35800 GCTaskThread "GC Thread#0" [stack: 0x000000f0d8700000,0x000000f0d8800000] [id=6824]
  0x000002a7c339d000 GCTaskThread "GC Thread#1" [stack: 0x000000f0d9800000,0x000000f0d9900000] [id=25460]
  0x000002a7c32ab800 GCTaskThread "GC Thread#2" [stack: 0x000000f0d9900000,0x000000f0d9a00000] [id=26764]
  0x000002a7c3958800 GCTaskThread "GC Thread#3" [stack: 0x000000f0d9a00000,0x000000f0d9b00000] [id=9668]
  0x000002a7c34ff000 GCTaskThread "GC Thread#4" [stack: 0x000000f0d9b00000,0x000000f0d9c00000] [id=6160]
  0x000002a7c3b48800 GCTaskThread "GC Thread#5" [stack: 0x000000f0d9c00000,0x000000f0d9d00000] [id=19864]
  0x000002a7c59ee800 GCTaskThread "GC Thread#6" [stack: 0x000000f0da900000,0x000000f0daa00000] [id=22928]
  0x000002a7c446d000 GCTaskThread "GC Thread#7" [stack: 0x000000f0daa00000,0x000000f0dab00000] [id=13836]
  0x000002a7c47c3000 GCTaskThread "GC Thread#8" [stack: 0x000000f0dab00000,0x000000f0dac00000] [id=9624]
  0x000002a7c58ad800 GCTaskThread "GC Thread#9" [stack: 0x000000f0dac00000,0x000000f0dad00000] [id=10924]
  0x000002a7a7a6a000 ConcurrentGCThread "G1 Main Marker" [stack: 0x000000f0d8800000,0x000000f0d8900000] [id=18132]
  0x000002a7a7a6b000 ConcurrentGCThread "G1 Conc#0" [stack: 0x000000f0d8900000,0x000000f0d8a00000] [id=26696]
  0x000002a7c58b0800 ConcurrentGCThread "G1 Conc#1" [stack: 0x000000f0dad00000,0x000000f0dae00000] [id=9320]
  0x000002a7c58b2000 ConcurrentGCThread "G1 Conc#2" [stack: 0x000000f0dae00000,0x000000f0daf00000] [id=23604]
  0x000002a7c2197800 ConcurrentGCThread "G1 Refine#0" [stack: 0x000000f0d8a00000,0x000000f0d8b00000] [id=5220]
  0x000002a7c9fd4000 ConcurrentGCThread "G1 Refine#1" [stack: 0x000000f0db700000,0x000000f0db800000] [id=26728]
  0x000002a7c9fca000 ConcurrentGCThread "G1 Refine#2" [stack: 0x000000f0dd300000,0x000000f0dd400000] [id=11288]
  0x000002a7c2198000 ConcurrentGCThread "G1 Young RemSet Sampling" [stack: 0x000000f0d8b00000,0x000000f0d8c00000] [id=14428]

Threads with active compile tasks:
C2 CompilerThread0  15947 7363 %     4       org.gradle.internal.instantiation.generator.AbstractClassGenerator::inspectType @ 250 (560 bytes)
C1 CompilerThread0  15947 7413       1       org.gradle.api.internal.project.DefaultProject::getGradle (5 bytes)
C2 CompilerThread1  15947 7410 %     4       org.apache.commons.lang.StringUtils::containsAny @ 54 (128 bytes)
C2 CompilerThread2  15947 7361       4       sun.reflect.generics.parser.SignatureParser::parsePackageNameAndSimpleClassTypeSignature (119 bytes)

VM state:not at safepoint (normal execution)

VM Mutex/Monitor currently owned by a thread: None

Heap address: 0x0000000080000000, size: 2048 MB, Compressed Oops mode: 32-bit
Narrow klass base: 0x0000000000000000, Narrow klass shift: 3
Compressed class space size: 1073741824 Address: 0x0000000100000000

Heap:
 garbage-first heap   total 262144K, used 80580K [0x0000000080000000, 0x0000000100000000)
  region size 1024K, 19 young (19456K), 9 survivors (9216K)
 Metaspace       used 71506K, capacity 73451K, committed 73548K, reserved 1114112K
  class space    used 9008K, capacity 9709K, committed 9804K, reserved 1048576K
Heap Regions: E=young(eden), S=young(survivor), O=old, HS=humongous(starts), HC=humongous(continues), CS=collection set, F=free, A=archive, TAMS=top-at-mark-start (previous, next)
|   0|0x0000000080000000, 0x0000000080100000, 0x0000000080100000|100%| O|  |TAMS 0x0000000080100000, 0x0000000080000000| Untracked 
|   1|0x0000000080100000, 0x0000000080200000, 0x0000000080200000|100%| O|  |TAMS 0x0000000080200000, 0x0000000080100000| Untracked 
|   2|0x0000000080200000, 0x0000000080300000, 0x0000000080300000|100%| O|  |TAMS 0x0000000080300000, 0x0000000080200000| Untracked 
|   3|0x0000000080300000, 0x0000000080400000, 0x0000000080400000|100%|HS|  |TAMS 0x0000000080400000, 0x0000000080300000| Complete 
|   4|0x0000000080400000, 0x0000000080500000, 0x0000000080500000|100%|HC|  |TAMS 0x0000000080500000, 0x0000000080400000| Complete 
|   5|0x0000000080500000, 0x0000000080600000, 0x0000000080600000|100%|HC|  |TAMS 0x0000000080600000, 0x0000000080500000| Complete 
|   6|0x0000000080600000, 0x0000000080700000, 0x0000000080700000|100%| O|  |TAMS 0x0000000080700000, 0x0000000080600000| Untracked 
|   7|0x0000000080700000, 0x0000000080800000, 0x0000000080800000|100%| O|  |TAMS 0x0000000080800000, 0x0000000080700000| Untracked 
|   8|0x0000000080800000, 0x0000000080900000, 0x0000000080900000|100%| O|  |TAMS 0x0000000080900000, 0x0000000080800000| Untracked 
|   9|0x0000000080900000, 0x0000000080a00000, 0x0000000080a00000|100%| O|  |TAMS 0x0000000080a00000, 0x0000000080900000| Untracked 
|  10|0x0000000080a00000, 0x0000000080b00000, 0x0000000080b00000|100%| O|  |TAMS 0x0000000080b00000, 0x0000000080a00000| Untracked 
|  11|0x0000000080b00000, 0x0000000080c00000, 0x0000000080c00000|100%| O|  |TAMS 0x0000000080c00000, 0x0000000080b00000| Untracked 
|  12|0x0000000080c00000, 0x0000000080d00000, 0x0000000080d00000|100%| O|  |TAMS 0x0000000080d00000, 0x0000000080c00000| Untracked 
|  13|0x0000000080d00000, 0x0000000080e00000, 0x0000000080e00000|100%| O|  |TAMS 0x0000000080e00000, 0x0000000080d00000| Untracked 
|  14|0x0000000080e00000, 0x0000000080f00000, 0x0000000080f00000|100%| O|  |TAMS 0x0000000080f00000, 0x0000000080e00000| Untracked 
|  15|0x0000000080f00000, 0x0000000081000000, 0x0000000081000000|100%| O|  |TAMS 0x0000000081000000, 0x0000000080f00000| Untracked 
|  16|0x0000000081000000, 0x0000000081100000, 0x0000000081100000|100%| O|  |TAMS 0x0000000081100000, 0x0000000081000000| Untracked 
|  17|0x0000000081100000, 0x0000000081200000, 0x0000000081200000|100%|HS|  |TAMS 0x0000000081200000, 0x0000000081100000| Complete 
|  18|0x0000000081200000, 0x0000000081300000, 0x0000000081300000|100%|HS|  |TAMS 0x0000000081300000, 0x0000000081200000| Complete 
|  19|0x0000000081300000, 0x0000000081400000, 0x0000000081400000|100%|HS|  |TAMS 0x0000000081400000, 0x0000000081300000| Complete 
|  20|0x0000000081400000, 0x0000000081500000, 0x0000000081500000|100%|HS|  |TAMS 0x0000000081500000, 0x0000000081400000| Complete 
|  21|0x0000000081500000, 0x0000000081600000, 0x0000000081600000|100%|HC|  |TAMS 0x0000000081600000, 0x0000000081500000| Complete 
|  22|0x0000000081600000, 0x0000000081700000, 0x0000000081700000|100%|HC|  |TAMS 0x0000000081700000, 0x0000000081600000| Complete 
|  23|0x0000000081700000, 0x0000000081800000, 0x0000000081800000|100%|HS|  |TAMS 0x0000000081800000, 0x0000000081700000| Complete 
|  24|0x0000000081800000, 0x0000000081900000, 0x0000000081900000|100%|HC|  |TAMS 0x0000000081900000, 0x0000000081800000| Complete 
|  25|0x0000000081900000, 0x0000000081a00000, 0x0000000081a00000|100%| O|  |TAMS 0x0000000081a00000, 0x0000000081900000| Untracked 
|  26|0x0000000081a00000, 0x0000000081b00000, 0x0000000081b00000|100%| O|  |TAMS 0x0000000081b00000, 0x0000000081a00000| Untracked 
|  27|0x0000000081b00000, 0x0000000081c00000, 0x0000000081c00000|100%| O|  |TAMS 0x0000000081c00000, 0x0000000081b00000| Untracked 
|  28|0x0000000081c00000, 0x0000000081d00000, 0x0000000081d00000|100%| O|  |TAMS 0x0000000081d00000, 0x0000000081c00000| Untracked 
|  29|0x0000000081d00000, 0x0000000081e00000, 0x0000000081e00000|100%| O|  |TAMS 0x0000000081e00000, 0x0000000081d00000| Untracked 
|  30|0x0000000081e00000, 0x0000000081f00000, 0x0000000081f00000|100%| O|  |TAMS 0x0000000081f00000, 0x0000000081e00000| Untracked 
|  31|0x0000000081f00000, 0x0000000082000000, 0x0000000082000000|100%| O|  |TAMS 0x0000000082000000, 0x0000000081f00000| Untracked 
|  32|0x0000000082000000, 0x0000000082100000, 0x0000000082100000|100%| O|  |TAMS 0x0000000082100000, 0x0000000082000000| Untracked 
|  33|0x0000000082100000, 0x0000000082200000, 0x0000000082200000|100%| O|  |TAMS 0x0000000082200000, 0x0000000082100000| Untracked 
|  34|0x0000000082200000, 0x0000000082300000, 0x0000000082300000|100%| O|  |TAMS 0x0000000082300000, 0x0000000082200000| Untracked 
|  35|0x0000000082300000, 0x0000000082400000, 0x0000000082400000|100%| O|  |TAMS 0x0000000082400000, 0x0000000082300000| Untracked 
|  36|0x0000000082400000, 0x0000000082500000, 0x0000000082500000|100%| O|  |TAMS 0x0000000082500000, 0x0000000082400000| Untracked 
|  37|0x0000000082500000, 0x0000000082600000, 0x0000000082600000|100%| O|  |TAMS 0x0000000082600000, 0x0000000082500000| Untracked 
|  38|0x0000000082600000, 0x0000000082700000, 0x0000000082700000|100%| O|  |TAMS 0x0000000082700000, 0x0000000082600000| Untracked 
|  39|0x0000000082700000, 0x0000000082800000, 0x0000000082800000|100%| O|  |TAMS 0x0000000082800000, 0x0000000082700000| Untracked 
|  40|0x0000000082800000, 0x0000000082900000, 0x0000000082900000|100%| O|  |TAMS 0x0000000082900000, 0x0000000082800000| Untracked 
|  41|0x0000000082900000, 0x0000000082a00000, 0x0000000082a00000|100%| O|  |TAMS 0x0000000082a00000, 0x0000000082900000| Untracked 
|  42|0x0000000082a00000, 0x0000000082b00000, 0x0000000082b00000|100%| O|  |TAMS 0x0000000082b00000, 0x0000000082a00000| Untracked 
|  43|0x0000000082b00000, 0x0000000082c00000, 0x0000000082c00000|100%| O|  |TAMS 0x0000000082c00000, 0x0000000082b00000| Untracked 
|  44|0x0000000082c00000, 0x0000000082d00000, 0x0000000082d00000|100%| O|  |TAMS 0x0000000082d00000, 0x0000000082c00000| Untracked 
|  45|0x0000000082d00000, 0x0000000082e00000, 0x0000000082e00000|100%| O|  |TAMS 0x0000000082e00000, 0x0000000082d00000| Untracked 
|  46|0x0000000082e00000, 0x0000000082f00000, 0x0000000082f00000|100%| O|  |TAMS 0x0000000082f00000, 0x0000000082e00000| Untracked 
|  47|0x0000000082f00000, 0x0000000083000000, 0x0000000083000000|100%| O|  |TAMS 0x0000000083000000, 0x0000000082f00000| Untracked 
|  48|0x0000000083000000, 0x0000000083100000, 0x0000000083100000|100%| O|  |TAMS 0x0000000083100000, 0x0000000083000000| Untracked 
|  49|0x0000000083100000, 0x0000000083200000, 0x0000000083200000|100%| O|  |TAMS 0x0000000083200000, 0x0000000083100000| Untracked 
|  50|0x0000000083200000, 0x0000000083300000, 0x0000000083300000|100%| O|  |TAMS 0x0000000083300000, 0x0000000083200000| Untracked 
|  51|0x0000000083300000, 0x0000000083400000, 0x0000000083400000|100%| O|  |TAMS 0x0000000083400000, 0x0000000083300000| Untracked 
|  52|0x0000000083400000, 0x0000000083500000, 0x0000000083500000|100%| O|  |TAMS 0x0000000083400000, 0x0000000083400000| Untracked 
|  53|0x0000000083500000, 0x0000000083600000, 0x0000000083600000|100%| O|  |TAMS 0x0000000083500000, 0x0000000083500000| Untracked 
|  54|0x0000000083600000, 0x0000000083700000, 0x0000000083700000|100%| O|  |TAMS 0x0000000083600000, 0x0000000083600000| Untracked 
|  55|0x0000000083700000, 0x0000000083800000, 0x0000000083800000|100%| O|  |TAMS 0x0000000083700000, 0x0000000083700000| Untracked 
|  56|0x0000000083800000, 0x0000000083900000, 0x0000000083900000|100%| O|  |TAMS 0x0000000083800000, 0x0000000083800000| Untracked 
|  57|0x0000000083900000, 0x0000000083a00000, 0x0000000083a00000|100%| O|  |TAMS 0x0000000083900000, 0x0000000083900000| Untracked 
|  58|0x0000000083a00000, 0x0000000083b00000, 0x0000000083b00000|100%| O|  |TAMS 0x0000000083a00000, 0x0000000083a00000| Untracked 
|  59|0x0000000083b00000, 0x0000000083c00000, 0x0000000083c00000|100%| O|  |TAMS 0x0000000083b00000, 0x0000000083b00000| Untracked 
|  60|0x0000000083c00000, 0x0000000083cb1200, 0x0000000083d00000| 69%| O|  |TAMS 0x0000000083c00000, 0x0000000083c00000| Untracked 
|  61|0x0000000083d00000, 0x0000000083d00000, 0x0000000083e00000|  0%| F|  |TAMS 0x0000000083d00000, 0x0000000083d00000| Untracked 
|  62|0x0000000083e00000, 0x0000000083e00000, 0x0000000083f00000|  0%| F|  |TAMS 0x0000000083e00000, 0x0000000083e00000| Untracked 
|  63|0x0000000083f00000, 0x0000000083f00000, 0x0000000084000000|  0%| F|  |TAMS 0x0000000083f00000, 0x0000000083f00000| Untracked 
|  64|0x0000000084000000, 0x0000000084000000, 0x0000000084100000|  0%| F|  |TAMS 0x0000000084000000, 0x0000000084000000| Untracked 
|  65|0x0000000084100000, 0x0000000084100000, 0x0000000084200000|  0%| F|  |TAMS 0x0000000084100000, 0x0000000084100000| Untracked 
|  66|0x0000000084200000, 0x0000000084200000, 0x0000000084300000|  0%| F|  |TAMS 0x0000000084200000, 0x0000000084200000| Untracked 
|  67|0x0000000084300000, 0x0000000084300000, 0x0000000084400000|  0%| F|  |TAMS 0x0000000084300000, 0x0000000084300000| Untracked 
|  68|0x0000000084400000, 0x0000000084400000, 0x0000000084500000|  0%| F|  |TAMS 0x0000000084400000, 0x0000000084400000| Untracked 
|  69|0x0000000084500000, 0x0000000084500000, 0x0000000084600000|  0%| F|  |TAMS 0x0000000084500000, 0x0000000084500000| Untracked 
|  70|0x0000000084600000, 0x0000000084600000, 0x0000000084700000|  0%| F|  |TAMS 0x0000000084600000, 0x0000000084600000| Untracked 
|  71|0x0000000084700000, 0x0000000084700000, 0x0000000084800000|  0%| F|  |TAMS 0x0000000084700000, 0x0000000084700000| Untracked 
|  72|0x0000000084800000, 0x0000000084800000, 0x0000000084900000|  0%| F|  |TAMS 0x0000000084800000, 0x0000000084800000| Untracked 
|  73|0x0000000084900000, 0x0000000084900000, 0x0000000084a00000|  0%| F|  |TAMS 0x0000000084900000, 0x0000000084900000| Untracked 
|  74|0x0000000084a00000, 0x0000000084a00000, 0x0000000084b00000|  0%| F|  |TAMS 0x0000000084a00000, 0x0000000084a00000| Untracked 
|  75|0x0000000084b00000, 0x0000000084b00000, 0x0000000084c00000|  0%| F|  |TAMS 0x0000000084b00000, 0x0000000084b00000| Untracked 
|  76|0x0000000084c00000, 0x0000000084c00000, 0x0000000084d00000|  0%| F|  |TAMS 0x0000000084c00000, 0x0000000084c00000| Untracked 
|  77|0x0000000084d00000, 0x0000000084d00000, 0x0000000084e00000|  0%| F|  |TAMS 0x0000000084d00000, 0x0000000084d00000| Untracked 
|  78|0x0000000084e00000, 0x0000000084e00000, 0x0000000084f00000|  0%| F|  |TAMS 0x0000000084e00000, 0x0000000084e00000| Untracked 
|  79|0x0000000084f00000, 0x0000000084f00000, 0x0000000085000000|  0%| F|  |TAMS 0x0000000084f00000, 0x0000000084f00000| Untracked 
|  80|0x0000000085000000, 0x0000000085000000, 0x0000000085100000|  0%| F|  |TAMS 0x0000000085000000, 0x0000000085000000| Untracked 
|  81|0x0000000085100000, 0x0000000085100000, 0x0000000085200000|  0%| F|  |TAMS 0x0000000085100000, 0x0000000085100000| Untracked 
|  82|0x0000000085200000, 0x0000000085200000, 0x0000000085300000|  0%| F|  |TAMS 0x0000000085200000, 0x0000000085200000| Untracked 
|  83|0x0000000085300000, 0x0000000085300000, 0x0000000085400000|  0%| F|  |TAMS 0x0000000085300000, 0x0000000085300000| Untracked 
|  84|0x0000000085400000, 0x0000000085400000, 0x0000000085500000|  0%| F|  |TAMS 0x0000000085400000, 0x0000000085400000| Untracked 
|  85|0x0000000085500000, 0x0000000085500000, 0x0000000085600000|  0%| F|  |TAMS 0x0000000085500000, 0x0000000085500000| Untracked 
|  86|0x0000000085600000, 0x0000000085600000, 0x0000000085700000|  0%| F|  |TAMS 0x0000000085600000, 0x0000000085600000| Untracked 
|  87|0x0000000085700000, 0x0000000085700000, 0x0000000085800000|  0%| F|  |TAMS 0x0000000085700000, 0x0000000085700000| Untracked 
|  88|0x0000000085800000, 0x0000000085800000, 0x0000000085900000|  0%| F|  |TAMS 0x0000000085800000, 0x0000000085800000| Untracked 
|  89|0x0000000085900000, 0x0000000085900000, 0x0000000085a00000|  0%| F|  |TAMS 0x0000000085900000, 0x0000000085900000| Untracked 
|  90|0x0000000085a00000, 0x0000000085a00000, 0x0000000085b00000|  0%| F|  |TAMS 0x0000000085a00000, 0x0000000085a00000| Untracked 
|  91|0x0000000085b00000, 0x0000000085b00000, 0x0000000085c00000|  0%| F|  |TAMS 0x0000000085b00000, 0x0000000085b00000| Untracked 
|  92|0x0000000085c00000, 0x0000000085c00000, 0x0000000085d00000|  0%| F|  |TAMS 0x0000000085c00000, 0x0000000085c00000| Untracked 
|  93|0x0000000085d00000, 0x0000000085d00000, 0x0000000085e00000|  0%| F|  |TAMS 0x0000000085d00000, 0x0000000085d00000| Untracked 
|  94|0x0000000085e00000, 0x0000000085e00000, 0x0000000085f00000|  0%| F|  |TAMS 0x0000000085e00000, 0x0000000085e00000| Untracked 
|  95|0x0000000085f00000, 0x0000000085f00000, 0x0000000086000000|  0%| F|  |TAMS 0x0000000085f00000, 0x0000000085f00000| Untracked 
|  96|0x0000000086000000, 0x0000000086000000, 0x0000000086100000|  0%| F|  |TAMS 0x0000000086000000, 0x0000000086000000| Untracked 
|  97|0x0000000086100000, 0x0000000086100000, 0x0000000086200000|  0%| F|  |TAMS 0x0000000086100000, 0x0000000086100000| Untracked 
|  98|0x0000000086200000, 0x0000000086200000, 0x0000000086300000|  0%| F|  |TAMS 0x0000000086200000, 0x0000000086200000| Untracked 
|  99|0x0000000086300000, 0x0000000086300000, 0x0000000086400000|  0%| F|  |TAMS 0x0000000086300000, 0x0000000086300000| Untracked 
| 100|0x0000000086400000, 0x0000000086400000, 0x0000000086500000|  0%| F|  |TAMS 0x0000000086400000, 0x0000000086400000| Untracked 
| 101|0x0000000086500000, 0x0000000086500000, 0x0000000086600000|  0%| F|  |TAMS 0x0000000086500000, 0x0000000086500000| Untracked 
| 102|0x0000000086600000, 0x0000000086600000, 0x0000000086700000|  0%| F|  |TAMS 0x0000000086600000, 0x0000000086600000| Untracked 
| 103|0x0000000086700000, 0x0000000086700000, 0x0000000086800000|  0%| F|  |TAMS 0x0000000086700000, 0x0000000086700000| Untracked 
| 104|0x0000000086800000, 0x0000000086800000, 0x0000000086900000|  0%| F|  |TAMS 0x0000000086800000, 0x0000000086800000| Untracked 
| 105|0x0000000086900000, 0x0000000086900000, 0x0000000086a00000|  0%| F|  |TAMS 0x0000000086900000, 0x0000000086900000| Untracked 
| 106|0x0000000086a00000, 0x0000000086a00000, 0x0000000086b00000|  0%| F|  |TAMS 0x0000000086a00000, 0x0000000086a00000| Untracked 
| 107|0x0000000086b00000, 0x0000000086b00000, 0x0000000086c00000|  0%| F|  |TAMS 0x0000000086b00000, 0x0000000086b00000| Untracked 
| 108|0x0000000086c00000, 0x0000000086c00000, 0x0000000086d00000|  0%| F|  |TAMS 0x0000000086c00000, 0x0000000086c00000| Untracked 
| 109|0x0000000086d00000, 0x0000000086d00000, 0x0000000086e00000|  0%| F|  |TAMS 0x0000000086d00000, 0x0000000086d00000| Untracked 
| 110|0x0000000086e00000, 0x0000000086e00000, 0x0000000086f00000|  0%| F|  |TAMS 0x0000000086e00000, 0x0000000086e00000| Untracked 
| 111|0x0000000086f00000, 0x0000000086f00000, 0x0000000087000000|  0%| F|  |TAMS 0x0000000086f00000, 0x0000000086f00000| Untracked 
| 112|0x0000000087000000, 0x0000000087000000, 0x0000000087100000|  0%| F|  |TAMS 0x0000000087000000, 0x0000000087000000| Untracked 
| 113|0x0000000087100000, 0x0000000087100000, 0x0000000087200000|  0%| F|  |TAMS 0x0000000087100000, 0x0000000087100000| Untracked 
| 114|0x0000000087200000, 0x0000000087200000, 0x0000000087300000|  0%| F|  |TAMS 0x0000000087200000, 0x0000000087200000| Untracked 
| 115|0x0000000087300000, 0x0000000087300000, 0x0000000087400000|  0%| F|  |TAMS 0x0000000087300000, 0x0000000087300000| Untracked 
| 116|0x0000000087400000, 0x0000000087400000, 0x0000000087500000|  0%| F|  |TAMS 0x0000000087400000, 0x0000000087400000| Untracked 
| 117|0x0000000087500000, 0x0000000087500000, 0x0000000087600000|  0%| F|  |TAMS 0x0000000087500000, 0x0000000087500000| Untracked 
| 118|0x0000000087600000, 0x0000000087600000, 0x0000000087700000|  0%| F|  |TAMS 0x0000000087600000, 0x0000000087600000| Untracked 
| 119|0x0000000087700000, 0x0000000087700000, 0x0000000087800000|  0%| F|  |TAMS 0x0000000087700000, 0x0000000087700000| Untracked 
| 120|0x0000000087800000, 0x0000000087800000, 0x0000000087900000|  0%| F|  |TAMS 0x0000000087800000, 0x0000000087800000| Untracked 
| 121|0x0000000087900000, 0x0000000087900000, 0x0000000087a00000|  0%| F|  |TAMS 0x0000000087900000, 0x0000000087900000| Untracked 
| 122|0x0000000087a00000, 0x0000000087a00000, 0x0000000087b00000|  0%| F|  |TAMS 0x0000000087a00000, 0x0000000087a00000| Untracked 
| 123|0x0000000087b00000, 0x0000000087b00000, 0x0000000087c00000|  0%| F|  |TAMS 0x0000000087b00000, 0x0000000087b00000| Untracked 
| 124|0x0000000087c00000, 0x0000000087c00000, 0x0000000087d00000|  0%| F|  |TAMS 0x0000000087c00000, 0x0000000087c00000| Untracked 
| 125|0x0000000087d00000, 0x0000000087d00000, 0x0000000087e00000|  0%| F|  |TAMS 0x0000000087d00000, 0x0000000087d00000| Untracked 
| 126|0x0000000087e00000, 0x0000000087e00000, 0x0000000087f00000|  0%| F|  |TAMS 0x0000000087e00000, 0x0000000087e00000| Untracked 
| 127|0x0000000087f00000, 0x0000000087f00000, 0x0000000088000000|  0%| F|  |TAMS 0x0000000087f00000, 0x0000000087f00000| Untracked 
| 128|0x0000000088000000, 0x0000000088000000, 0x0000000088100000|  0%| F|  |TAMS 0x0000000088000000, 0x0000000088000000| Untracked 
| 129|0x0000000088100000, 0x0000000088100000, 0x0000000088200000|  0%| F|  |TAMS 0x0000000088100000, 0x0000000088100000| Untracked 
| 130|0x0000000088200000, 0x0000000088200000, 0x0000000088300000|  0%| F|  |TAMS 0x0000000088200000, 0x0000000088200000| Untracked 
| 131|0x0000000088300000, 0x0000000088300000, 0x0000000088400000|  0%| F|  |TAMS 0x0000000088300000, 0x0000000088300000| Untracked 
| 132|0x0000000088400000, 0x0000000088400000, 0x0000000088500000|  0%| F|  |TAMS 0x0000000088400000, 0x0000000088400000| Untracked 
| 133|0x0000000088500000, 0x0000000088500000, 0x0000000088600000|  0%| F|  |TAMS 0x0000000088500000, 0x0000000088500000| Untracked 
| 134|0x0000000088600000, 0x0000000088600000, 0x0000000088700000|  0%| F|  |TAMS 0x0000000088600000, 0x0000000088600000| Untracked 
| 135|0x0000000088700000, 0x0000000088700000, 0x0000000088800000|  0%| F|  |TAMS 0x0000000088700000, 0x0000000088700000| Untracked 
| 136|0x0000000088800000, 0x0000000088800000, 0x0000000088900000|  0%| F|  |TAMS 0x0000000088800000, 0x0000000088800000| Untracked 
| 137|0x0000000088900000, 0x0000000088900000, 0x0000000088a00000|  0%| F|  |TAMS 0x0000000088900000, 0x0000000088900000| Untracked 
| 138|0x0000000088a00000, 0x0000000088a00000, 0x0000000088b00000|  0%| F|  |TAMS 0x0000000088a00000, 0x0000000088a00000| Untracked 
| 139|0x0000000088b00000, 0x0000000088b00000, 0x0000000088c00000|  0%| F|  |TAMS 0x0000000088b00000, 0x0000000088b00000| Untracked 
| 140|0x0000000088c00000, 0x0000000088c00000, 0x0000000088d00000|  0%| F|  |TAMS 0x0000000088c00000, 0x0000000088c00000| Untracked 
| 141|0x0000000088d00000, 0x0000000088d00000, 0x0000000088e00000|  0%| F|  |TAMS 0x0000000088d00000, 0x0000000088d00000| Untracked 
| 142|0x0000000088e00000, 0x0000000088f00000, 0x0000000088f00000|100%| S|CS|TAMS 0x0000000088e00000, 0x0000000088e00000| Complete 
| 143|0x0000000088f00000, 0x0000000089000000, 0x0000000089000000|100%| S|CS|TAMS 0x0000000088f00000, 0x0000000088f00000| Complete 
| 144|0x0000000089000000, 0x0000000089100000, 0x0000000089100000|100%| S|CS|TAMS 0x0000000089000000, 0x0000000089000000| Complete 
| 145|0x0000000089100000, 0x0000000089200000, 0x0000000089200000|100%| S|CS|TAMS 0x0000000089100000, 0x0000000089100000| Complete 
| 146|0x0000000089200000, 0x0000000089300000, 0x0000000089300000|100%| S|CS|TAMS 0x0000000089200000, 0x0000000089200000| Complete 
| 147|0x0000000089300000, 0x0000000089400000, 0x0000000089400000|100%| S|CS|TAMS 0x0000000089300000, 0x0000000089300000| Complete 
| 148|0x0000000089400000, 0x0000000089500000, 0x0000000089500000|100%| S|CS|TAMS 0x0000000089400000, 0x0000000089400000| Complete 
| 149|0x0000000089500000, 0x0000000089600000, 0x0000000089600000|100%| S|CS|TAMS 0x0000000089500000, 0x0000000089500000| Complete 
| 150|0x0000000089600000, 0x0000000089700000, 0x0000000089700000|100%| S|CS|TAMS 0x0000000089600000, 0x0000000089600000| Complete 
| 151|0x0000000089700000, 0x0000000089700000, 0x0000000089800000|  0%| F|  |TAMS 0x0000000089700000, 0x0000000089700000| Untracked 
| 152|0x0000000089800000, 0x0000000089800000, 0x0000000089900000|  0%| F|  |TAMS 0x0000000089800000, 0x0000000089800000| Untracked 
| 153|0x0000000089900000, 0x0000000089900000, 0x0000000089a00000|  0%| F|  |TAMS 0x0000000089900000, 0x0000000089900000| Untracked 
| 154|0x0000000089a00000, 0x0000000089a00000, 0x0000000089b00000|  0%| F|  |TAMS 0x0000000089a00000, 0x0000000089a00000| Untracked 
| 155|0x0000000089b00000, 0x0000000089b00000, 0x0000000089c00000|  0%| F|  |TAMS 0x0000000089b00000, 0x0000000089b00000| Untracked 
| 156|0x0000000089c00000, 0x0000000089c00000, 0x0000000089d00000|  0%| F|  |TAMS 0x0000000089c00000, 0x0000000089c00000| Untracked 
| 157|0x0000000089d00000, 0x0000000089d00000, 0x0000000089e00000|  0%| F|  |TAMS 0x0000000089d00000, 0x0000000089d00000| Untracked 
| 158|0x0000000089e00000, 0x0000000089e00000, 0x0000000089f00000|  0%| F|  |TAMS 0x0000000089e00000, 0x0000000089e00000| Untracked 
| 159|0x0000000089f00000, 0x0000000089f00000, 0x000000008a000000|  0%| F|  |TAMS 0x0000000089f00000, 0x0000000089f00000| Untracked 
| 160|0x000000008a000000, 0x000000008a000000, 0x000000008a100000|  0%| F|  |TAMS 0x000000008a000000, 0x000000008a000000| Untracked 
| 161|0x000000008a100000, 0x000000008a100000, 0x000000008a200000|  0%| F|  |TAMS 0x000000008a100000, 0x000000008a100000| Untracked 
| 162|0x000000008a200000, 0x000000008a200000, 0x000000008a300000|  0%| F|  |TAMS 0x000000008a200000, 0x000000008a200000| Untracked 
| 163|0x000000008a300000, 0x000000008a300000, 0x000000008a400000|  0%| F|  |TAMS 0x000000008a300000, 0x000000008a300000| Untracked 
| 164|0x000000008a400000, 0x000000008a400000, 0x000000008a500000|  0%| F|  |TAMS 0x000000008a400000, 0x000000008a400000| Untracked 
| 165|0x000000008a500000, 0x000000008a500000, 0x000000008a600000|  0%| F|  |TAMS 0x000000008a500000, 0x000000008a500000| Untracked 
| 166|0x000000008a600000, 0x000000008a600000, 0x000000008a700000|  0%| F|  |TAMS 0x000000008a600000, 0x000000008a600000| Untracked 
| 167|0x000000008a700000, 0x000000008a700000, 0x000000008a800000|  0%| F|  |TAMS 0x000000008a700000, 0x000000008a700000| Untracked 
| 168|0x000000008a800000, 0x000000008a800000, 0x000000008a900000|  0%| F|  |TAMS 0x000000008a800000, 0x000000008a800000| Untracked 
| 169|0x000000008a900000, 0x000000008a900000, 0x000000008aa00000|  0%| F|  |TAMS 0x000000008a900000, 0x000000008a900000| Untracked 
| 170|0x000000008aa00000, 0x000000008aa00000, 0x000000008ab00000|  0%| F|  |TAMS 0x000000008aa00000, 0x000000008aa00000| Untracked 
| 171|0x000000008ab00000, 0x000000008ab00000, 0x000000008ac00000|  0%| F|  |TAMS 0x000000008ab00000, 0x000000008ab00000| Untracked 
| 172|0x000000008ac00000, 0x000000008ac00000, 0x000000008ad00000|  0%| F|  |TAMS 0x000000008ac00000, 0x000000008ac00000| Untracked 
| 173|0x000000008ad00000, 0x000000008ad00000, 0x000000008ae00000|  0%| F|  |TAMS 0x000000008ad00000, 0x000000008ad00000| Untracked 
| 174|0x000000008ae00000, 0x000000008ae00000, 0x000000008af00000|  0%| F|  |TAMS 0x000000008ae00000, 0x000000008ae00000| Untracked 
| 175|0x000000008af00000, 0x000000008af00000, 0x000000008b000000|  0%| F|  |TAMS 0x000000008af00000, 0x000000008af00000| Untracked 
| 176|0x000000008b000000, 0x000000008b000000, 0x000000008b100000|  0%| F|  |TAMS 0x000000008b000000, 0x000000008b000000| Untracked 
| 177|0x000000008b100000, 0x000000008b100000, 0x000000008b200000|  0%| F|  |TAMS 0x000000008b100000, 0x000000008b100000| Untracked 
| 178|0x000000008b200000, 0x000000008b200000, 0x000000008b300000|  0%| F|  |TAMS 0x000000008b200000, 0x000000008b200000| Untracked 
| 179|0x000000008b300000, 0x000000008b300000, 0x000000008b400000|  0%| F|  |TAMS 0x000000008b300000, 0x000000008b300000| Untracked 
| 180|0x000000008b400000, 0x000000008b400000, 0x000000008b500000|  0%| F|  |TAMS 0x000000008b400000, 0x000000008b400000| Untracked 
| 181|0x000000008b500000, 0x000000008b500000, 0x000000008b600000|  0%| F|  |TAMS 0x000000008b500000, 0x000000008b500000| Untracked 
| 182|0x000000008b600000, 0x000000008b600000, 0x000000008b700000|  0%| F|  |TAMS 0x000000008b600000, 0x000000008b600000| Untracked 
| 183|0x000000008b700000, 0x000000008b700000, 0x000000008b800000|  0%| F|  |TAMS 0x000000008b700000, 0x000000008b700000| Untracked 
| 184|0x000000008b800000, 0x000000008b800000, 0x000000008b900000|  0%| F|  |TAMS 0x000000008b800000, 0x000000008b800000| Untracked 
| 185|0x000000008b900000, 0x000000008b900000, 0x000000008ba00000|  0%| F|  |TAMS 0x000000008b900000, 0x000000008b900000| Untracked 
| 186|0x000000008ba00000, 0x000000008ba00000, 0x000000008bb00000|  0%| F|  |TAMS 0x000000008ba00000, 0x000000008ba00000| Untracked 
| 187|0x000000008bb00000, 0x000000008bb00000, 0x000000008bc00000|  0%| F|  |TAMS 0x000000008bb00000, 0x000000008bb00000| Untracked 
| 188|0x000000008bc00000, 0x000000008bc00000, 0x000000008bd00000|  0%| F|  |TAMS 0x000000008bc00000, 0x000000008bc00000| Untracked 
| 189|0x000000008bd00000, 0x000000008bd00000, 0x000000008be00000|  0%| F|  |TAMS 0x000000008bd00000, 0x000000008bd00000| Untracked 
| 190|0x000000008be00000, 0x000000008be00000, 0x000000008bf00000|  0%| F|  |TAMS 0x000000008be00000, 0x000000008be00000| Untracked 
| 191|0x000000008bf00000, 0x000000008bf00000, 0x000000008c000000|  0%| F|  |TAMS 0x000000008bf00000, 0x000000008bf00000| Untracked 
| 192|0x000000008c000000, 0x000000008c000000, 0x000000008c100000|  0%| F|  |TAMS 0x000000008c000000, 0x000000008c000000| Untracked 
| 193|0x000000008c100000, 0x000000008c100000, 0x000000008c200000|  0%| F|  |TAMS 0x000000008c100000, 0x000000008c100000| Untracked 
| 194|0x000000008c200000, 0x000000008c200000, 0x000000008c300000|  0%| F|  |TAMS 0x000000008c200000, 0x000000008c200000| Untracked 
| 195|0x000000008c300000, 0x000000008c300000, 0x000000008c400000|  0%| F|  |TAMS 0x000000008c300000, 0x000000008c300000| Untracked 
| 196|0x000000008c400000, 0x000000008c400000, 0x000000008c500000|  0%| F|  |TAMS 0x000000008c400000, 0x000000008c400000| Untracked 
| 197|0x000000008c500000, 0x000000008c500000, 0x000000008c600000|  0%| F|  |TAMS 0x000000008c500000, 0x000000008c500000| Untracked 
| 198|0x000000008c600000, 0x000000008c600000, 0x000000008c700000|  0%| F|  |TAMS 0x000000008c600000, 0x000000008c600000| Untracked 
| 199|0x000000008c700000, 0x000000008c700000, 0x000000008c800000|  0%| F|  |TAMS 0x000000008c700000, 0x000000008c700000| Untracked 
| 200|0x000000008c800000, 0x000000008c800000, 0x000000008c900000|  0%| F|  |TAMS 0x000000008c800000, 0x000000008c800000| Untracked 
| 201|0x000000008c900000, 0x000000008c900000, 0x000000008ca00000|  0%| F|  |TAMS 0x000000008c900000, 0x000000008c900000| Untracked 
| 202|0x000000008ca00000, 0x000000008ca00000, 0x000000008cb00000|  0%| F|  |TAMS 0x000000008ca00000, 0x000000008ca00000| Untracked 
| 203|0x000000008cb00000, 0x000000008cb00000, 0x000000008cc00000|  0%| F|  |TAMS 0x000000008cb00000, 0x000000008cb00000| Untracked 
| 204|0x000000008cc00000, 0x000000008cc00000, 0x000000008cd00000|  0%| F|  |TAMS 0x000000008cc00000, 0x000000008cc00000| Untracked 
| 205|0x000000008cd00000, 0x000000008cd00000, 0x000000008ce00000|  0%| F|  |TAMS 0x000000008cd00000, 0x000000008cd00000| Untracked 
| 206|0x000000008ce00000, 0x000000008ce00000, 0x000000008cf00000|  0%| F|  |TAMS 0x000000008ce00000, 0x000000008ce00000| Untracked 
| 207|0x000000008cf00000, 0x000000008cf00000, 0x000000008d000000|  0%| F|  |TAMS 0x000000008cf00000, 0x000000008cf00000| Untracked 
| 208|0x000000008d000000, 0x000000008d000000, 0x000000008d100000|  0%| F|  |TAMS 0x000000008d000000, 0x000000008d000000| Untracked 
| 209|0x000000008d100000, 0x000000008d100000, 0x000000008d200000|  0%| F|  |TAMS 0x000000008d100000, 0x000000008d100000| Untracked 
| 210|0x000000008d200000, 0x000000008d200000, 0x000000008d300000|  0%| F|  |TAMS 0x000000008d200000, 0x000000008d200000| Untracked 
| 211|0x000000008d300000, 0x000000008d300000, 0x000000008d400000|  0%| F|  |TAMS 0x000000008d300000, 0x000000008d300000| Untracked 
| 212|0x000000008d400000, 0x000000008d400000, 0x000000008d500000|  0%| F|  |TAMS 0x000000008d400000, 0x000000008d400000| Untracked 
| 213|0x000000008d500000, 0x000000008d500000, 0x000000008d600000|  0%| F|  |TAMS 0x000000008d500000, 0x000000008d500000| Untracked 
| 214|0x000000008d600000, 0x000000008d600000, 0x000000008d700000|  0%| F|  |TAMS 0x000000008d600000, 0x000000008d600000| Untracked 
| 215|0x000000008d700000, 0x000000008d700000, 0x000000008d800000|  0%| F|  |TAMS 0x000000008d700000, 0x000000008d700000| Untracked 
| 216|0x000000008d800000, 0x000000008d800000, 0x000000008d900000|  0%| F|  |TAMS 0x000000008d800000, 0x000000008d800000| Untracked 
| 217|0x000000008d900000, 0x000000008d900000, 0x000000008da00000|  0%| F|  |TAMS 0x000000008d900000, 0x000000008d900000| Untracked 
| 218|0x000000008da00000, 0x000000008da00000, 0x000000008db00000|  0%| F|  |TAMS 0x000000008da00000, 0x000000008da00000| Untracked 
| 219|0x000000008db00000, 0x000000008db00000, 0x000000008dc00000|  0%| F|  |TAMS 0x000000008db00000, 0x000000008db00000| Untracked 
| 220|0x000000008dc00000, 0x000000008dc00000, 0x000000008dd00000|  0%| F|  |TAMS 0x000000008dc00000, 0x000000008dc00000| Untracked 
| 221|0x000000008dd00000, 0x000000008dd00000, 0x000000008de00000|  0%| F|  |TAMS 0x000000008dd00000, 0x000000008dd00000| Untracked 
| 222|0x000000008de00000, 0x000000008de00000, 0x000000008df00000|  0%| F|  |TAMS 0x000000008de00000, 0x000000008de00000| Untracked 
| 223|0x000000008df00000, 0x000000008df00000, 0x000000008e000000|  0%| F|  |TAMS 0x000000008df00000, 0x000000008df00000| Untracked 
| 224|0x000000008e000000, 0x000000008e000000, 0x000000008e100000|  0%| F|  |TAMS 0x000000008e000000, 0x000000008e000000| Untracked 
| 225|0x000000008e100000, 0x000000008e100000, 0x000000008e200000|  0%| F|  |TAMS 0x000000008e100000, 0x000000008e100000| Untracked 
| 226|0x000000008e200000, 0x000000008e200000, 0x000000008e300000|  0%| F|  |TAMS 0x000000008e200000, 0x000000008e200000| Untracked 
| 227|0x000000008e300000, 0x000000008e300000, 0x000000008e400000|  0%| F|  |TAMS 0x000000008e300000, 0x000000008e300000| Untracked 
| 228|0x000000008e400000, 0x000000008e400000, 0x000000008e500000|  0%| F|  |TAMS 0x000000008e400000, 0x000000008e400000| Untracked 
| 229|0x000000008e500000, 0x000000008e500000, 0x000000008e600000|  0%| F|  |TAMS 0x000000008e500000, 0x000000008e500000| Untracked 
| 230|0x000000008e600000, 0x000000008e600000, 0x000000008e700000|  0%| F|  |TAMS 0x000000008e600000, 0x000000008e600000| Untracked 
| 231|0x000000008e700000, 0x000000008e700000, 0x000000008e800000|  0%| F|  |TAMS 0x000000008e700000, 0x000000008e700000| Untracked 
| 232|0x000000008e800000, 0x000000008e800000, 0x000000008e900000|  0%| F|  |TAMS 0x000000008e800000, 0x000000008e800000| Untracked 
| 233|0x000000008e900000, 0x000000008e900000, 0x000000008ea00000|  0%| F|  |TAMS 0x000000008e900000, 0x000000008e900000| Untracked 
| 234|0x000000008ea00000, 0x000000008ea00000, 0x000000008eb00000|  0%| F|  |TAMS 0x000000008ea00000, 0x000000008ea00000| Untracked 
| 235|0x000000008eb00000, 0x000000008eb00000, 0x000000008ec00000|  0%| F|  |TAMS 0x000000008eb00000, 0x000000008eb00000| Untracked 
| 236|0x000000008ec00000, 0x000000008ec00000, 0x000000008ed00000|  0%| F|  |TAMS 0x000000008ec00000, 0x000000008ec00000| Untracked 
| 237|0x000000008ed00000, 0x000000008ed00000, 0x000000008ee00000|  0%| F|  |TAMS 0x000000008ed00000, 0x000000008ed00000| Untracked 
| 238|0x000000008ee00000, 0x000000008ee00000, 0x000000008ef00000|  0%| F|  |TAMS 0x000000008ee00000, 0x000000008ee00000| Untracked 
| 239|0x000000008ef00000, 0x000000008ef00000, 0x000000008f000000|  0%| F|  |TAMS 0x000000008ef00000, 0x000000008ef00000| Untracked 
| 240|0x000000008f000000, 0x000000008f000000, 0x000000008f100000|  0%| F|  |TAMS 0x000000008f000000, 0x000000008f000000| Untracked 
| 241|0x000000008f100000, 0x000000008f100000, 0x000000008f200000|  0%| F|  |TAMS 0x000000008f100000, 0x000000008f100000| Untracked 
| 242|0x000000008f200000, 0x000000008f200000, 0x000000008f300000|  0%| F|  |TAMS 0x000000008f200000, 0x000000008f200000| Untracked 
| 243|0x000000008f300000, 0x000000008f300000, 0x000000008f400000|  0%| F|  |TAMS 0x000000008f300000, 0x000000008f300000| Untracked 
| 244|0x000000008f400000, 0x000000008f400000, 0x000000008f500000|  0%| F|  |TAMS 0x000000008f400000, 0x000000008f400000| Untracked 
| 245|0x000000008f500000, 0x000000008f500000, 0x000000008f600000|  0%| F|  |TAMS 0x000000008f500000, 0x000000008f500000| Untracked 
| 246|0x000000008f600000, 0x000000008f680800, 0x000000008f700000| 50%| E|  |TAMS 0x000000008f600000, 0x000000008f600000| Complete 
| 247|0x000000008f700000, 0x000000008f800000, 0x000000008f800000|100%| E|CS|TAMS 0x000000008f700000, 0x000000008f700000| Complete 
| 248|0x000000008f800000, 0x000000008f900000, 0x000000008f900000|100%| E|CS|TAMS 0x000000008f800000, 0x000000008f800000| Complete 
| 249|0x000000008f900000, 0x000000008fa00000, 0x000000008fa00000|100%| E|CS|TAMS 0x000000008f900000, 0x000000008f900000| Complete 
| 250|0x000000008fa00000, 0x000000008fb00000, 0x000000008fb00000|100%| E|CS|TAMS 0x000000008fa00000, 0x000000008fa00000| Complete 
| 251|0x000000008fb00000, 0x000000008fc00000, 0x000000008fc00000|100%| E|CS|TAMS 0x000000008fb00000, 0x000000008fb00000| Complete 
| 252|0x000000008fc00000, 0x000000008fd00000, 0x000000008fd00000|100%| E|CS|TAMS 0x000000008fc00000, 0x000000008fc00000| Complete 
| 253|0x000000008fd00000, 0x000000008fe00000, 0x000000008fe00000|100%| E|CS|TAMS 0x000000008fd00000, 0x000000008fd00000| Complete 
| 254|0x000000008fe00000, 0x000000008ff00000, 0x000000008ff00000|100%| E|CS|TAMS 0x000000008fe00000, 0x000000008fe00000| Complete 
| 255|0x000000008ff00000, 0x0000000090000000, 0x0000000090000000|100%| E|CS|TAMS 0x000000008ff00000, 0x000000008ff00000| Complete 

Card table byte_map: [0x000002a7bae70000,0x000002a7bb270000] _byte_map_base: 0x000002a7baa70000

Marking Bits (Prev, Next): (CMBitMap*) 0x000002a7a7a61420, (CMBitMap*) 0x000002a7a7a613e8
 Prev Bits: [0x000002a7bd670000, 0x000002a7bf670000)
 Next Bits: [0x000002a7bb670000, 0x000002a7bd670000)

Polling page: 0x000002a7a7200000

Metaspace:

Usage:
  Non-class:     62.25 MB capacity,    61.04 MB ( 98%) used,     1.03 MB (  2%) free+waste,   190.19 KB ( <1%) overhead. 
      Class:      9.48 MB capacity,     8.80 MB ( 93%) used,   611.48 KB (  6%) free+waste,    89.13 KB ( <1%) overhead. 
       Both:     71.73 MB capacity,    69.83 MB ( 97%) used,     1.62 MB (  2%) free+waste,   279.31 KB ( <1%) overhead. 

Virtual space:
  Non-class space:       64.00 MB reserved,      62.25 MB ( 97%) committed 
      Class space:        1.00 GB reserved,       9.57 MB ( <1%) committed 
             Both:        1.06 GB reserved,      71.82 MB (  7%) committed 

Chunk freelists:
   Non-Class:  2.00 KB
       Class:  19.00 KB
        Both:  21.00 KB

MaxMetaspaceSize: 17179869184.00 GB
CompressedClassSpaceSize: 1.00 GB

CodeHeap 'non-profiled nmethods': size=120000Kb used=4836Kb max_used=4836Kb free=115163Kb
 bounds [0x000002a7b2fe0000, 0x000002a7b34a0000, 0x000002a7ba510000]
CodeHeap 'profiled nmethods': size=120000Kb used=16081Kb max_used=16081Kb free=103918Kb
 bounds [0x000002a7abab0000, 0x000002a7aca70000, 0x000002a7b2fe0000]
CodeHeap 'non-nmethods': size=5760Kb used=2265Kb max_used=2323Kb free=3494Kb
 bounds [0x000002a7ab510000, 0x000002a7ab780000, 0x000002a7abab0000]
 total_blobs=8252 nmethods=7390 adapters=773
 compilation: enabled
              stopped_count=0, restarted_count=0
 full_count=0

Compilation events (20 events):
Event: 15.839 Thread 0x000002a7c2bba000 7389       1       groovy.lang.Tuple2::getV2 (5 bytes)
Event: 15.839 Thread 0x000002a7c2bba000 nmethod 7389 0x000002a7b348bc90 code [0x000002a7b348be40, 0x000002a7b348bef8]
Event: 15.841 Thread 0x000002a7c2bba000 7390       1       org.gradle.api.internal.project.DefaultProject::getState (5 bytes)
Event: 15.841 Thread 0x000002a7c2bba000 nmethod 7390 0x000002a7b348bf90 code [0x000002a7b348c140, 0x000002a7b348c1f8]
Event: 15.841 Thread 0x000002a7c2bba000 7391       3       org.gradle.api.internal.project.DefaultProject_Decorated::getObjects (32 bytes)
Event: 15.841 Thread 0x000002a7c2bba000 nmethod 7391 0x000002a7aca56a10 code [0x000002a7aca56be0, 0x000002a7aca56fe8]
Event: 15.841 Thread 0x000002a7c2bba000 7392       3       org.gradle.api.internal.artifacts.configurations.DefaultConfiguration_Decorated::setVisible (12 bytes)
Event: 15.842 Thread 0x000002a7c2bba000 nmethod 7392 0x000002a7aca57110 code [0x000002a7aca57300, 0x000002a7aca57678]
Event: 15.842 Thread 0x000002a7c2bba000 7393       3       org.gradle.api.internal.artifacts.configurations.DefaultConfiguration::setVisible (14 bytes)
Event: 15.842 Thread 0x000002a7c2bba000 nmethod 7393 0x000002a7aca57810 code [0x000002a7aca579e0, 0x000002a7aca57cd8]
Event: 15.842 Thread 0x000002a7c2bba000 7394       3       org.gradle.api.internal.attributes.UsageCompatibilityHandler::doConcat (201 bytes)
Event: 15.844 Thread 0x000002a7c2bba000 nmethod 7394 0x000002a7aca57e10 code [0x000002a7aca58160, 0x000002a7aca59378]
Event: 15.847 Thread 0x000002a7c2bba000 7396   !   3       jdk.internal.reflect.GeneratedConstructorAccessor20::newInstance (53 bytes)
Event: 15.848 Thread 0x000002a7c2bba000 nmethod 7396 0x000002a7aca59990 code [0x000002a7aca59be0, 0x000002a7aca5a448]
Event: 15.848 Thread 0x000002a7c2bba000 7397       1       org.gradle.api.internal.tasks.properties.annotations.OutputPropertyRoleAnnotationHandler::getAnnotationTypes (5 bytes)
Event: 15.849 Thread 0x000002a7c2bba000 nmethod 7397 0x000002a7b348c290 code [0x000002a7b348c440, 0x000002a7b348c4f8]
Event: 15.866 Thread 0x000002a7c2bba000 7398       3       java.lang.String::toUpperCase (8 bytes)
Event: 15.866 Thread 0x000002a7c2bba000 nmethod 7398 0x000002a7aca5a890 code [0x000002a7aca5aa80, 0x000002a7aca5adf8]
Event: 15.867 Thread 0x000002a7c2bba000 7399       3       groovy.lang.MetaProperty::getSetterName (23 bytes)
Event: 15.867 Thread 0x000002a7c2bba000 nmethod 7399 0x000002a7aca5af10 code [0x000002a7aca5b160, 0x000002a7aca5b8b8]

GC Heap History (18 events):
Event: 0.731 GC heap before
{Heap before GC invocations=0 (full 0):
 garbage-first heap   total 262144K, used 29696K [0x0000000080000000, 0x0000000100000000)
  region size 1024K, 24 young (24576K), 0 survivors (0K)
 Metaspace       used 9808K, capacity 9990K, committed 10112K, reserved 1058816K
  class space    used 1022K, capacity 1102K, committed 1152K, reserved 1048576K
}
Event: 0.736 GC heap after
{Heap after GC invocations=1 (full 0):
 garbage-first heap   total 262144K, used 9256K [0x0000000080000000, 0x0000000100000000)
  region size 1024K, 3 young (3072K), 3 survivors (3072K)
 Metaspace       used 9808K, capacity 9990K, committed 10112K, reserved 1058816K
  class space    used 1022K, capacity 1102K, committed 1152K, reserved 1048576K
}
Event: 3.438 GC heap before
{Heap before GC invocations=1 (full 0):
 garbage-first heap   total 262144K, used 105512K [0x0000000080000000, 0x0000000100000000)
  region size 1024K, 98 young (100352K), 3 survivors (3072K)
 Metaspace       used 20636K, capacity 21122K, committed 21248K, reserved 1067008K
  class space    used 2523K, capacity 2720K, committed 2816K, reserved 1048576K
}
Event: 3.449 GC heap after
{Heap after GC invocations=2 (full 0):
 garbage-first heap   total 262144K, used 16445K [0x0000000080000000, 0x0000000100000000)
  region size 1024K, 11 young (11264K), 11 survivors (11264K)
 Metaspace       used 20636K, capacity 21122K, committed 21248K, reserved 1067008K
  class space    used 2523K, capacity 2720K, committed 2816K, reserved 1048576K
}
Event: 4.104 GC heap before
{Heap before GC invocations=3 (full 0):
 garbage-first heap   total 262144K, used 60477K [0x0000000080000000, 0x0000000100000000)
  region size 1024K, 54 young (55296K), 11 survivors (11264K)
 Metaspace       used 25102K, capacity 25610K, committed 25728K, reserved 1071104K
  class space    used 3255K, capacity 3454K, committed 3456K, reserved 1048576K
}
Event: 4.113 GC heap after
{Heap after GC invocations=4 (full 0):
 garbage-first heap   total 262144K, used 19523K [0x0000000080000000, 0x0000000100000000)
  region size 1024K, 3 young (3072K), 3 survivors (3072K)
 Metaspace       used 25102K, capacity 25610K, committed 25728K, reserved 1071104K
  class space    used 3255K, capacity 3454K, committed 3456K, reserved 1048576K
}
Event: 5.593 GC heap before
{Heap before GC invocations=4 (full 0):
 garbage-first heap   total 262144K, used 85059K [0x0000000080000000, 0x0000000100000000)
  region size 1024K, 69 young (70656K), 3 survivors (3072K)
 Metaspace       used 35058K, capacity 35834K, committed 35840K, reserved 1081344K
  class space    used 4539K, capacity 4864K, committed 4864K, reserved 1048576K
}
Event: 5.605 GC heap after
{Heap after GC invocations=5 (full 0):
 garbage-first heap   total 262144K, used 22962K [0x0000000080000000, 0x0000000100000000)
  region size 1024K, 6 young (6144K), 6 survivors (6144K)
 Metaspace       used 35058K, capacity 35834K, committed 35840K, reserved 1081344K
  class space    used 4539K, capacity 4864K, committed 4864K, reserved 1048576K
}
Event: 7.859 GC heap before
{Heap before GC invocations=6 (full 0):
 garbage-first heap   total 262144K, used 153010K [0x0000000080000000, 0x0000000100000000)
  region size 1024K, 130 young (133120K), 6 survivors (6144K)
 Metaspace       used 44825K, capacity 45958K, committed 46156K, reserved 1089536K
  class space    used 5750K, capacity 6140K, committed 6220K, reserved 1048576K
}
Event: 7.869 GC heap after
{Heap after GC invocations=7 (full 0):
 garbage-first heap   total 262144K, used 30052K [0x0000000080000000, 0x0000000100000000)
  region size 1024K, 13 young (13312K), 13 survivors (13312K)
 Metaspace       used 44825K, capacity 45958K, committed 46156K, reserved 1089536K
  class space    used 5750K, capacity 6140K, committed 6220K, reserved 1048576K
}
Event: 10.443 GC heap before
{Heap before GC invocations=7 (full 0):
 garbage-first heap   total 262144K, used 181604K [0x0000000080000000, 0x0000000100000000)
  region size 1024K, 153 young (156672K), 13 survivors (13312K)
 Metaspace       used 54687K, capacity 56336K, committed 56524K, reserved 1097728K
  class space    used 6942K, capacity 7547K, committed 7628K, reserved 1048576K
}
Event: 10.463 GC heap after
{Heap after GC invocations=8 (full 0):
 garbage-first heap   total 262144K, used 52848K [0x0000000080000000, 0x0000000100000000)
  region size 1024K, 20 young (20480K), 20 survivors (20480K)
 Metaspace       used 54687K, capacity 56336K, committed 56524K, reserved 1097728K
  class space    used 6942K, capacity 7547K, committed 7628K, reserved 1048576K
}
Event: 11.403 GC heap before
{Heap before GC invocations=8 (full 0):
 garbage-first heap   total 262144K, used 78448K [0x0000000080000000, 0x0000000100000000)
  region size 1024K, 46 young (47104K), 20 survivors (20480K)
 Metaspace       used 58559K, capacity 60202K, committed 60236K, reserved 1101824K
  class space    used 7381K, capacity 8000K, committed 8012K, reserved 1048576K
}
Event: 11.458 GC heap after
{Heap after GC invocations=9 (full 0):
 garbage-first heap   total 262144K, used 55900K [0x0000000080000000, 0x0000000100000000)
  region size 1024K, 3 young (3072K), 3 survivors (3072K)
 Metaspace       used 58559K, capacity 60202K, committed 60236K, reserved 1101824K
  class space    used 7381K, capacity 8000K, committed 8012K, reserved 1048576K
}
Event: 13.221 GC heap before
{Heap before GC invocations=10 (full 0):
 garbage-first heap   total 262144K, used 150108K [0x0000000080000000, 0x0000000100000000)
  region size 1024K, 95 young (97280K), 3 survivors (3072K)
 Metaspace       used 65771K, capacity 67554K, committed 67660K, reserved 1107968K
  class space    used 8311K, capacity 8965K, committed 9036K, reserved 1048576K
}
Event: 13.227 GC heap after
{Heap after GC invocations=11 (full 0):
 garbage-first heap   total 262144K, used 62241K [0x0000000080000000, 0x0000000100000000)
  region size 1024K, 9 young (9216K), 9 survivors (9216K)
 Metaspace       used 65771K, capacity 67554K, committed 67660K, reserved 1107968K
  class space    used 8311K, capacity 8965K, committed 9036K, reserved 1048576K
}
Event: 15.628 GC heap before
{Heap before GC invocations=11 (full 0):
 garbage-first heap   total 262144K, used 160545K [0x0000000080000000, 0x0000000100000000)
  region size 1024K, 105 young (107520K), 9 survivors (9216K)
 Metaspace       used 70582K, capacity 72491K, committed 72652K, reserved 1112064K
  class space    used 8886K, capacity 9581K, committed 9676K, reserved 1048576K
}
Event: 15.642 GC heap after
{Heap after GC invocations=12 (full 0):
 garbage-first heap   total 262144K, used 71364K [0x0000000080000000, 0x0000000100000000)
  region size 1024K, 9 young (9216K), 9 survivors (9216K)
 Metaspace       used 70582K, capacity 72491K, committed 72652K, reserved 1112064K
  class space    used 8886K, capacity 9581K, committed 9676K, reserved 1048576K
}

Deoptimization events (20 events):
Event: 14.564 Thread 0x000002a7c3183800 Uncommon trap: trap_request=0xfffffff4 fr.pc=0x000002a7b343b41c relative=0x000000000000097c
Event: 14.564 Thread 0x000002a7c3183800 Uncommon trap: reason=null_check action=make_not_entrant pc=0x000002a7b343b41c method=com.sun.beans.introspect.MethodInfo$MethodOrder.compare(Ljava/lang/reflect/Method;Ljava/lang/reflect/Method;)I @ 145 c2
Event: 14.564 Thread 0x000002a7c3183800 DEOPT PACKING pc=0x000002a7b343b41c sp=0x000000f0da3f59f0
Event: 14.564 Thread 0x000002a7c3183800 DEOPT UNPACKING pc=0x000002a7ab5378af sp=0x000000f0da3f5990 mode 2
Event: 14.586 Thread 0x000002a7c3183800 DEOPT PACKING pc=0x000002a7ac5ad5f0 sp=0x000000f0da3f9630
Event: 14.586 Thread 0x000002a7c3183800 DEOPT UNPACKING pc=0x000002a7ab5376ce sp=0x000000f0da3f8b10 mode 0
Event: 14.698 Thread 0x000002a7c3183800 DEOPT PACKING pc=0x000002a7ac4e6c71 sp=0x000000f0da3f9bb0
Event: 14.698 Thread 0x000002a7c3183800 DEOPT UNPACKING pc=0x000002a7ab5376ce sp=0x000000f0da3f90a8 mode 0
Event: 15.273 Thread 0x000002a7c3183800 Uncommon trap: trap_request=0xfffffff4 fr.pc=0x000002a7b325e364 relative=0x00000000000007e4
Event: 15.273 Thread 0x000002a7c3183800 Uncommon trap: reason=null_check action=make_not_entrant pc=0x000002a7b325e364 method=org.gradle.util.internal.SimpleMapInterner.intern(Ljava/lang/Object;)Ljava/lang/Object; @ 2 c2
Event: 15.273 Thread 0x000002a7c3183800 DEOPT PACKING pc=0x000002a7b325e364 sp=0x000000f0da3f7990
Event: 15.273 Thread 0x000002a7c3183800 DEOPT UNPACKING pc=0x000002a7ab5378af sp=0x000000f0da3f7958 mode 2
Event: 15.273 Thread 0x000002a7c3183800 Uncommon trap: trap_request=0xffffff4d fr.pc=0x000002a7b325f3ac relative=0x00000000000007cc
Event: 15.273 Thread 0x000002a7c3183800 Uncommon trap: reason=unstable_if action=reinterpret pc=0x000002a7b325f3ac method=org.gradle.util.internal.SimpleMapInterner.intern(Ljava/lang/String;)Ljava/lang/String; @ 1 c2
Event: 15.273 Thread 0x000002a7c3183800 DEOPT PACKING pc=0x000002a7b325f3ac sp=0x000000f0da3f7920
Event: 15.273 Thread 0x000002a7c3183800 DEOPT UNPACKING pc=0x000002a7ab5378af sp=0x000000f0da3f78e8 mode 2
Event: 15.343 Thread 0x000002a7c3183800 Uncommon trap: trap_request=0xffffffc6 fr.pc=0x000002a7b344fed8 relative=0x0000000000000678
Event: 15.343 Thread 0x000002a7c3183800 Uncommon trap: reason=bimorphic_or_optimized_type_check action=maybe_recompile pc=0x000002a7b344fed8 method=groovy.lang.MetaClassImpl.filterPropertyMethod(Ljava/lang/Object;ZZ)Ljava/lang/Object; @ 165 c2
Event: 15.343 Thread 0x000002a7c3183800 DEOPT PACKING pc=0x000002a7b344fed8 sp=0x000000f0da3f90b0
Event: 15.343 Thread 0x000002a7c3183800 DEOPT UNPACKING pc=0x000002a7ab5378af sp=0x000000f0da3f9018 mode 2

Classes redefined (0 events):
No events

Internal exceptions (20 events):
Event: 15.243 Thread 0x000002a7c3183800 Exception <a 'java/lang/ClassNotFoundException'{0x000000008ada48b0}: org/gradle/api/internal/artifacts/dependencies/DefaultExternalModuleDependency_DecoratedCustomizer> (0x000000008ada48b0) thrown at [./src/hotspot/share/classfile/systemDictionary.cpp, line 231]
Event: 15.273 Thread 0x000002a7c3183800 Implicit null exception at 0x000002a7b325dbb1 to 0x000002a7b325e350
Event: 15.273 Thread 0x000002a7c3183800 Implicit null exception at 0x000002a7b325ec16 to 0x000002a7b325f394
Event: 15.291 Thread 0x000002a7c3183800 Exception <a 'java/lang/ClassNotFoundException'{0x000000008acc8460}: org/gradle/util/ConfigureUtilBeanInfo> (0x000000008acc8460) thrown at [./src/hotspot/share/classfile/systemDictionary.cpp, line 231]
Event: 15.293 Thread 0x000002a7c3183800 Exception <a 'java/lang/ClassNotFoundException'{0x000000008acf23e0}: org/gradle/util/ConfigureUtilCustomizer> (0x000000008acf23e0) thrown at [./src/hotspot/share/classfile/systemDictionary.cpp, line 231]
Event: 15.312 Thread 0x000002a7c3183800 Exception <a 'java/lang/ClassNotFoundException'{0x000000008abc70e0}: com/google/gms/googleservices/GoogleServicesPluginBeanInfo> (0x000000008abc70e0) thrown at [./src/hotspot/share/classfile/systemDictionary.cpp, line 231]
Event: 15.313 Thread 0x000002a7c3183800 Exception <a 'java/lang/ClassNotFoundException'{0x000000008abe1418}: com/google/gms/googleservices/GoogleServicesPluginCustomizer> (0x000000008abe1418) thrown at [./src/hotspot/share/classfile/systemDictionary.cpp, line 231]
Event: 15.329 Thread 0x000002a7c3183800 Exception <a 'java/lang/ClassNotFoundException'{0x000000008aa50440}: com/google/gms/googleservices/GoogleServicesPlugin$GoogleServicesPluginConfig_DecoratedBeanInfo> (0x000000008aa50440) thrown at [./src/hotspot/share/classfile/systemDictionary.cpp, line 231]
Event: 15.330 Thread 0x000002a7c3183800 Exception <a 'java/lang/ClassNotFoundException'{0x000000008aa6ee38}: com/google/gms/googleservices/GoogleServicesPlugin$GoogleServicesPluginConfigBeanInfo> (0x000000008aa6ee38) thrown at [./src/hotspot/share/classfile/systemDictionary.cpp, line 231]
Event: 15.331 Thread 0x000002a7c3183800 Exception <a 'java/lang/ClassNotFoundException'{0x000000008aa8d9d8}: com/google/gms/googleservices/GoogleServicesPlugin$GoogleServicesPluginConfigCustomizer> (0x000000008aa8d9d8) thrown at [./src/hotspot/share/classfile/systemDictionary.cpp, line 231]
Event: 15.333 Thread 0x000002a7c3183800 Exception <a 'java/lang/ClassNotFoundException'{0x000000008aab9138}: com/google/gms/googleservices/GoogleServicesPlugin$GoogleServicesPluginConfig_DecoratedCustomizer> (0x000000008aab9138) thrown at [./src/hotspot/share/classfile/systemDictionary.cpp, line 231]
Event: 15.339 Thread 0x000002a7c3183800 Exception <a 'java/lang/ClassNotFoundException'{0x000000008a9237e0}: com/google/gms/googleservices/GoogleServicesPlugin$PluginTypeBeanInfo> (0x000000008a9237e0) thrown at [./src/hotspot/share/classfile/systemDictionary.cpp, line 231]
Event: 15.340 Thread 0x000002a7c3183800 Exception <a 'java/lang/ClassNotFoundException'{0x000000008a93f458}: com/google/gms/googleservices/GoogleServicesPlugin$PluginTypeCustomizer> (0x000000008a93f458) thrown at [./src/hotspot/share/classfile/systemDictionary.cpp, line 231]
Event: 15.342 Thread 0x000002a7c3183800 Exception <a 'java/lang/ClassNotFoundException'{0x000000008a95b998}: groovy/runtime/metaclass/[Lcom/google/gms/googleservices/GoogleServicesPlugin$PluginType;MetaClass> (0x000000008a95b998) thrown at [./src/hotspot/share/prims/jni.cpp, line 636]
Event: 15.342 Thread 0x000002a7c3183800 Exception <a 'java/lang/ClassNotFoundException'{0x000000008a963d38}: [Lcom/google/gms/googleservices/GoogleServicesPlugin$PluginType;BeanInfo> (0x000000008a963d38) thrown at [./src/hotspot/share/prims/jni.cpp, line 636]
Event: 15.343 Thread 0x000002a7c3183800 Exception <a 'java/lang/ClassNotFoundException'{0x000000008a965068}: [Lcom/google/gms/googleservices/GoogleServicesPlugin$PluginType;BeanInfo> (0x000000008a965068) thrown at [./src/hotspot/share/prims/jni.cpp, line 636]
Event: 15.343 Thread 0x000002a7c3183800 Exception <a 'java/lang/ClassNotFoundException'{0x000000008a966398}: [Lcom/google/gms/googleservices/GoogleServicesPlugin$PluginType;BeanInfo> (0x000000008a966398) thrown at [./src/hotspot/share/prims/jni.cpp, line 636]
Event: 15.343 Thread 0x000002a7c3183800 Exception <a 'java/lang/ClassNotFoundException'{0x000000008a9677d8}: [Lcom/google/gms/googleservices/GoogleServicesPlugin$PluginType;Customizer> (0x000000008a9677d8) thrown at [./src/hotspot/share/prims/jni.cpp, line 636]
Event: 15.343 Thread 0x000002a7c3183800 Exception <a 'java/lang/ClassNotFoundException'{0x000000008a968b10}: [Lcom/google/gms/googleservices/GoogleServicesPlugin$PluginType;Customizer> (0x000000008a968b10) thrown at [./src/hotspot/share/prims/jni.cpp, line 636]
Event: 15.343 Thread 0x000002a7c3183800 Exception <a 'java/lang/ClassNotFoundException'{0x000000008a969e48}: [Lcom/google/gms/googleservices/GoogleServicesPlugin$PluginType;Customizer> (0x000000008a969e48) thrown at [./src/hotspot/share/prims/jni.cpp, line 636]

Events (20 events):
Event: 15.878 loading class com/google/protobuf/GeneratedMessageV3$Builder$BuilderParentImpl
Event: 15.878 loading class com/google/protobuf/GeneratedMessageV3$Builder$BuilderParentImpl done
Event: 15.879 loading class com/google/protobuf/GeneratedMessageV3$1
Event: 15.879 loading class com/google/protobuf/GeneratedMessageV3$1 done
Event: 15.882 loading class com/google/wireless/android/sdk/stats/VariantApiUsage$Builder
Event: 15.882 loading class com/google/wireless/android/sdk/stats/VariantApiUsage$Builder done
Event: 15.886 loading class com/google/wireless/android/sdk/stats/VariantPropertiesAccess
Event: 15.886 loading class com/google/wireless/android/sdk/stats/VariantPropertiesAccess done
Event: 15.888 loading class com/google/wireless/android/sdk/stats/VariantPropertiesAccessOrBuilder
Event: 15.888 loading class com/google/wireless/android/sdk/stats/VariantPropertiesAccessOrBuilder done
Event: 15.890 loading class com/google/wireless/android/sdk/stats/ArtifactAccess
Event: 15.890 loading class com/google/wireless/android/sdk/stats/ArtifactAccess done
Event: 15.891 loading class com/google/wireless/android/sdk/stats/ArtifactAccessOrBuilder
Event: 15.891 loading class com/google/wireless/android/sdk/stats/ArtifactAccessOrBuilder done
Event: 15.893 loading class com/google/wireless/android/sdk/stats/VariantAccess
Event: 15.893 loading class com/google/wireless/android/sdk/stats/VariantAccess done
Event: 15.894 loading class com/google/wireless/android/sdk/stats/VariantAccessOrBuilder
Event: 15.894 loading class com/google/wireless/android/sdk/stats/VariantAccessOrBuilder done
Event: 15.896 loading class com/google/protobuf/RepeatedFieldBuilderV3
Event: 15.896 loading class com/google/protobuf/RepeatedFieldBuilderV3 done


Dynamic libraries:
0x00007ff78a490000 - 0x00007ff78a49a000 	C:\Program Files\Android\Android Studio\jre\bin\java.exe
0x00007ff82b800000 - 0x00007ff82ba07000 	C:\Windows\SYSTEM32\ntdll.dll
0x00007ff829a00000 - 0x00007ff829abd000 	C:\Windows\System32\KERNEL32.DLL
0x00007ff828dd0000 - 0x00007ff829144000 	C:\Windows\System32\KERNELBASE.dll
0x00007ff829570000 - 0x00007ff829681000 	C:\Windows\System32\ucrtbase.dll
0x00007ff81e830000 - 0x00007ff81e849000 	C:\Program Files\Android\Android Studio\jre\bin\jli.dll
0x00007ff81d270000 - 0x00007ff81d287000 	C:\Program Files\Android\Android Studio\jre\bin\VCRUNTIME140.dll
0x00007ff829830000 - 0x00007ff8299dc000 	C:\Windows\System32\USER32.dll
0x00007ff827f70000 - 0x00007ff828215000 	C:\Windows\WinSxS\amd64_microsoft.windows.common-controls_6595b64144ccf1df_6.0.22000.120_none_9d947278b86cc467\COMCTL32.dll
0x00007ff829380000 - 0x00007ff8293a6000 	C:\Windows\System32\win32u.dll
0x00007ff82a780000 - 0x00007ff82a823000 	C:\Windows\System32\msvcrt.dll
0x00007ff829ed0000 - 0x00007ff829ef9000 	C:\Windows\System32\GDI32.dll
0x00007ff829450000 - 0x00007ff829562000 	C:\Windows\System32\gdi32full.dll
0x00007ff8293b0000 - 0x00007ff82944d000 	C:\Windows\System32\msvcp_win.dll
0x00007ff82b720000 - 0x00007ff82b751000 	C:\Windows\System32\IMM32.DLL
0x00007fffffe40000 - 0x00007fffffedd000 	C:\Program Files\Android\Android Studio\jre\bin\msvcp140.dll
0x00007fffb7d70000 - 0x00007fffb883f000 	C:\Program Files\Android\Android Studio\jre\bin\server\jvm.dll
0x00007ff82a830000 - 0x00007ff82a8dc000 	C:\Windows\System32\ADVAPI32.dll
0x00007ff82b180000 - 0x00007ff82b21d000 	C:\Windows\System32\sechost.dll
0x00007ff829690000 - 0x00007ff8297b1000 	C:\Windows\System32\RPCRT4.dll
0x00007ff82b170000 - 0x00007ff82b178000 	C:\Windows\System32\PSAPI.DLL
0x00007ff81d9f0000 - 0x00007ff81d9f9000 	C:\Windows\SYSTEM32\WSOCK32.dll
0x00007ff8225d0000 - 0x00007ff822603000 	C:\Windows\SYSTEM32\WINMM.dll
0x00007ff820ad0000 - 0x00007ff820ada000 	C:\Windows\SYSTEM32\VERSION.dll
0x00007ff8297c0000 - 0x00007ff82982f000 	C:\Windows\System32\WS2_32.dll
0x00007ff8276e0000 - 0x00007ff8276f8000 	C:\Windows\SYSTEM32\kernel.appcore.dll
0x00007ff817470000 - 0x00007ff817481000 	C:\Program Files\Android\Android Studio\jre\bin\verify.dll
0x00007ff8283b0000 - 0x00007ff8285d1000 	C:\Windows\SYSTEM32\DBGHELP.DLL
0x00007ff828690000 - 0x00007ff8286c1000 	C:\Windows\SYSTEM32\dbgcore.DLL
0x00007ff828d50000 - 0x00007ff828dd0000 	C:\Windows\System32\bcryptPrimitives.dll
0x00007ff80e610000 - 0x00007ff80e639000 	C:\Program Files\Android\Android Studio\jre\bin\java.dll
0x00007ff81d320000 - 0x00007ff81d32b000 	C:\Program Files\Android\Android Studio\jre\bin\jimage.dll
0x00007ff80df80000 - 0x00007ff80df98000 	C:\Program Files\Android\Android Studio\jre\bin\zip.dll
0x00007ff82a960000 - 0x00007ff82b10a000 	C:\Windows\System32\SHELL32.dll
0x00007ff826760000 - 0x00007ff826fc2000 	C:\Windows\SYSTEM32\windows.storage.dll
0x00007ff82a310000 - 0x00007ff82a688000 	C:\Windows\System32\combase.dll
0x00007ff8265f0000 - 0x00007ff826756000 	C:\Windows\SYSTEM32\wintypes.dll
0x00007ff829f90000 - 0x00007ff82a07a000 	C:\Windows\System32\SHCORE.dll
0x00007ff829e70000 - 0x00007ff829ecd000 	C:\Windows\System32\shlwapi.dll
0x00007ff828c10000 - 0x00007ff828c31000 	C:\Windows\SYSTEM32\profapi.dll
0x00007ff80dd90000 - 0x00007ff80ddaa000 	C:\Program Files\Android\Android Studio\jre\bin\net.dll
0x00007ff821ff0000 - 0x00007ff8220fc000 	C:\Windows\SYSTEM32\WINHTTP.dll
0x00007ff827ae0000 - 0x00007ff827b47000 	C:\Windows\system32\mswsock.dll
0x00007ff80d0e0000 - 0x00007ff80d0f4000 	C:\Program Files\Android\Android Studio\jre\bin\nio.dll
0x00007ff81dcb0000 - 0x00007ff81dcd7000 	C:\Users\dasse\.gradle\native\8bec1ad78214c89d9ad589b4d07fe93259594b29d510b10fafb7a158f7737e5d\windows-amd64\native-platform.dll
0x00007fffff760000 - 0x00007fffff89d000 	C:\Users\dasse\.gradle\native\53dbd7edfb1c66fb8903c78663c9afc45aea4f116125fa6feffd364cf09443e8\windows-amd64\native-platform-file-events.dll
0x00007ff81cac0000 - 0x00007ff81caca000 	C:\Program Files\Android\Android Studio\jre\bin\management.dll
0x00007ff81c9a0000 - 0x00007ff81c9ac000 	C:\Program Files\Android\Android Studio\jre\bin\management_ext.dll
0x00007ff8288a0000 - 0x00007ff8288b8000 	C:\Windows\SYSTEM32\CRYPTSP.dll
0x00007ff827640000 - 0x00007ff827675000 	C:\Windows\system32\rsaenh.dll
0x00007ff827b80000 - 0x00007ff827ba9000 	C:\Windows\SYSTEM32\USERENV.dll
0x00007ff828870000 - 0x00007ff828897000 	C:\Windows\SYSTEM32\bcrypt.dll
0x00007ff827d40000 - 0x00007ff827d4c000 	C:\Windows\SYSTEM32\CRYPTBASE.dll
0x00007ff827220000 - 0x00007ff82724d000 	C:\Windows\SYSTEM32\IPHLPAPI.DLL
0x00007ff829f80000 - 0x00007ff829f89000 	C:\Windows\System32\NSI.dll
0x00007ff8221e0000 - 0x00007ff8221f9000 	C:\Windows\SYSTEM32\dhcpcsvc6.DLL
0x00007ff822430000 - 0x00007ff82244e000 	C:\Windows\SYSTEM32\dhcpcsvc.DLL
0x00007ff827290000 - 0x00007ff827377000 	C:\Windows\SYSTEM32\DNSAPI.dll

dbghelp: loaded successfully - version: 4.0.5 - missing functions: none
symbol engine: initialized successfully - sym options: 0x614 - pdb path: .;C:\Program Files\Android\Android Studio\jre\bin;C:\Windows\SYSTEM32;C:\Windows\WinSxS\amd64_microsoft.windows.common-controls_6595b64144ccf1df_6.0.22000.120_none_9d947278b86cc467;C:\Program Files\Android\Android Studio\jre\bin\server;C:\Users\dasse\.gradle\native\8bec1ad78214c89d9ad589b4d07fe93259594b29d510b10fafb7a158f7737e5d\windows-amd64;C:\Users\dasse\.gradle\native\53dbd7edfb1c66fb8903c78663c9afc45aea4f116125fa6feffd364cf09443e8\windows-amd64

VM Arguments:
jvm_args: --add-opens=java.base/java.util=ALL-UNNAMED --add-opens=java.base/java.lang=ALL-UNNAMED --add-opens=java.base/java.lang.invoke=ALL-UNNAMED --add-opens=java.base/java.util=ALL-UNNAMED --add-opens=java.prefs/java.util.prefs=ALL-UNNAMED --add-opens=java.prefs/java.util.prefs=ALL-UNNAMED --add-opens=java.base/java.nio.charset=ALL-UNNAMED --add-opens=java.base/java.net=ALL-UNNAMED --add-opens=java.base/java.util.concurrent.atomic=ALL-UNNAMED -Xmx2048m -Dfile.encoding=UTF-8 -Duser.country=US -Duser.language=en -Duser.variant 
java_command: org.gradle.launcher.daemon.bootstrap.GradleDaemon 7.0.2
java_class_path (initial): C:\Users\dasse\.gradle\wrapper\dists\gradle-7.0.2-bin\857tjihv64xamwrf0h14cai3r\gradle-7.0.2\lib\gradle-launcher-7.0.2.jar
Launcher Type: SUN_STANDARD

[Global flags]
     intx CICompilerCount                          = 4                                         {product} {ergonomic}
     uint ConcGCThreads                            = 3                                         {product} {ergonomic}
     uint G1ConcRefinementThreads                  = 10                                        {product} {ergonomic}
   size_t G1HeapRegionSize                         = 1048576                                   {product} {ergonomic}
    uintx GCDrainStackTargetSize                   = 64                                        {product} {ergonomic}
   size_t InitialHeapSize                          = 268435456                                 {product} {ergonomic}
   size_t MarkStackSize                            = 4194304                                   {product} {ergonomic}
   size_t MaxHeapSize                              = 2147483648                                {product} {command line}
   size_t MaxNewSize                               = 1287651328                                {product} {ergonomic}
   size_t MinHeapDeltaBytes                        = 1048576                                   {product} {ergonomic}
    uintx NonNMethodCodeHeapSize                   = 5836300                                {pd product} {ergonomic}
    uintx NonProfiledCodeHeapSize                  = 122910970                              {pd product} {ergonomic}
    uintx ProfiledCodeHeapSize                     = 122910970                              {pd product} {ergonomic}
    uintx ReservedCodeCacheSize                    = 251658240                              {pd product} {ergonomic}
     bool SegmentedCodeCache                       = true                                      {product} {ergonomic}
     bool UseCompressedClassPointers               = true                                 {lp64_product} {ergonomic}
     bool UseCompressedOops                        = true                                 {lp64_product} {ergonomic}
     bool UseG1GC                                  = true                                      {product} {ergonomic}
     bool UseLargePagesIndividualAllocation        = false                                  {pd product} {ergonomic}

Logging:
Log output configuration:
 #0: stdout all=warning uptime,level,tags
 #1: stderr all=off uptime,level,tags

Environment Variables:
JAVA_HOME=C:\Program Files\Java\jdk-15.0.2
PATH=C:\Program Files\Common Files\Oracle\Java\javapath;C:\Windows\system32;C:\Windows;C:\Windows\System32\Wbem;C:\Windows\System32\WindowsPowerShell\v1.0\;C:\Windows\System32\OpenSSH\;C:\Program Files\Git\cmd;C:\Users\dasse\fvm\default\bin;D:\Tools\SDK\android\platform-tools\;C:\Program Files\nodejs\;D:\Tools\SDK\PHP\php-8.0.12-nts-Win32-vs16-x64\;C:\ProgramData\ComposerSetup\bin;C:\Program Files\PuTTY\;C:\Program Files\Docker\Docker\resources\bin;C:\ProgramData\DockerDesktop\version-bin;C:\Users\dasse\AppData\Local\Programs\Python\Python37\Scripts\;C:\Users\dasse\AppData\Local\Programs\Python\Python37\;C:\Users\dasse\AppData\Local\Microsoft\WindowsApps;C:\Users\dasse\AppData\Local\Programs\Microsoft VS Code\bin;C:\Users\dasse\AppData\Local\GitHubDesktop\bin;C:\Users\dasse\fvm\default\bin;C:\Users\dasse\spicetify-cli;D:\Tools\SDK\android\platform-tools\;C:\Users\dasse\AppData\Roaming\npm;D:\Tools\SDK\PHP\php-8.0.12-nts-Win32-vs16-x64\;C:\Users\dasse\AppData\Roaming\Composer\vendor\bin
USERNAME=dasse
OS=Windows_NT
PROCESSOR_IDENTIFIER=Intel64 Family 6 Model 158 Stepping 10, GenuineIntel



---------------  S Y S T E M  ---------------

OS: Windows 10 , 64 bit Build 22000 (10.0.22000.318)
OS uptime: 7 days 1:58 hours
Hyper-V role detected

CPU:total 12 (initial active 12) (6 cores per cpu, 2 threads per core) family 6 model 158 stepping 10 microcode 0xde, cmov, cx8, fxsr, mmx, sse, sse2, sse3, ssse3, sse4.1, sse4.2, popcnt, avx, avx2, aes, clmul, erms, 3dnowpref, lzcnt, ht, tsc, tscinvbit, bmi1, bmi2, adx, fma

Memory: 4k page, system-wide physical 16257M (501M free)
TotalPageFile size 43748M (AvailPageFile size 15M)
current process WorkingSet (physical memory assigned to process): 467M, peak: 481M
current process commit charge ("private bytes"): 533M, peak: 553M

vm_info: OpenJDK 64-Bit Server VM (11.0.10+0-b96-7249189) for windows-amd64 JRE (11.0.10+0-b96-7249189), built on Mar 31 2021 21:44:00 by "builder" with MS VC++ 14.0 (VS2015)

END.
