#
# There is insufficient memory for the Java Runtime Environment to continue.
# Native memory allocation (malloc) failed to allocate 1060176 bytes for Chunk::new
# Possible reasons:
#   The system is out of physical RAM or swap space
#   The process is running with CompressedOops enabled, and the Java Heap may be blocking the growth of the native heap
# Possible solutions:
#   Reduce memory load on the system
#   Increase physical memory or swap space
#   Check if swap backing store is full
#   Decrease Java heap size (-Xmx/-Xms)
#   Decrease number of Java threads
#   Decrease Java thread stack sizes (-Xss)
#   Set larger code cache with -XX:ReservedCodeCacheSize=
#   JVM is running with Unscaled Compressed Oops mode in which the Java heap is
#     placed in the first 4GB address space. The Java Heap base address is the
#     maximum limit for the native heap growth. Please use -XX:HeapBaseMinAddress
#     to set the Java Heap base and to place the Java Heap above 4GB virtual address.
# This output file may be truncated or incomplete.
#
#  Out of Memory Error (./src/hotspot/share/memory/arena.cpp:197), pid=15628, tid=9560
#
# JRE version: OpenJDK Runtime Environment (11.0.10) (build 11.0.10+0-b96-7249189)
# Java VM: OpenJDK 64-Bit Server VM (11.0.10+0-b96-7249189, mixed mode, tiered, compressed oops, g1 gc, windows-amd64)
# No core dump will be written. Minidumps are not enabled by default on client versions of Windows
#

---------------  S U M M A R Y ------------

Command Line: --add-opens=java.base/java.util=ALL-UNNAMED --add-opens=java.base/java.lang=ALL-UNNAMED --add-opens=java.base/java.lang.invoke=ALL-UNNAMED --add-opens=java.base/java.util=ALL-UNNAMED --add-opens=java.prefs/java.util.prefs=ALL-UNNAMED --add-opens=java.prefs/java.util.prefs=ALL-UNNAMED --add-opens=java.base/java.nio.charset=ALL-UNNAMED --add-opens=java.base/java.net=ALL-UNNAMED --add-opens=java.base/java.util.concurrent.atomic=ALL-UNNAMED -Xmx2048m -Dfile.encoding=UTF-8 -Duser.country=US -Duser.language=en -Duser.variant org.gradle.launcher.daemon.bootstrap.GradleDaemon 7.0.2

Host: Intel(R) Core(TM) i7-8750H CPU @ 2.20GHz, 12 cores, 15G,  Windows 10 , 64 bit Build 22000 (10.0.22000.318)
Time: Thu Nov 25 14:19:22 2021 Egypt Standard Time elapsed time: 17.061100 seconds (0d 0h 0m 17s)

---------------  T H R E A D  ---------------

Current thread (0x0000028e7637f000):  JavaThread "C2 CompilerThread0" daemon [_thread_in_native, id=9560, stack(0x000000c14db00000,0x000000c14dc00000)]


Current CompileTask:
C2:  17061 4491       4       java.lang.invoke.MethodType::makeImpl (108 bytes)

Stack: [0x000000c14db00000,0x000000c14dc00000]
Native frames: (J=compiled Java code, j=interpreted, Vv=VM code, C=native code)
V  [jvm.dll+0x5ecfaa]
V  [jvm.dll+0x722bd5]
V  [jvm.dll+0x72412d]
V  [jvm.dll+0x7247e3]
V  [jvm.dll+0x242928]
V  [jvm.dll+0xbc4fc]
V  [jvm.dll+0xbca0c]
V  [jvm.dll+0x352d3b]
V  [jvm.dll+0x19800c]
V  [jvm.dll+0x1fb70e]
V  [jvm.dll+0x1fa7f4]
V  [jvm.dll+0x18354c]
V  [jvm.dll+0x208ee7]
V  [jvm.dll+0x207731]
V  [jvm.dll+0x6eb1cf]
V  [jvm.dll+0x6e3d45]
V  [jvm.dll+0x5ebe96]
C  [ucrtbase.dll+0x26c0c]
C  [KERNEL32.DLL+0x154e0]
C  [ntdll.dll+0x485b]


---------------  P R O C E S S  ---------------

Threads class SMR info:
_java_thread_list=0x0000028e76be8230, length=51, elements={
0x0000028e591f3000, 0x0000028e7630e000, 0x0000028e76319800, 0x0000028e76371800,
0x0000028e76372800, 0x0000028e76373800, 0x0000028e7637f000, 0x0000028e76383800,
0x0000028e76387800, 0x0000028e764ec800, 0x0000028e787a6000, 0x0000028e77e5c800,
0x0000028e7792c800, 0x0000028e781e3800, 0x0000028e77cf7800, 0x0000028e77b5d000,
0x0000028e78447800, 0x0000028e77d8a000, 0x0000028e78aaf000, 0x0000028e77798000,
0x0000028e77797000, 0x0000028e77795800, 0x0000028e77796000, 0x0000028e77793000,
0x0000028e77794800, 0x0000028e77798800, 0x0000028e77799800, 0x0000028e77793800,
0x0000028e799e2800, 0x0000028e799e7000, 0x0000028e799e4800, 0x0000028e799e4000,
0x0000028e799ea800, 0x0000028e799eb800, 0x0000028e799e5800, 0x0000028e799e9800,
0x0000028e799ec000, 0x0000028e799e6800, 0x0000028e799ed800, 0x0000028e799e8000,
0x0000028e799ee800, 0x0000028e799ef800, 0x0000028e799ed000, 0x0000028e799f0000,
0x0000028e799f1000, 0x0000028e7caa0000, 0x0000028e7ca9c000, 0x0000028e7ca9d000,
0x0000028e7caa1000, 0x0000028e7caa1800, 0x0000028e7caa2800
}

Java Threads: ( => current thread )
  0x0000028e591f3000 JavaThread "main" [_thread_blocked, id=9412, stack(0x000000c14cf00000,0x000000c14d000000)]
  0x0000028e7630e000 JavaThread "Reference Handler" daemon [_thread_blocked, id=12840, stack(0x000000c14d600000,0x000000c14d700000)]
  0x0000028e76319800 JavaThread "Finalizer" daemon [_thread_blocked, id=15948, stack(0x000000c14d700000,0x000000c14d800000)]
  0x0000028e76371800 JavaThread "Signal Dispatcher" daemon [_thread_blocked, id=12432, stack(0x000000c14d800000,0x000000c14d900000)]
  0x0000028e76372800 JavaThread "Attach Listener" daemon [_thread_blocked, id=16208, stack(0x000000c14d900000,0x000000c14da00000)]
  0x0000028e76373800 JavaThread "Service Thread" daemon [_thread_blocked, id=18512, stack(0x000000c14da00000,0x000000c14db00000)]
=>0x0000028e7637f000 JavaThread "C2 CompilerThread0" daemon [_thread_in_native, id=9560, stack(0x000000c14db00000,0x000000c14dc00000)]
  0x0000028e76383800 JavaThread "C1 CompilerThread0" daemon [_thread_blocked, id=22296, stack(0x000000c14dc00000,0x000000c14dd00000)]
  0x0000028e76387800 JavaThread "Sweeper thread" daemon [_thread_blocked, id=4760, stack(0x000000c14dd00000,0x000000c14de00000)]
  0x0000028e764ec800 JavaThread "Common-Cleaner" daemon [_thread_blocked, id=16552, stack(0x000000c14de00000,0x000000c14df00000)]
  0x0000028e787a6000 JavaThread "Daemon health stats" [_thread_blocked, id=12480, stack(0x000000c14e600000,0x000000c14e700000)]
  0x0000028e77e5c800 JavaThread "Incoming local TCP Connector on port 50465" [_thread_in_native, id=8776, stack(0x000000c14e000000,0x000000c14e100000)]
  0x0000028e7792c800 JavaThread "Daemon periodic checks" [_thread_blocked, id=23396, stack(0x000000c14e700000,0x000000c14e800000)]
  0x0000028e781e3800 JavaThread "Daemon" [_thread_blocked, id=16484, stack(0x000000c14e800000,0x000000c14e900000)]
  0x0000028e77cf7800 JavaThread "Handler for socket connection from /127.0.0.1:50465 to /127.0.0.1:50466" [_thread_in_native, id=6524, stack(0x000000c14e900000,0x000000c14ea00000)]
  0x0000028e77b5d000 JavaThread "Cancel handler" [_thread_blocked, id=12280, stack(0x000000c14ea00000,0x000000c14eb00000)]
  0x0000028e78447800 JavaThread "Daemon worker" [_thread_in_Java, id=2556, stack(0x000000c14eb00000,0x000000c14ec00000)]
  0x0000028e77d8a000 JavaThread "Asynchronous log dispatcher for DefaultDaemonConnection: socket connection from /127.0.0.1:50465 to /127.0.0.1:50466" [_thread_blocked, id=1372, stack(0x000000c14ec00000,0x000000c14ed00000)]
  0x0000028e78aaf000 JavaThread "Stdin handler" [_thread_blocked, id=19108, stack(0x000000c14ed00000,0x000000c14ee00000)]
  0x0000028e77798000 JavaThread "Daemon client event forwarder" [_thread_blocked, id=15564, stack(0x000000c14ee00000,0x000000c14ef00000)]
  0x0000028e77797000 JavaThread "Cache worker for file hash cache (C:\Users\dasse\.gradle\caches\7.0.2\fileHashes)" [_thread_blocked, id=4980, stack(0x000000c14ef00000,0x000000c14f000000)]
  0x0000028e77795800 JavaThread "File lock request listener" [_thread_in_native, id=5708, stack(0x000000c14f000000,0x000000c14f100000)]
  0x0000028e77796000 JavaThread "Cache worker for journal cache (C:\Users\dasse\.gradle\caches\journal-1)" [_thread_blocked, id=7260, stack(0x000000c14f700000,0x000000c14f800000)]
  0x0000028e77793000 JavaThread "Cache worker for file hash cache (D:\Projects\PureDot\android_pureDot\.gradle\7.0.2\fileHashes)" [_thread_blocked, id=11400, stack(0x000000c14f800000,0x000000c14f900000)]
  0x0000028e77794800 JavaThread "File watcher server" daemon [_thread_in_native, id=2884, stack(0x000000c14f900000,0x000000c14fa00000)]
  0x0000028e77798800 JavaThread "File watcher consumer" daemon [_thread_blocked, id=8596, stack(0x000000c14fa00000,0x000000c14fb00000)]
  0x0000028e77799800 JavaThread "Cache worker for checksums cache (D:\Projects\PureDot\android_pureDot\.gradle\checksums)" [_thread_blocked, id=22956, stack(0x000000c14fb00000,0x000000c14fc00000)]
  0x0000028e77793800 JavaThread "Cache worker for cache directory md-supplier (C:\Users\dasse\.gradle\caches\7.0.2\md-supplier)" [_thread_blocked, id=17316, stack(0x000000c14fc00000,0x000000c14fd00000)]
  0x0000028e799e2800 JavaThread "Cache worker for cache directory md-rule (C:\Users\dasse\.gradle\caches\7.0.2\md-rule)" [_thread_blocked, id=20124, stack(0x000000c14fd00000,0x000000c14fe00000)]
  0x0000028e799e7000 JavaThread "Cache worker for execution history cache (C:\Users\dasse\.gradle\caches\7.0.2\executionHistory)" [_thread_blocked, id=15160, stack(0x000000c14fe00000,0x000000c14ff00000)]
  0x0000028e799e4800 JavaThread "jar transforms" [_thread_blocked, id=8892, stack(0x000000c14ff00000,0x000000c150000000)]
  0x0000028e799e4000 JavaThread "jar transforms Thread 2" [_thread_blocked, id=6740, stack(0x000000c150000000,0x000000c150100000)]
  0x0000028e799ea800 JavaThread "Cache worker for file content cache (C:\Users\dasse\.gradle\caches\7.0.2\fileContent)" [_thread_blocked, id=7148, stack(0x000000c150100000,0x000000c150200000)]
  0x0000028e799eb800 JavaThread "Cache worker for dependencies-accessors (D:\Projects\PureDot\android_pureDot\.gradle\7.0.2\dependencies-accessors)" [_thread_blocked, id=10680, stack(0x000000c150200000,0x000000c150300000)]
  0x0000028e799e5800 JavaThread "jar transforms Thread 3" [_thread_blocked, id=18356, stack(0x000000c150300000,0x000000c150400000)]
  0x0000028e799e9800 JavaThread "Cache worker for Build Output Cleanup Cache (D:\Projects\PureDot\android_pureDot\.gradle\buildOutputCleanup)" [_thread_blocked, id=15604, stack(0x000000c150400000,0x000000c150500000)]
  0x0000028e799ec000 JavaThread "Build operations" [_thread_blocked, id=19152, stack(0x000000c150500000,0x000000c150600000)]
  0x0000028e799e6800 JavaThread "Build operations Thread 2" [_thread_blocked, id=23476, stack(0x000000c150600000,0x000000c150700000)]
  0x0000028e799ed800 JavaThread "Build operations Thread 3" [_thread_blocked, id=8024, stack(0x000000c150700000,0x000000c150800000)]
  0x0000028e799e8000 JavaThread "Build operations Thread 4" [_thread_blocked, id=6760, stack(0x000000c150800000,0x000000c150900000)]
  0x0000028e799ee800 JavaThread "Build operations Thread 5" [_thread_blocked, id=19184, stack(0x000000c150900000,0x000000c150a00000)]
  0x0000028e799ef800 JavaThread "Build operations Thread 6" [_thread_blocked, id=17356, stack(0x000000c150a00000,0x000000c150b00000)]
  0x0000028e799ed000 JavaThread "Build operations Thread 7" [_thread_blocked, id=18656, stack(0x000000c150b00000,0x000000c150c00000)]
  0x0000028e799f0000 JavaThread "Build operations Thread 8" [_thread_blocked, id=13104, stack(0x000000c150c00000,0x000000c150d00000)]
  0x0000028e799f1000 JavaThread "Build operations Thread 9" [_thread_blocked, id=11736, stack(0x000000c150d00000,0x000000c150e00000)]
  0x0000028e7caa0000 JavaThread "Build operations Thread 10" [_thread_blocked, id=16340, stack(0x000000c150e00000,0x000000c150f00000)]
  0x0000028e7ca9c000 JavaThread "Build operations Thread 11" [_thread_blocked, id=3036, stack(0x000000c150f00000,0x000000c151000000)]
  0x0000028e7ca9d000 JavaThread "Build operations Thread 12" [_thread_blocked, id=19224, stack(0x000000c151000000,0x000000c151100000)]
  0x0000028e7caa1000 JavaThread "jar transforms Thread 4" [_thread_blocked, id=8940, stack(0x000000c151100000,0x000000c151200000)]
  0x0000028e7caa1800 JavaThread "jar transforms Thread 5" [_thread_blocked, id=15932, stack(0x000000c151200000,0x000000c151300000)]
  0x0000028e7caa2800 JavaThread "jar transforms Thread 6" [_thread_blocked, id=13668, stack(0x000000c151300000,0x000000c151400000)]

Other Threads:
  0x0000028e7630c800 VMThread "VM Thread" [stack: 0x000000c14d500000,0x000000c14d600000] [id=23124]
  0x0000028e76531800 WatcherThread [stack: 0x000000c14df00000,0x000000c14e000000] [id=8796]
  0x0000028e59206000 GCTaskThread "GC Thread#0" [stack: 0x000000c14d000000,0x000000c14d100000] [id=18180]
  0x0000028e7713a800 GCTaskThread "GC Thread#1" [stack: 0x000000c14e100000,0x000000c14e200000] [id=19536]
  0x0000028e7713b800 GCTaskThread "GC Thread#2" [stack: 0x000000c14e200000,0x000000c14e300000] [id=6864]
  0x0000028e76fc5800 GCTaskThread "GC Thread#3" [stack: 0x000000c14e300000,0x000000c14e400000] [id=6036]
  0x0000028e76fc7000 GCTaskThread "GC Thread#4" [stack: 0x000000c14e400000,0x000000c14e500000] [id=5088]
  0x0000028e7694d000 GCTaskThread "GC Thread#5" [stack: 0x000000c14e500000,0x000000c14e600000] [id=16092]
  0x0000028e76529800 GCTaskThread "GC Thread#6" [stack: 0x000000c14f100000,0x000000c14f200000] [id=19968]
  0x0000028e77dd2000 GCTaskThread "GC Thread#7" [stack: 0x000000c14f200000,0x000000c14f300000] [id=12396]
  0x0000028e7756e000 GCTaskThread "GC Thread#8" [stack: 0x000000c14f300000,0x000000c14f400000] [id=22944]
  0x0000028e775a1800 GCTaskThread "GC Thread#9" [stack: 0x000000c14f400000,0x000000c14f500000] [id=23284]
  0x0000028e59239000 ConcurrentGCThread "G1 Main Marker" [stack: 0x000000c14d100000,0x000000c14d200000] [id=11624]
  0x0000028e5923a800 ConcurrentGCThread "G1 Conc#0" [stack: 0x000000c14d200000,0x000000c14d300000] [id=7692]
  0x0000028e770d6800 ConcurrentGCThread "G1 Conc#1" [stack: 0x000000c14f500000,0x000000c14f600000] [id=10532]
  0x0000028e775a6800 ConcurrentGCThread "G1 Conc#2" [stack: 0x000000c14f600000,0x000000c14f700000] [id=17252]
  0x0000028e592ce800 ConcurrentGCThread "G1 Refine#0" [stack: 0x000000c14d300000,0x000000c14d400000] [id=23240]
  0x0000028e75957000 ConcurrentGCThread "G1 Young RemSet Sampling" [stack: 0x000000c14d400000,0x000000c14d500000] [id=22728]

Threads with active compile tasks:
C2 CompilerThread0  17105 4491       4       java.lang.invoke.MethodType::makeImpl (108 bytes)
C1 CompilerThread0  17105 4859       2       java.lang.invoke.LambdaFormEditor::bindArgumentForm (269 bytes)

VM state:not at safepoint (normal execution)

VM Mutex/Monitor currently owned by a thread: None

OutOfMemory and StackOverflow Exception counts:
OutOfMemoryError java_heap_errors=1
LinkageErrors=78

Heap address: 0x0000000080000000, size: 2048 MB, Compressed Oops mode: 32-bit
Narrow klass base: 0x0000000000000000, Narrow klass shift: 3
Compressed class space size: 1073741824 Address: 0x0000000100000000

Heap:
 garbage-first heap   total 262144K, used 101409K [0x0000000080000000, 0x0000000100000000)
  region size 1024K, 85 young (87040K), 12 survivors (12288K)
 Metaspace       used 47014K, capacity 48246K, committed 48380K, reserved 1091584K
  class space    used 6003K, capacity 6451K, committed 6528K, reserved 1048576K
Heap Regions: E=young(eden), S=young(survivor), O=old, HS=humongous(starts), HC=humongous(continues), CS=collection set, F=free, A=archive, TAMS=top-at-mark-start (previous, next)
|   0|0x0000000080000000, 0x0000000080100000, 0x0000000080100000|100%| O|  |TAMS 0x0000000080100000, 0x0000000080000000| Untracked 
|   1|0x0000000080100000, 0x0000000080200000, 0x0000000080200000|100%| O|  |TAMS 0x0000000080200000, 0x0000000080100000| Untracked 
|   2|0x0000000080200000, 0x0000000080300000, 0x0000000080300000|100%| O|  |TAMS 0x0000000080300000, 0x0000000080200000| Untracked 
|   3|0x0000000080300000, 0x0000000080400000, 0x0000000080400000|100%|HS|  |TAMS 0x0000000080400000, 0x0000000080300000| Complete 
|   4|0x0000000080400000, 0x0000000080500000, 0x0000000080500000|100%|HC|  |TAMS 0x0000000080500000, 0x0000000080400000| Complete 
|   5|0x0000000080500000, 0x0000000080600000, 0x0000000080600000|100%|HC|  |TAMS 0x0000000080600000, 0x0000000080500000| Complete 
|   6|0x0000000080600000, 0x0000000080700000, 0x0000000080700000|100%| O|  |TAMS 0x0000000080700000, 0x0000000080600000| Untracked 
|   7|0x0000000080700000, 0x0000000080800000, 0x0000000080800000|100%| O|  |TAMS 0x0000000080800000, 0x0000000080700000| Untracked 
|   8|0x0000000080800000, 0x0000000080900000, 0x0000000080900000|100%| O|  |TAMS 0x0000000080900000, 0x0000000080800000| Untracked 
|   9|0x0000000080900000, 0x0000000080a00000, 0x0000000080a00000|100%| O|  |TAMS 0x0000000080a00000, 0x0000000080900000| Untracked 
|  10|0x0000000080a00000, 0x0000000080b00000, 0x0000000080b00000|100%| O|  |TAMS 0x0000000080b00000, 0x0000000080a00000| Untracked 
|  11|0x0000000080b00000, 0x0000000080c00000, 0x0000000080c00000|100%| O|  |TAMS 0x0000000080c00000, 0x0000000080b00000| Untracked 
|  12|0x0000000080c00000, 0x0000000080d00000, 0x0000000080d00000|100%| O|  |TAMS 0x0000000080d00000, 0x0000000080c00000| Untracked 
|  13|0x0000000080d00000, 0x0000000080e00000, 0x0000000080e00000|100%| O|  |TAMS 0x0000000080e00000, 0x0000000080d00000| Untracked 
|  14|0x0000000080e00000, 0x0000000080f00000, 0x0000000080f00000|100%| O|  |TAMS 0x0000000080f00000, 0x0000000080e00000| Untracked 
|  15|0x0000000080f00000, 0x0000000080f93a00, 0x0000000081000000| 57%| O|  |TAMS 0x0000000080f93a00, 0x0000000080f00000| Untracked 
|  16|0x0000000081000000, 0x0000000081000000, 0x0000000081100000|  0%| F|  |TAMS 0x0000000081000000, 0x0000000081000000| Untracked 
|  17|0x0000000081100000, 0x0000000081100000, 0x0000000081200000|  0%| F|  |TAMS 0x0000000081100000, 0x0000000081100000| Untracked 
|  18|0x0000000081200000, 0x0000000081200000, 0x0000000081300000|  0%| F|  |TAMS 0x0000000081200000, 0x0000000081200000| Untracked 
|  19|0x0000000081300000, 0x0000000081300000, 0x0000000081400000|  0%| F|  |TAMS 0x0000000081300000, 0x0000000081300000| Untracked 
|  20|0x0000000081400000, 0x0000000081400000, 0x0000000081500000|  0%| F|  |TAMS 0x0000000081400000, 0x0000000081400000| Untracked 
|  21|0x0000000081500000, 0x0000000081500000, 0x0000000081600000|  0%| F|  |TAMS 0x0000000081500000, 0x0000000081500000| Untracked 
|  22|0x0000000081600000, 0x0000000081600000, 0x0000000081700000|  0%| F|  |TAMS 0x0000000081600000, 0x0000000081600000| Untracked 
|  23|0x0000000081700000, 0x0000000081700000, 0x0000000081800000|  0%| F|  |TAMS 0x0000000081700000, 0x0000000081700000| Untracked 
|  24|0x0000000081800000, 0x0000000081800000, 0x0000000081900000|  0%| F|  |TAMS 0x0000000081800000, 0x0000000081800000| Untracked 
|  25|0x0000000081900000, 0x0000000081900000, 0x0000000081a00000|  0%| F|  |TAMS 0x0000000081900000, 0x0000000081900000| Untracked 
|  26|0x0000000081a00000, 0x0000000081a00000, 0x0000000081b00000|  0%| F|  |TAMS 0x0000000081a00000, 0x0000000081a00000| Untracked 
|  27|0x0000000081b00000, 0x0000000081b00000, 0x0000000081c00000|  0%| F|  |TAMS 0x0000000081b00000, 0x0000000081b00000| Untracked 
|  28|0x0000000081c00000, 0x0000000081c00000, 0x0000000081d00000|  0%| F|  |TAMS 0x0000000081c00000, 0x0000000081c00000| Untracked 
|  29|0x0000000081d00000, 0x0000000081d00000, 0x0000000081e00000|  0%| F|  |TAMS 0x0000000081d00000, 0x0000000081d00000| Untracked 
|  30|0x0000000081e00000, 0x0000000081e00000, 0x0000000081f00000|  0%| F|  |TAMS 0x0000000081e00000, 0x0000000081e00000| Untracked 
|  31|0x0000000081f00000, 0x0000000081f00000, 0x0000000082000000|  0%| F|  |TAMS 0x0000000081f00000, 0x0000000081f00000| Untracked 
|  32|0x0000000082000000, 0x0000000082000000, 0x0000000082100000|  0%| F|  |TAMS 0x0000000082000000, 0x0000000082000000| Untracked 
|  33|0x0000000082100000, 0x0000000082100000, 0x0000000082200000|  0%| F|  |TAMS 0x0000000082100000, 0x0000000082100000| Untracked 
|  34|0x0000000082200000, 0x0000000082200000, 0x0000000082300000|  0%| F|  |TAMS 0x0000000082200000, 0x0000000082200000| Untracked 
|  35|0x0000000082300000, 0x0000000082300000, 0x0000000082400000|  0%| F|  |TAMS 0x0000000082300000, 0x0000000082300000| Untracked 
|  36|0x0000000082400000, 0x0000000082400000, 0x0000000082500000|  0%| F|  |TAMS 0x0000000082400000, 0x0000000082400000| Untracked 
|  37|0x0000000082500000, 0x0000000082500000, 0x0000000082600000|  0%| F|  |TAMS 0x0000000082500000, 0x0000000082500000| Untracked 
|  38|0x0000000082600000, 0x0000000082600000, 0x0000000082700000|  0%| F|  |TAMS 0x0000000082600000, 0x0000000082600000| Untracked 
|  39|0x0000000082700000, 0x0000000082700000, 0x0000000082800000|  0%| F|  |TAMS 0x0000000082700000, 0x0000000082700000| Untracked 
|  40|0x0000000082800000, 0x0000000082800000, 0x0000000082900000|  0%| F|  |TAMS 0x0000000082800000, 0x0000000082800000| Untracked 
|  41|0x0000000082900000, 0x0000000082900000, 0x0000000082a00000|  0%| F|  |TAMS 0x0000000082900000, 0x0000000082900000| Untracked 
|  42|0x0000000082a00000, 0x0000000082a00000, 0x0000000082b00000|  0%| F|  |TAMS 0x0000000082a00000, 0x0000000082a00000| Untracked 
|  43|0x0000000082b00000, 0x0000000082b00000, 0x0000000082c00000|  0%| F|  |TAMS 0x0000000082b00000, 0x0000000082b00000| Untracked 
|  44|0x0000000082c00000, 0x0000000082c00000, 0x0000000082d00000|  0%| F|  |TAMS 0x0000000082c00000, 0x0000000082c00000| Untracked 
|  45|0x0000000082d00000, 0x0000000082d00000, 0x0000000082e00000|  0%| F|  |TAMS 0x0000000082d00000, 0x0000000082d00000| Untracked 
|  46|0x0000000082e00000, 0x0000000082e00000, 0x0000000082f00000|  0%| F|  |TAMS 0x0000000082e00000, 0x0000000082e00000| Untracked 
|  47|0x0000000082f00000, 0x0000000082f00000, 0x0000000083000000|  0%| F|  |TAMS 0x0000000082f00000, 0x0000000082f00000| Untracked 
|  48|0x0000000083000000, 0x0000000083000000, 0x0000000083100000|  0%| F|  |TAMS 0x0000000083000000, 0x0000000083000000| Untracked 
|  49|0x0000000083100000, 0x0000000083100000, 0x0000000083200000|  0%| F|  |TAMS 0x0000000083100000, 0x0000000083100000| Untracked 
|  50|0x0000000083200000, 0x0000000083200000, 0x0000000083300000|  0%| F|  |TAMS 0x0000000083200000, 0x0000000083200000| Untracked 
|  51|0x0000000083300000, 0x0000000083300000, 0x0000000083400000|  0%| F|  |TAMS 0x0000000083300000, 0x0000000083300000| Untracked 
|  52|0x0000000083400000, 0x0000000083400000, 0x0000000083500000|  0%| F|  |TAMS 0x0000000083400000, 0x0000000083400000| Untracked 
|  53|0x0000000083500000, 0x0000000083500000, 0x0000000083600000|  0%| F|  |TAMS 0x0000000083500000, 0x0000000083500000| Untracked 
|  54|0x0000000083600000, 0x0000000083600000, 0x0000000083700000|  0%| F|  |TAMS 0x0000000083600000, 0x0000000083600000| Untracked 
|  55|0x0000000083700000, 0x0000000083700000, 0x0000000083800000|  0%| F|  |TAMS 0x0000000083700000, 0x0000000083700000| Untracked 
|  56|0x0000000083800000, 0x0000000083800000, 0x0000000083900000|  0%| F|  |TAMS 0x0000000083800000, 0x0000000083800000| Untracked 
|  57|0x0000000083900000, 0x0000000083900000, 0x0000000083a00000|  0%| F|  |TAMS 0x0000000083900000, 0x0000000083900000| Untracked 
|  58|0x0000000083a00000, 0x0000000083a00000, 0x0000000083b00000|  0%| F|  |TAMS 0x0000000083a00000, 0x0000000083a00000| Untracked 
|  59|0x0000000083b00000, 0x0000000083b00000, 0x0000000083c00000|  0%| F|  |TAMS 0x0000000083b00000, 0x0000000083b00000| Untracked 
|  60|0x0000000083c00000, 0x0000000083c00000, 0x0000000083d00000|  0%| F|  |TAMS 0x0000000083c00000, 0x0000000083c00000| Untracked 
|  61|0x0000000083d00000, 0x0000000083d00000, 0x0000000083e00000|  0%| F|  |TAMS 0x0000000083d00000, 0x0000000083d00000| Untracked 
|  62|0x0000000083e00000, 0x0000000083e00000, 0x0000000083f00000|  0%| F|  |TAMS 0x0000000083e00000, 0x0000000083e00000| Untracked 
|  63|0x0000000083f00000, 0x0000000083f00000, 0x0000000084000000|  0%| F|  |TAMS 0x0000000083f00000, 0x0000000083f00000| Untracked 
|  64|0x0000000084000000, 0x0000000084000000, 0x0000000084100000|  0%| F|  |TAMS 0x0000000084000000, 0x0000000084000000| Untracked 
|  65|0x0000000084100000, 0x0000000084100000, 0x0000000084200000|  0%| F|  |TAMS 0x0000000084100000, 0x0000000084100000| Untracked 
|  66|0x0000000084200000, 0x0000000084200000, 0x0000000084300000|  0%| F|  |TAMS 0x0000000084200000, 0x0000000084200000| Untracked 
|  67|0x0000000084300000, 0x0000000084300000, 0x0000000084400000|  0%| F|  |TAMS 0x0000000084300000, 0x0000000084300000| Untracked 
|  68|0x0000000084400000, 0x0000000084400000, 0x0000000084500000|  0%| F|  |TAMS 0x0000000084400000, 0x0000000084400000| Untracked 
|  69|0x0000000084500000, 0x0000000084500000, 0x0000000084600000|  0%| F|  |TAMS 0x0000000084500000, 0x0000000084500000| Untracked 
|  70|0x0000000084600000, 0x0000000084600000, 0x0000000084700000|  0%| F|  |TAMS 0x0000000084600000, 0x0000000084600000| Untracked 
|  71|0x0000000084700000, 0x0000000084700000, 0x0000000084800000|  0%| F|  |TAMS 0x0000000084700000, 0x0000000084700000| Untracked 
|  72|0x0000000084800000, 0x0000000084800000, 0x0000000084900000|  0%| F|  |TAMS 0x0000000084800000, 0x0000000084800000| Untracked 
|  73|0x0000000084900000, 0x0000000084900000, 0x0000000084a00000|  0%| F|  |TAMS 0x0000000084900000, 0x0000000084900000| Untracked 
|  74|0x0000000084a00000, 0x0000000084a00000, 0x0000000084b00000|  0%| F|  |TAMS 0x0000000084a00000, 0x0000000084a00000| Untracked 
|  75|0x0000000084b00000, 0x0000000084b00000, 0x0000000084c00000|  0%| F|  |TAMS 0x0000000084b00000, 0x0000000084b00000| Untracked 
|  76|0x0000000084c00000, 0x0000000084c00000, 0x0000000084d00000|  0%| F|  |TAMS 0x0000000084c00000, 0x0000000084c00000| Untracked 
|  77|0x0000000084d00000, 0x0000000084d00000, 0x0000000084e00000|  0%| F|  |TAMS 0x0000000084d00000, 0x0000000084d00000| Untracked 
|  78|0x0000000084e00000, 0x0000000084e00000, 0x0000000084f00000|  0%| F|  |TAMS 0x0000000084e00000, 0x0000000084e00000| Untracked 
|  79|0x0000000084f00000, 0x0000000084f00000, 0x0000000085000000|  0%| F|  |TAMS 0x0000000084f00000, 0x0000000084f00000| Untracked 
|  80|0x0000000085000000, 0x0000000085000000, 0x0000000085100000|  0%| F|  |TAMS 0x0000000085000000, 0x0000000085000000| Untracked 
|  81|0x0000000085100000, 0x0000000085100000, 0x0000000085200000|  0%| F|  |TAMS 0x0000000085100000, 0x0000000085100000| Untracked 
|  82|0x0000000085200000, 0x0000000085200000, 0x0000000085300000|  0%| F|  |TAMS 0x0000000085200000, 0x0000000085200000| Untracked 
|  83|0x0000000085300000, 0x0000000085300000, 0x0000000085400000|  0%| F|  |TAMS 0x0000000085300000, 0x0000000085300000| Untracked 
|  84|0x0000000085400000, 0x0000000085400000, 0x0000000085500000|  0%| F|  |TAMS 0x0000000085400000, 0x0000000085400000| Untracked 
|  85|0x0000000085500000, 0x0000000085500000, 0x0000000085600000|  0%| F|  |TAMS 0x0000000085500000, 0x0000000085500000| Untracked 
|  86|0x0000000085600000, 0x0000000085600000, 0x0000000085700000|  0%| F|  |TAMS 0x0000000085600000, 0x0000000085600000| Untracked 
|  87|0x0000000085700000, 0x0000000085700000, 0x0000000085800000|  0%| F|  |TAMS 0x0000000085700000, 0x0000000085700000| Untracked 
|  88|0x0000000085800000, 0x0000000085800000, 0x0000000085900000|  0%| F|  |TAMS 0x0000000085800000, 0x0000000085800000| Untracked 
|  89|0x0000000085900000, 0x0000000085900000, 0x0000000085a00000|  0%| F|  |TAMS 0x0000000085900000, 0x0000000085900000| Untracked 
|  90|0x0000000085a00000, 0x0000000085a00000, 0x0000000085b00000|  0%| F|  |TAMS 0x0000000085a00000, 0x0000000085a00000| Untracked 
|  91|0x0000000085b00000, 0x0000000085b00000, 0x0000000085c00000|  0%| F|  |TAMS 0x0000000085b00000, 0x0000000085b00000| Untracked 
|  92|0x0000000085c00000, 0x0000000085c00000, 0x0000000085d00000|  0%| F|  |TAMS 0x0000000085c00000, 0x0000000085c00000| Untracked 
|  93|0x0000000085d00000, 0x0000000085d00000, 0x0000000085e00000|  0%| F|  |TAMS 0x0000000085d00000, 0x0000000085d00000| Untracked 
|  94|0x0000000085e00000, 0x0000000085e00000, 0x0000000085f00000|  0%| F|  |TAMS 0x0000000085e00000, 0x0000000085e00000| Untracked 
|  95|0x0000000085f00000, 0x0000000085f00000, 0x0000000086000000|  0%| F|  |TAMS 0x0000000085f00000, 0x0000000085f00000| Untracked 
|  96|0x0000000086000000, 0x0000000086000000, 0x0000000086100000|  0%| F|  |TAMS 0x0000000086000000, 0x0000000086000000| Untracked 
|  97|0x0000000086100000, 0x0000000086100000, 0x0000000086200000|  0%| F|  |TAMS 0x0000000086100000, 0x0000000086100000| Untracked 
|  98|0x0000000086200000, 0x0000000086200000, 0x0000000086300000|  0%| F|  |TAMS 0x0000000086200000, 0x0000000086200000| Untracked 
|  99|0x0000000086300000, 0x0000000086300000, 0x0000000086400000|  0%| F|  |TAMS 0x0000000086300000, 0x0000000086300000| Untracked 
| 100|0x0000000086400000, 0x0000000086400000, 0x0000000086500000|  0%| F|  |TAMS 0x0000000086400000, 0x0000000086400000| Untracked 
| 101|0x0000000086500000, 0x0000000086500000, 0x0000000086600000|  0%| F|  |TAMS 0x0000000086500000, 0x0000000086500000| Untracked 
| 102|0x0000000086600000, 0x0000000086600000, 0x0000000086700000|  0%| F|  |TAMS 0x0000000086600000, 0x0000000086600000| Untracked 
| 103|0x0000000086700000, 0x0000000086700000, 0x0000000086800000|  0%| F|  |TAMS 0x0000000086700000, 0x0000000086700000| Untracked 
| 104|0x0000000086800000, 0x0000000086800000, 0x0000000086900000|  0%| F|  |TAMS 0x0000000086800000, 0x0000000086800000| Untracked 
| 105|0x0000000086900000, 0x0000000086900000, 0x0000000086a00000|  0%| F|  |TAMS 0x0000000086900000, 0x0000000086900000| Untracked 
| 106|0x0000000086a00000, 0x0000000086a00000, 0x0000000086b00000|  0%| F|  |TAMS 0x0000000086a00000, 0x0000000086a00000| Untracked 
| 107|0x0000000086b00000, 0x0000000086b00000, 0x0000000086c00000|  0%| F|  |TAMS 0x0000000086b00000, 0x0000000086b00000| Untracked 
| 108|0x0000000086c00000, 0x0000000086c00000, 0x0000000086d00000|  0%| F|  |TAMS 0x0000000086c00000, 0x0000000086c00000| Untracked 
| 109|0x0000000086d00000, 0x0000000086d00000, 0x0000000086e00000|  0%| F|  |TAMS 0x0000000086d00000, 0x0000000086d00000| Untracked 
| 110|0x0000000086e00000, 0x0000000086e00000, 0x0000000086f00000|  0%| F|  |TAMS 0x0000000086e00000, 0x0000000086e00000| Untracked 
| 111|0x0000000086f00000, 0x0000000086f00000, 0x0000000087000000|  0%| F|  |TAMS 0x0000000086f00000, 0x0000000086f00000| Untracked 
| 112|0x0000000087000000, 0x0000000087000000, 0x0000000087100000|  0%| F|  |TAMS 0x0000000087000000, 0x0000000087000000| Untracked 
| 113|0x0000000087100000, 0x0000000087100000, 0x0000000087200000|  0%| F|  |TAMS 0x0000000087100000, 0x0000000087100000| Untracked 
| 114|0x0000000087200000, 0x0000000087200000, 0x0000000087300000|  0%| F|  |TAMS 0x0000000087200000, 0x0000000087200000| Untracked 
| 115|0x0000000087300000, 0x0000000087300000, 0x0000000087400000|  0%| F|  |TAMS 0x0000000087300000, 0x0000000087300000| Untracked 
| 116|0x0000000087400000, 0x0000000087400000, 0x0000000087500000|  0%| F|  |TAMS 0x0000000087400000, 0x0000000087400000| Untracked 
| 117|0x0000000087500000, 0x0000000087500000, 0x0000000087600000|  0%| F|  |TAMS 0x0000000087500000, 0x0000000087500000| Untracked 
| 118|0x0000000087600000, 0x0000000087600000, 0x0000000087700000|  0%| F|  |TAMS 0x0000000087600000, 0x0000000087600000| Untracked 
| 119|0x0000000087700000, 0x0000000087700000, 0x0000000087800000|  0%| F|  |TAMS 0x0000000087700000, 0x0000000087700000| Untracked 
| 120|0x0000000087800000, 0x0000000087800000, 0x0000000087900000|  0%| F|  |TAMS 0x0000000087800000, 0x0000000087800000| Untracked 
| 121|0x0000000087900000, 0x0000000087900000, 0x0000000087a00000|  0%| F|  |TAMS 0x0000000087900000, 0x0000000087900000| Untracked 
| 122|0x0000000087a00000, 0x0000000087a00000, 0x0000000087b00000|  0%| F|  |TAMS 0x0000000087a00000, 0x0000000087a00000| Untracked 
| 123|0x0000000087b00000, 0x0000000087b00000, 0x0000000087c00000|  0%| F|  |TAMS 0x0000000087b00000, 0x0000000087b00000| Untracked 
| 124|0x0000000087c00000, 0x0000000087c00000, 0x0000000087d00000|  0%| F|  |TAMS 0x0000000087c00000, 0x0000000087c00000| Untracked 
| 125|0x0000000087d00000, 0x0000000087d00000, 0x0000000087e00000|  0%| F|  |TAMS 0x0000000087d00000, 0x0000000087d00000| Untracked 
| 126|0x0000000087e00000, 0x0000000087e00000, 0x0000000087f00000|  0%| F|  |TAMS 0x0000000087e00000, 0x0000000087e00000| Untracked 
| 127|0x0000000087f00000, 0x0000000087f00000, 0x0000000088000000|  0%| F|  |TAMS 0x0000000087f00000, 0x0000000087f00000| Untracked 
| 128|0x0000000088000000, 0x0000000088000000, 0x0000000088100000|  0%| F|  |TAMS 0x0000000088000000, 0x0000000088000000| Untracked 
| 129|0x0000000088100000, 0x0000000088100000, 0x0000000088200000|  0%| F|  |TAMS 0x0000000088100000, 0x0000000088100000| Untracked 
| 130|0x0000000088200000, 0x0000000088200000, 0x0000000088300000|  0%| F|  |TAMS 0x0000000088200000, 0x0000000088200000| Untracked 
| 131|0x0000000088300000, 0x0000000088300000, 0x0000000088400000|  0%| F|  |TAMS 0x0000000088300000, 0x0000000088300000| Untracked 
| 132|0x0000000088400000, 0x0000000088400000, 0x0000000088500000|  0%| F|  |TAMS 0x0000000088400000, 0x0000000088400000| Untracked 
| 133|0x0000000088500000, 0x0000000088500000, 0x0000000088600000|  0%| F|  |TAMS 0x0000000088500000, 0x0000000088500000| Untracked 
| 134|0x0000000088600000, 0x0000000088600000, 0x0000000088700000|  0%| F|  |TAMS 0x0000000088600000, 0x0000000088600000| Untracked 
| 135|0x0000000088700000, 0x0000000088700000, 0x0000000088800000|  0%| F|  |TAMS 0x0000000088700000, 0x0000000088700000| Untracked 
| 136|0x0000000088800000, 0x0000000088800000, 0x0000000088900000|  0%| F|  |TAMS 0x0000000088800000, 0x0000000088800000| Untracked 
| 137|0x0000000088900000, 0x0000000088900000, 0x0000000088a00000|  0%| F|  |TAMS 0x0000000088900000, 0x0000000088900000| Untracked 
| 138|0x0000000088a00000, 0x0000000088a00000, 0x0000000088b00000|  0%| F|  |TAMS 0x0000000088a00000, 0x0000000088a00000| Untracked 
| 139|0x0000000088b00000, 0x0000000088b00000, 0x0000000088c00000|  0%| F|  |TAMS 0x0000000088b00000, 0x0000000088b00000| Untracked 
| 140|0x0000000088c00000, 0x0000000088c00000, 0x0000000088d00000|  0%| F|  |TAMS 0x0000000088c00000, 0x0000000088c00000| Untracked 
| 141|0x0000000088d00000, 0x0000000088d00000, 0x0000000088e00000|  0%| F|  |TAMS 0x0000000088d00000, 0x0000000088d00000| Untracked 
| 142|0x0000000088e00000, 0x0000000088e00000, 0x0000000088f00000|  0%| F|  |TAMS 0x0000000088e00000, 0x0000000088e00000| Untracked 
| 143|0x0000000088f00000, 0x0000000088f00000, 0x0000000089000000|  0%| F|  |TAMS 0x0000000088f00000, 0x0000000088f00000| Untracked 
| 144|0x0000000089000000, 0x0000000089000000, 0x0000000089100000|  0%| F|  |TAMS 0x0000000089000000, 0x0000000089000000| Untracked 
| 145|0x0000000089100000, 0x0000000089100000, 0x0000000089200000|  0%| F|  |TAMS 0x0000000089100000, 0x0000000089100000| Untracked 
| 146|0x0000000089200000, 0x0000000089274c88, 0x0000000089300000| 45%| S|CS|TAMS 0x0000000089200000, 0x0000000089200000| Complete 
| 147|0x0000000089300000, 0x0000000089400000, 0x0000000089400000|100%| S|CS|TAMS 0x0000000089300000, 0x0000000089300000| Complete 
| 148|0x0000000089400000, 0x0000000089500000, 0x0000000089500000|100%| S|CS|TAMS 0x0000000089400000, 0x0000000089400000| Complete 
| 149|0x0000000089500000, 0x0000000089600000, 0x0000000089600000|100%| S|CS|TAMS 0x0000000089500000, 0x0000000089500000| Complete 
| 150|0x0000000089600000, 0x0000000089700000, 0x0000000089700000|100%| S|CS|TAMS 0x0000000089600000, 0x0000000089600000| Complete 
| 151|0x0000000089700000, 0x0000000089800000, 0x0000000089800000|100%| S|CS|TAMS 0x0000000089700000, 0x0000000089700000| Complete 
| 152|0x0000000089800000, 0x0000000089900000, 0x0000000089900000|100%| S|CS|TAMS 0x0000000089800000, 0x0000000089800000| Complete 
| 153|0x0000000089900000, 0x0000000089a00000, 0x0000000089a00000|100%| S|CS|TAMS 0x0000000089900000, 0x0000000089900000| Complete 
| 154|0x0000000089a00000, 0x0000000089b00000, 0x0000000089b00000|100%| S|CS|TAMS 0x0000000089a00000, 0x0000000089a00000| Complete 
| 155|0x0000000089b00000, 0x0000000089c00000, 0x0000000089c00000|100%| S|CS|TAMS 0x0000000089b00000, 0x0000000089b00000| Complete 
| 156|0x0000000089c00000, 0x0000000089d00000, 0x0000000089d00000|100%| S|CS|TAMS 0x0000000089c00000, 0x0000000089c00000| Complete 
| 157|0x0000000089d00000, 0x0000000089e00000, 0x0000000089e00000|100%| S|CS|TAMS 0x0000000089d00000, 0x0000000089d00000| Complete 
| 158|0x0000000089e00000, 0x0000000089e00000, 0x0000000089f00000|  0%| F|  |TAMS 0x0000000089e00000, 0x0000000089e00000| Untracked 
| 159|0x0000000089f00000, 0x0000000089f00000, 0x000000008a000000|  0%| F|  |TAMS 0x0000000089f00000, 0x0000000089f00000| Untracked 
| 160|0x000000008a000000, 0x000000008a000000, 0x000000008a100000|  0%| F|  |TAMS 0x000000008a000000, 0x000000008a000000| Untracked 
| 161|0x000000008a100000, 0x000000008a100000, 0x000000008a200000|  0%| F|  |TAMS 0x000000008a100000, 0x000000008a100000| Untracked 
| 162|0x000000008a200000, 0x000000008a200000, 0x000000008a300000|  0%| F|  |TAMS 0x000000008a200000, 0x000000008a200000| Untracked 
| 163|0x000000008a300000, 0x000000008a300000, 0x000000008a400000|  0%| F|  |TAMS 0x000000008a300000, 0x000000008a300000| Untracked 
| 164|0x000000008a400000, 0x000000008a400000, 0x000000008a500000|  0%| F|  |TAMS 0x000000008a400000, 0x000000008a400000| Untracked 
| 165|0x000000008a500000, 0x000000008a500000, 0x000000008a600000|  0%| F|  |TAMS 0x000000008a500000, 0x000000008a500000| Untracked 
| 166|0x000000008a600000, 0x000000008a600000, 0x000000008a700000|  0%| F|  |TAMS 0x000000008a600000, 0x000000008a600000| Untracked 
| 167|0x000000008a700000, 0x000000008a700000, 0x000000008a800000|  0%| F|  |TAMS 0x000000008a700000, 0x000000008a700000| Untracked 
| 168|0x000000008a800000, 0x000000008a800000, 0x000000008a900000|  0%| F|  |TAMS 0x000000008a800000, 0x000000008a800000| Untracked 
| 169|0x000000008a900000, 0x000000008a900000, 0x000000008aa00000|  0%| F|  |TAMS 0x000000008a900000, 0x000000008a900000| Untracked 
| 170|0x000000008aa00000, 0x000000008aa00000, 0x000000008ab00000|  0%| F|  |TAMS 0x000000008aa00000, 0x000000008aa00000| Untracked 
| 171|0x000000008ab00000, 0x000000008ab00000, 0x000000008ac00000|  0%| F|  |TAMS 0x000000008ab00000, 0x000000008ab00000| Untracked 
| 172|0x000000008ac00000, 0x000000008ac00000, 0x000000008ad00000|  0%| F|  |TAMS 0x000000008ac00000, 0x000000008ac00000| Untracked 
| 173|0x000000008ad00000, 0x000000008ad00000, 0x000000008ae00000|  0%| F|  |TAMS 0x000000008ad00000, 0x000000008ad00000| Untracked 
| 174|0x000000008ae00000, 0x000000008ae00000, 0x000000008af00000|  0%| F|  |TAMS 0x000000008ae00000, 0x000000008ae00000| Untracked 
| 175|0x000000008af00000, 0x000000008af00000, 0x000000008b000000|  0%| F|  |TAMS 0x000000008af00000, 0x000000008af00000| Untracked 
| 176|0x000000008b000000, 0x000000008b000000, 0x000000008b100000|  0%| F|  |TAMS 0x000000008b000000, 0x000000008b000000| Untracked 
| 177|0x000000008b100000, 0x000000008b100000, 0x000000008b200000|  0%| F|  |TAMS 0x000000008b100000, 0x000000008b100000| Untracked 
| 178|0x000000008b200000, 0x000000008b200000, 0x000000008b300000|  0%| F|  |TAMS 0x000000008b200000, 0x000000008b200000| Untracked 
| 179|0x000000008b300000, 0x000000008b300000, 0x000000008b400000|  0%| F|  |TAMS 0x000000008b300000, 0x000000008b300000| Untracked 
| 180|0x000000008b400000, 0x000000008b400000, 0x000000008b500000|  0%| F|  |TAMS 0x000000008b400000, 0x000000008b400000| Untracked 
| 181|0x000000008b500000, 0x000000008b500000, 0x000000008b600000|  0%| F|  |TAMS 0x000000008b500000, 0x000000008b500000| Untracked 
| 182|0x000000008b600000, 0x000000008b680800, 0x000000008b700000| 50%| E|  |TAMS 0x000000008b600000, 0x000000008b600000| Complete 
| 183|0x000000008b700000, 0x000000008b800000, 0x000000008b800000|100%| E|CS|TAMS 0x000000008b700000, 0x000000008b700000| Complete 
| 184|0x000000008b800000, 0x000000008b900000, 0x000000008b900000|100%| E|CS|TAMS 0x000000008b800000, 0x000000008b800000| Complete 
| 185|0x000000008b900000, 0x000000008ba00000, 0x000000008ba00000|100%| E|CS|TAMS 0x000000008b900000, 0x000000008b900000| Complete 
| 186|0x000000008ba00000, 0x000000008bb00000, 0x000000008bb00000|100%| E|CS|TAMS 0x000000008ba00000, 0x000000008ba00000| Complete 
| 187|0x000000008bb00000, 0x000000008bc00000, 0x000000008bc00000|100%| E|CS|TAMS 0x000000008bb00000, 0x000000008bb00000| Complete 
| 188|0x000000008bc00000, 0x000000008bd00000, 0x000000008bd00000|100%| E|CS|TAMS 0x000000008bc00000, 0x000000008bc00000| Complete 
| 189|0x000000008bd00000, 0x000000008be00000, 0x000000008be00000|100%| E|CS|TAMS 0x000000008bd00000, 0x000000008bd00000| Complete 
| 190|0x000000008be00000, 0x000000008bf00000, 0x000000008bf00000|100%| E|CS|TAMS 0x000000008be00000, 0x000000008be00000| Complete 
| 191|0x000000008bf00000, 0x000000008c000000, 0x000000008c000000|100%| E|CS|TAMS 0x000000008bf00000, 0x000000008bf00000| Complete 
| 192|0x000000008c000000, 0x000000008c100000, 0x000000008c100000|100%| E|CS|TAMS 0x000000008c000000, 0x000000008c000000| Complete 
| 193|0x000000008c100000, 0x000000008c200000, 0x000000008c200000|100%| E|CS|TAMS 0x000000008c100000, 0x000000008c100000| Complete 
| 194|0x000000008c200000, 0x000000008c300000, 0x000000008c300000|100%| E|CS|TAMS 0x000000008c200000, 0x000000008c200000| Complete 
| 195|0x000000008c300000, 0x000000008c400000, 0x000000008c400000|100%| E|CS|TAMS 0x000000008c300000, 0x000000008c300000| Complete 
| 196|0x000000008c400000, 0x000000008c500000, 0x000000008c500000|100%| E|CS|TAMS 0x000000008c400000, 0x000000008c400000| Complete 
| 197|0x000000008c500000, 0x000000008c600000, 0x000000008c600000|100%| E|CS|TAMS 0x000000008c500000, 0x000000008c500000| Complete 
| 198|0x000000008c600000, 0x000000008c700000, 0x000000008c700000|100%| E|CS|TAMS 0x000000008c600000, 0x000000008c600000| Complete 
| 199|0x000000008c700000, 0x000000008c800000, 0x000000008c800000|100%| E|CS|TAMS 0x000000008c700000, 0x000000008c700000| Complete 
| 200|0x000000008c800000, 0x000000008c900000, 0x000000008c900000|100%| E|CS|TAMS 0x000000008c800000, 0x000000008c800000| Complete 
| 201|0x000000008c900000, 0x000000008ca00000, 0x000000008ca00000|100%| E|CS|TAMS 0x000000008c900000, 0x000000008c900000| Complete 
| 202|0x000000008ca00000, 0x000000008cb00000, 0x000000008cb00000|100%| E|CS|TAMS 0x000000008ca00000, 0x000000008ca00000| Complete 
| 203|0x000000008cb00000, 0x000000008cc00000, 0x000000008cc00000|100%| E|CS|TAMS 0x000000008cb00000, 0x000000008cb00000| Complete 
| 204|0x000000008cc00000, 0x000000008cd00000, 0x000000008cd00000|100%| E|CS|TAMS 0x000000008cc00000, 0x000000008cc00000| Complete 
| 205|0x000000008cd00000, 0x000000008ce00000, 0x000000008ce00000|100%| E|CS|TAMS 0x000000008cd00000, 0x000000008cd00000| Complete 
| 206|0x000000008ce00000, 0x000000008cf00000, 0x000000008cf00000|100%| E|CS|TAMS 0x000000008ce00000, 0x000000008ce00000| Complete 
| 207|0x000000008cf00000, 0x000000008d000000, 0x000000008d000000|100%| E|CS|TAMS 0x000000008cf00000, 0x000000008cf00000| Complete 
| 208|0x000000008d000000, 0x000000008d100000, 0x000000008d100000|100%| E|CS|TAMS 0x000000008d000000, 0x000000008d000000| Complete 
| 209|0x000000008d100000, 0x000000008d200000, 0x000000008d200000|100%| E|CS|TAMS 0x000000008d100000, 0x000000008d100000| Complete 
| 210|0x000000008d200000, 0x000000008d300000, 0x000000008d300000|100%| E|CS|TAMS 0x000000008d200000, 0x000000008d200000| Complete 
| 211|0x000000008d300000, 0x000000008d400000, 0x000000008d400000|100%| E|CS|TAMS 0x000000008d300000, 0x000000008d300000| Complete 
| 212|0x000000008d400000, 0x000000008d500000, 0x000000008d500000|100%| E|CS|TAMS 0x000000008d400000, 0x000000008d400000| Complete 
| 213|0x000000008d500000, 0x000000008d600000, 0x000000008d600000|100%| E|CS|TAMS 0x000000008d500000, 0x000000008d500000| Complete 
| 214|0x000000008d600000, 0x000000008d700000, 0x000000008d700000|100%| E|CS|TAMS 0x000000008d600000, 0x000000008d600000| Complete 
| 215|0x000000008d700000, 0x000000008d800000, 0x000000008d800000|100%| E|CS|TAMS 0x000000008d700000, 0x000000008d700000| Complete 
| 216|0x000000008d800000, 0x000000008d900000, 0x000000008d900000|100%| E|CS|TAMS 0x000000008d800000, 0x000000008d800000| Complete 
| 217|0x000000008d900000, 0x000000008da00000, 0x000000008da00000|100%| E|CS|TAMS 0x000000008d900000, 0x000000008d900000| Complete 
| 218|0x000000008da00000, 0x000000008db00000, 0x000000008db00000|100%| E|CS|TAMS 0x000000008da00000, 0x000000008da00000| Complete 
| 219|0x000000008db00000, 0x000000008dc00000, 0x000000008dc00000|100%| E|CS|TAMS 0x000000008db00000, 0x000000008db00000| Complete 
| 220|0x000000008dc00000, 0x000000008dd00000, 0x000000008dd00000|100%| E|CS|TAMS 0x000000008dc00000, 0x000000008dc00000| Complete 
| 221|0x000000008dd00000, 0x000000008de00000, 0x000000008de00000|100%| E|CS|TAMS 0x000000008dd00000, 0x000000008dd00000| Complete 
| 222|0x000000008de00000, 0x000000008df00000, 0x000000008df00000|100%| E|CS|TAMS 0x000000008de00000, 0x000000008de00000| Complete 
| 223|0x000000008df00000, 0x000000008e000000, 0x000000008e000000|100%| E|CS|TAMS 0x000000008df00000, 0x000000008df00000| Complete 
| 224|0x000000008e000000, 0x000000008e100000, 0x000000008e100000|100%| E|CS|TAMS 0x000000008e000000, 0x000000008e000000| Complete 
| 225|0x000000008e100000, 0x000000008e200000, 0x000000008e200000|100%| E|CS|TAMS 0x000000008e100000, 0x000000008e100000| Complete 
| 226|0x000000008e200000, 0x000000008e300000, 0x000000008e300000|100%| E|CS|TAMS 0x000000008e200000, 0x000000008e200000| Complete 
| 227|0x000000008e300000, 0x000000008e400000, 0x000000008e400000|100%| E|CS|TAMS 0x000000008e300000, 0x000000008e300000| Complete 
| 228|0x000000008e400000, 0x000000008e500000, 0x000000008e500000|100%| E|CS|TAMS 0x000000008e400000, 0x000000008e400000| Complete 
| 229|0x000000008e500000, 0x000000008e600000, 0x000000008e600000|100%| E|CS|TAMS 0x000000008e500000, 0x000000008e500000| Complete 
| 230|0x000000008e600000, 0x000000008e700000, 0x000000008e700000|100%| E|CS|TAMS 0x000000008e600000, 0x000000008e600000| Complete 
| 231|0x000000008e700000, 0x000000008e800000, 0x000000008e800000|100%| E|CS|TAMS 0x000000008e700000, 0x000000008e700000| Complete 
| 232|0x000000008e800000, 0x000000008e900000, 0x000000008e900000|100%| E|CS|TAMS 0x000000008e800000, 0x000000008e800000| Complete 
| 233|0x000000008e900000, 0x000000008ea00000, 0x000000008ea00000|100%| E|CS|TAMS 0x000000008e900000, 0x000000008e900000| Complete 
| 234|0x000000008ea00000, 0x000000008eb00000, 0x000000008eb00000|100%| E|CS|TAMS 0x000000008ea00000, 0x000000008ea00000| Complete 
| 235|0x000000008eb00000, 0x000000008ec00000, 0x000000008ec00000|100%| E|CS|TAMS 0x000000008eb00000, 0x000000008eb00000| Complete 
| 236|0x000000008ec00000, 0x000000008ed00000, 0x000000008ed00000|100%| E|CS|TAMS 0x000000008ec00000, 0x000000008ec00000| Complete 
| 237|0x000000008ed00000, 0x000000008ee00000, 0x000000008ee00000|100%| E|CS|TAMS 0x000000008ed00000, 0x000000008ed00000| Complete 
| 238|0x000000008ee00000, 0x000000008ef00000, 0x000000008ef00000|100%| E|CS|TAMS 0x000000008ee00000, 0x000000008ee00000| Complete 
| 239|0x000000008ef00000, 0x000000008f000000, 0x000000008f000000|100%| E|CS|TAMS 0x000000008ef00000, 0x000000008ef00000| Complete 
| 240|0x000000008f000000, 0x000000008f100000, 0x000000008f100000|100%| E|CS|TAMS 0x000000008f000000, 0x000000008f000000| Complete 
| 241|0x000000008f100000, 0x000000008f200000, 0x000000008f200000|100%| E|CS|TAMS 0x000000008f100000, 0x000000008f100000| Complete 
| 242|0x000000008f200000, 0x000000008f300000, 0x000000008f300000|100%| E|CS|TAMS 0x000000008f200000, 0x000000008f200000| Complete 
| 243|0x000000008f300000, 0x000000008f400000, 0x000000008f400000|100%| E|CS|TAMS 0x000000008f300000, 0x000000008f300000| Complete 
| 244|0x000000008f400000, 0x000000008f500000, 0x000000008f500000|100%| E|CS|TAMS 0x000000008f400000, 0x000000008f400000| Complete 
| 245|0x000000008f500000, 0x000000008f600000, 0x000000008f600000|100%| E|CS|TAMS 0x000000008f500000, 0x000000008f500000| Complete 
| 246|0x000000008f600000, 0x000000008f700000, 0x000000008f700000|100%| E|CS|TAMS 0x000000008f600000, 0x000000008f600000| Complete 
| 247|0x000000008f700000, 0x000000008f800000, 0x000000008f800000|100%| E|CS|TAMS 0x000000008f700000, 0x000000008f700000| Complete 
| 248|0x000000008f800000, 0x000000008f900000, 0x000000008f900000|100%| E|CS|TAMS 0x000000008f800000, 0x000000008f800000| Complete 
| 249|0x000000008f900000, 0x000000008fa00000, 0x000000008fa00000|100%| E|CS|TAMS 0x000000008f900000, 0x000000008f900000| Complete 
| 250|0x000000008fa00000, 0x000000008fb00000, 0x000000008fb00000|100%| E|CS|TAMS 0x000000008fa00000, 0x000000008fa00000| Complete 
| 251|0x000000008fb00000, 0x000000008fc00000, 0x000000008fc00000|100%| E|CS|TAMS 0x000000008fb00000, 0x000000008fb00000| Complete 
| 252|0x000000008fc00000, 0x000000008fd00000, 0x000000008fd00000|100%| E|CS|TAMS 0x000000008fc00000, 0x000000008fc00000| Complete 
| 253|0x000000008fd00000, 0x000000008fe00000, 0x000000008fe00000|100%| E|CS|TAMS 0x000000008fd00000, 0x000000008fd00000| Complete 
| 254|0x000000008fe00000, 0x000000008ff00000, 0x000000008ff00000|100%| E|CS|TAMS 0x000000008fe00000, 0x000000008fe00000| Complete 
| 255|0x000000008ff00000, 0x0000000090000000, 0x0000000090000000|100%| E|CS|TAMS 0x000000008ff00000, 0x000000008ff00000| Complete 

Card table byte_map: [0x0000028e6e5a0000,0x0000028e6e9a0000] _byte_map_base: 0x0000028e6e1a0000

Marking Bits (Prev, Next): (CMBitMap*) 0x0000028e592305c8, (CMBitMap*) 0x0000028e59230600
 Prev Bits: [0x0000028e6eda0000, 0x0000028e70da0000)
 Next Bits: [0x0000028e70da0000, 0x0000028e72da0000)

Polling page: 0x0000028e592d0000

Metaspace:

Usage:
  Non-class:     40.83 MB capacity,    40.08 MB ( 98%) used,   643.08 KB (  2%) free+waste,   125.50 KB ( <1%) overhead. 
      Class:      6.30 MB capacity,     5.87 MB ( 93%) used,   385.15 KB (  6%) free+waste,    59.81 KB ( <1%) overhead. 
       Both:     47.13 MB capacity,    45.94 MB ( 97%) used,     1.00 MB (  2%) free+waste,   185.31 KB ( <1%) overhead. 

Virtual space:
  Non-class space:       42.00 MB reserved,      40.87 MB ( 97%) committed 
      Class space:        1.00 GB reserved,       6.38 MB ( <1%) committed 
             Both:        1.04 GB reserved,      47.25 MB (  4%) committed 

Chunk freelists:
   Non-Class:  1.00 KB
       Class:  0 bytes
        Both:  1.00 KB

MaxMetaspaceSize: 17179869184.00 GB
CompressedClassSpaceSize: 1.00 GB

CodeHeap 'non-profiled nmethods': size=120000Kb used=1922Kb max_used=1922Kb free=118078Kb
 bounds [0x0000028e65fe0000, 0x0000028e66250000, 0x0000028e6d510000]
CodeHeap 'profiled nmethods': size=120000Kb used=8494Kb max_used=8494Kb free=111505Kb
 bounds [0x0000028e5eab0000, 0x0000028e5f300000, 0x0000028e65fe0000]
CodeHeap 'non-nmethods': size=5760Kb used=2214Kb max_used=2248Kb free=3545Kb
 bounds [0x0000028e5e510000, 0x0000028e5e780000, 0x0000028e5eab0000]
 total_blobs=5565 nmethods=4779 adapters=697
 compilation: enabled
              stopped_count=0, restarted_count=0
 full_count=0

Compilation events (20 events):
Event: 17.049 Thread 0x0000028e76383800 nmethod 4818 0x0000028e5f2ee510 code [0x0000028e5f2ee6c0, 0x0000028e5f2ee8b8]
Event: 17.051 Thread 0x0000028e76383800 4819       1       org.gradle.internal.concurrent.ManagedExecutorImpl::access$000 (5 bytes)
Event: 17.051 Thread 0x0000028e76383800 nmethod 4819 0x0000028e661bd810 code [0x0000028e661bd9c0, 0x0000028e661bda58]
Event: 17.051 Thread 0x0000028e76383800 4820       2       java.util.concurrent.ThreadPoolExecutor::runStateAtLeast (11 bytes)
Event: 17.051 Thread 0x0000028e76383800 nmethod 4820 0x0000028e5f2eea10 code [0x0000028e5f2eebc0, 0x0000028e5f2eecb8]
Event: 17.051 Thread 0x0000028e76383800 4823       2       java.util.Optional::get (22 bytes)
Event: 17.051 Thread 0x0000028e76383800 nmethod 4823 0x0000028e5f2eed90 code [0x0000028e5f2eef60, 0x0000028e5f2ef128]
Event: 17.051 Thread 0x0000028e76383800 4821   !   2       org.gradle.internal.concurrent.ExecutorPolicy$CatchAndRecordFailures::onExecute (29 bytes)
Event: 17.053 Thread 0x0000028e76383800 nmethod 4821 0x0000028e5f2ef210 code [0x0000028e5f2ef4e0, 0x0000028e5f2effa8]
Event: 17.053 Thread 0x0000028e76383800 4822       1       org.gradle.internal.concurrent.ManagedExecutorImpl::access$100 (5 bytes)
Event: 17.053 Thread 0x0000028e76383800 nmethod 4822 0x0000028e661bdf10 code [0x0000028e661be0c0, 0x0000028e661be158]
Event: 17.054 Thread 0x0000028e76383800 4824       1       org.gradle.internal.operations.DefaultBuildOperationQueue::access$200 (5 bytes)
Event: 17.054 Thread 0x0000028e76383800 nmethod 4824 0x0000028e661be210 code [0x0000028e661be3c0, 0x0000028e661be458]
Event: 17.054 Thread 0x0000028e76383800 4826       2       com.google.common.cache.LocalCache$EntryFactory$2::newEntry (12 bytes)
Event: 17.055 Thread 0x0000028e76383800 nmethod 4826 0x0000028e5f2f0610 code [0x0000028e5f2f07e0, 0x0000028e5f2f0b78]
Event: 17.055 Thread 0x0000028e76383800 4827       2       com.google.common.cache.LocalCache$StrongAccessEntry::<init> (29 bytes)
Event: 17.055 Thread 0x0000028e76383800 nmethod 4827 0x0000028e5f2f0c10 code [0x0000028e5f2f0de0, 0x0000028e5f2f10f8]
Event: 17.058 Thread 0x0000028e76383800 4828       2       org.gradle.api.internal.artifacts.result.DefaultResolvedVariantResult::computeHashCode (69 bytes)
Event: 17.059 Thread 0x0000028e76383800 nmethod 4828 0x0000028e5f2f1190 code [0x0000028e5f2f1380, 0x0000028e5f2f15a8]
Event: 17.059 Thread 0x0000028e76383800 4829       2       org.gradle.internal.model.CalculatedValueContainer::finalizeIfNotAlready (6 bytes)

GC Heap History (10 events):
Event: 1.427 GC heap before
{Heap before GC invocations=0 (full 0):
 garbage-first heap   total 262144K, used 29696K [0x0000000080000000, 0x0000000100000000)
  region size 1024K, 24 young (24576K), 0 survivors (0K)
 Metaspace       used 9818K, capacity 9986K, committed 10112K, reserved 1058816K
  class space    used 1022K, capacity 1102K, committed 1152K, reserved 1048576K
}
Event: 1.449 GC heap after
{Heap after GC invocations=1 (full 0):
 garbage-first heap   total 262144K, used 9257K [0x0000000080000000, 0x0000000100000000)
  region size 1024K, 3 young (3072K), 3 survivors (3072K)
 Metaspace       used 9818K, capacity 9986K, committed 10112K, reserved 1058816K
  class space    used 1022K, capacity 1102K, committed 1152K, reserved 1048576K
}
Event: 10.541 GC heap before
{Heap before GC invocations=1 (full 0):
 garbage-first heap   total 262144K, used 104489K [0x0000000080000000, 0x0000000100000000)
  region size 1024K, 97 young (99328K), 3 survivors (3072K)
 Metaspace       used 20617K, capacity 21150K, committed 21296K, reserved 1069056K
  class space    used 2514K, capacity 2688K, committed 2688K, reserved 1048576K
}
Event: 10.552 GC heap after
{Heap after GC invocations=2 (full 0):
 garbage-first heap   total 262144K, used 16402K [0x0000000080000000, 0x0000000100000000)
  region size 1024K, 10 young (10240K), 10 survivors (10240K)
 Metaspace       used 20617K, capacity 21150K, committed 21296K, reserved 1069056K
  class space    used 2514K, capacity 2688K, committed 2688K, reserved 1048576K
}
Event: 11.620 GC heap before
{Heap before GC invocations=3 (full 0):
 garbage-first heap   total 262144K, used 60434K [0x0000000080000000, 0x0000000100000000)
  region size 1024K, 53 young (54272K), 10 survivors (10240K)
 Metaspace       used 25061K, capacity 25667K, committed 25904K, reserved 1071104K
  class space    used 3250K, capacity 3453K, committed 3456K, reserved 1048576K
}
Event: 11.629 GC heap after
{Heap after GC invocations=4 (full 0):
 garbage-first heap   total 262144K, used 17998K [0x0000000080000000, 0x0000000100000000)
  region size 1024K, 2 young (2048K), 2 survivors (2048K)
 Metaspace       used 25061K, capacity 25667K, committed 25904K, reserved 1071104K
  class space    used 3250K, capacity 3453K, committed 3456K, reserved 1048576K
}
Event: 13.407 GC heap before
{Heap before GC invocations=4 (full 0):
 garbage-first heap   total 262144K, used 84558K [0x0000000080000000, 0x0000000100000000)
  region size 1024K, 68 young (69632K), 2 survivors (2048K)
 Metaspace       used 34811K, capacity 35607K, committed 35708K, reserved 1081344K
  class space    used 4529K, capacity 4832K, committed 4864K, reserved 1048576K
}
Event: 13.418 GC heap after
{Heap after GC invocations=5 (full 0):
 garbage-first heap   total 262144K, used 21966K [0x0000000080000000, 0x0000000100000000)
  region size 1024K, 6 young (6144K), 6 survivors (6144K)
 Metaspace       used 34811K, capacity 35607K, committed 35708K, reserved 1081344K
  class space    used 4529K, capacity 4832K, committed 4864K, reserved 1048576K
}
Event: 15.045 GC heap before
{Heap before GC invocations=6 (full 0):
 garbage-first heap   total 262144K, used 119246K [0x0000000080000000, 0x0000000100000000)
  region size 1024K, 98 young (100352K), 6 survivors (6144K)
 Metaspace       used 42794K, capacity 43898K, committed 44156K, reserved 1087488K
  class space    used 5438K, capacity 5814K, committed 5888K, reserved 1048576K
}
Event: 15.055 GC heap after
{Heap after GC invocations=7 (full 0):
 garbage-first heap   total 262144K, used 27681K [0x0000000080000000, 0x0000000100000000)
  region size 1024K, 12 young (12288K), 12 survivors (12288K)
 Metaspace       used 42794K, capacity 43898K, committed 44156K, reserved 1087488K
  class space    used 5438K, capacity 5814K, committed 5888K, reserved 1048576K
}

Deoptimization events (20 events):
Event: 16.911 Thread 0x0000028e7caa0000 Uncommon trap: trap_request=0xffffff4d fr.pc=0x0000028e66079bac relative=0x000000000000014c
Event: 16.911 Thread 0x0000028e7caa0000 Uncommon trap: reason=unstable_if action=reinterpret pc=0x0000028e66079bac method=java.util.concurrent.ConcurrentHashMap.addCount(JI)V @ 7 c2
Event: 16.911 Thread 0x0000028e799f1000 Uncommon trap: trap_request=0xffffff4d fr.pc=0x0000028e66079bac relative=0x000000000000014c
Event: 16.911 Thread 0x0000028e799f1000 Uncommon trap: reason=unstable_if action=reinterpret pc=0x0000028e66079bac method=java.util.concurrent.ConcurrentHashMap.addCount(JI)V @ 7 c2
Event: 16.911 Thread 0x0000028e799f1000 DEOPT PACKING pc=0x0000028e66079bac sp=0x000000c150dfebf0
Event: 16.911 Thread 0x0000028e799f1000 DEOPT UNPACKING pc=0x0000028e5e5378af sp=0x000000c150dfeb50 mode 2
Event: 16.913 Thread 0x0000028e7caa0000 DEOPT PACKING pc=0x0000028e66079bac sp=0x000000c150efea70
Event: 16.913 Thread 0x0000028e7caa0000 DEOPT UNPACKING pc=0x0000028e5e5378af sp=0x000000c150efe9d0 mode 2
Event: 16.968 Thread 0x0000028e7ca9d000 DEOPT PACKING pc=0x0000028e5f0d9074 sp=0x000000c1510fd9a0
Event: 16.968 Thread 0x0000028e7ca9d000 DEOPT UNPACKING pc=0x0000028e5e5376ce sp=0x000000c1510fcf40 mode 0
Event: 16.992 Thread 0x0000028e77796000 DEOPT PACKING pc=0x0000028e5f1de269 sp=0x000000c14f7fe2f0
Event: 16.992 Thread 0x0000028e77796000 DEOPT UNPACKING pc=0x0000028e5e5376ce sp=0x000000c14f7fd790 mode 0
Event: 16.995 Thread 0x0000028e7caa0000 DEOPT PACKING pc=0x0000028e5f0d9074 sp=0x000000c150efcfe0
Event: 16.995 Thread 0x0000028e7caa0000 DEOPT UNPACKING pc=0x0000028e5e5376ce sp=0x000000c150efc580 mode 0
Event: 17.022 Thread 0x0000028e799e8000 DEOPT PACKING pc=0x0000028e5f0d9074 sp=0x000000c1508fda60
Event: 17.022 Thread 0x0000028e799e8000 DEOPT UNPACKING pc=0x0000028e5e5376ce sp=0x000000c1508fd000 mode 0
Event: 17.043 Thread 0x0000028e799ec000 DEOPT PACKING pc=0x0000028e5f0d9074 sp=0x000000c1505fdab0
Event: 17.043 Thread 0x0000028e799ec000 DEOPT UNPACKING pc=0x0000028e5e5376ce sp=0x000000c1505fd050 mode 0
Event: 17.053 Thread 0x0000028e799ef800 DEOPT PACKING pc=0x0000028e5f0d9074 sp=0x000000c150afda60
Event: 17.053 Thread 0x0000028e799ef800 DEOPT UNPACKING pc=0x0000028e5e5376ce sp=0x000000c150afd000 mode 0

Classes redefined (0 events):
No events

Internal exceptions (20 events):
Event: 15.175 Thread 0x0000028e78447800 Exception <a 'java/lang/ClassNotFoundException'{0x000000008fbcdcf0}: org/gradle/api/internal/artifacts/dsl/dependencies/DefaultDependencyHandlerCustomizer> (0x000000008fbcdcf0) thrown at [./src/hotspot/share/classfile/systemDictionary.cpp, line 231]
Event: 15.181 Thread 0x0000028e78447800 Exception <a 'java/lang/ClassNotFoundException'{0x000000008fa3b640}: org/gradle/api/internal/artifacts/dsl/dependencies/DefaultDependencyHandler_DecoratedCustomizer> (0x000000008fa3b640) thrown at [./src/hotspot/share/classfile/systemDictionary.cpp, line 231]
Event: 15.210 Thread 0x0000028e78447800 Exception <a 'java/lang/ClassNotFoundException'{0x000000008f80a2c0}: groovy/lang/GString$1BeanInfo> (0x000000008f80a2c0) thrown at [./src/hotspot/share/classfile/systemDictionary.cpp, line 231]
Event: 15.211 Thread 0x0000028e78447800 Exception <a 'java/lang/ClassNotFoundException'{0x000000008f841c00}: groovy/lang/GStringBeanInfo> (0x000000008f841c00) thrown at [./src/hotspot/share/classfile/systemDictionary.cpp, line 231]
Event: 15.214 Thread 0x0000028e78447800 Exception <a 'java/lang/ClassNotFoundException'{0x000000008f8790e8}: groovy/lang/GStringCustomizer> (0x000000008f8790e8) thrown at [./src/hotspot/share/classfile/systemDictionary.cpp, line 231]
Event: 15.216 Thread 0x0000028e78447800 Exception <a 'java/lang/ClassNotFoundException'{0x000000008f8ba188}: groovy/lang/GString$1Customizer> (0x000000008f8ba188) thrown at [./src/hotspot/share/classfile/systemDictionary.cpp, line 231]
Event: 15.230 Thread 0x0000028e78447800 Exception <a 'java/lang/ClassNotFoundException'{0x000000008f5f7770}: org/codehaus/groovy/runtime/GStringImplBeanInfo> (0x000000008f5f7770) thrown at [./src/hotspot/share/classfile/systemDictionary.cpp, line 231]
Event: 15.236 Thread 0x0000028e78447800 Exception <a 'java/lang/ClassNotFoundException'{0x000000008f2ab120}: org/codehaus/groovy/runtime/GStringImplCustomizer> (0x000000008f2ab120) thrown at [./src/hotspot/share/classfile/systemDictionary.cpp, line 231]
Event: 15.242 Thread 0x0000028e78447800 Exception <a 'java/lang/NoSuchMethodError'{0x000000008f2bbdf8}: 'java.lang.Object java.lang.invoke.DirectMethodHandle$Holder.invokeStatic(java.lang.Object, java.lang.Object, int, java.lang.Object)'> (0x000000008f2bbdf8) thrown at [./src/hotspot/share/interpreter/linkResolver.cpp, line 773]
Event: 15.243 Thread 0x0000028e78447800 Exception <a 'java/lang/NoSuchMethodError'{0x000000008f2c3090}: 'java.lang.Object java.lang.invoke.Invokers$Holder.linkToTargetMethod(java.lang.Object, int, java.lang.Object, java.lang.Object)'> (0x000000008f2c3090) thrown at [./src/hotspot/share/interpreter/linkResolver.cpp, line 773]
Event: 15.602 Thread 0x0000028e78447800 Exception <a 'java/lang/NoSuchMethodError'{0x000000008e0eb758}: 'java.lang.Object java.lang.invoke.DelegatingMethodHandle$Holder.reinvoke_L(java.lang.Object, java.lang.Object, java.lang.Object, java.lang.Object, java.lang.Object, java.lang.Object, java.lang.Object, java.lang.Object, java.lang.Object, java.lang.Object, java.lang.Object, java.lang.Object, java.lang.Object, java.lang.Object, java.lang.Object, java.lang.Object, java.lang.Object, java.lang.Object, java.lang.Object, java.lang.Object, java.lang.O
Event: 15.603 Thread 0x0000028e78447800 Exception <a 'java/lang/NoSuchMethodError'{0x000000008e0f7160}: 'java.lang.Object java.lang.invoke.DirectMethodHandle$Holder.invokeSpecial(java.lang.Object, java.lang.Object, java.lang.Object, java.lang.Object, java.lang.Object, java.lang.Object, java.lang.Object, java.lang.Object, java.lang.Object, java.lang.Object, java.lang.Object, java.lang.Object, java.lang.Object, java.lang.Object, java.lang.Object, java.lang.Object, java.lang.Object, java.lang.Object, java.lang.Object, java.lang.Object, java.lang.Ob
Event: 15.604 Thread 0x0000028e78447800 Exception <a 'java/lang/NoSuchMethodError'{0x000000008e0fd350}: 'java.lang.Object java.lang.invoke.Invokers$Holder.invoker(java.lang.Object, java.lang.Object, java.lang.Object, java.lang.Object, java.lang.Object, java.lang.Object, java.lang.Object, java.lang.Object, java.lang.Object, java.lang.Object, java.lang.Object, java.lang.Object, java.lang.Object, java.lang.Object, java.lang.Object, java.lang.Object, java.lang.Object, java.lang.Object, java.lang.Object, java.lang.Object, java.lang.Object)'> (0x00000
Event: 15.604 Thread 0x0000028e78447800 Exception <a 'java/lang/NoSuchMethodError'{0x000000008df05100}: 'java.lang.Object java.lang.invoke.DelegatingMethodHandle$Holder.delegate(java.lang.Object, java.lang.Object, java.lang.Object, java.lang.Object, java.lang.Object, java.lang.Object, java.lang.Object, java.lang.Object, java.lang.Object, java.lang.Object, java.lang.Object, java.lang.Object, java.lang.Object, java.lang.Object, java.lang.Object, java.lang.Object, java.lang.Object, java.lang.Object, java.lang.Object, java.lang.Object, java.lang.Obj
Event: 15.610 Thread 0x0000028e78447800 Exception <a 'java/lang/NoSuchMethodError'{0x000000008df4dc10}: 'java.lang.Object java.lang.invoke.DirectMethodHandle$Holder.invokeStatic(java.lang.Object, java.lang.Object, java.lang.Object, java.lang.Object, java.lang.Object, java.lang.Object, java.lang.Object, java.lang.Object, java.lang.Object, java.lang.Object, java.lang.Object, java.lang.Object, java.lang.Object, java.lang.Object, java.lang.Object)'> (0x000000008df4dc10) thrown at [./src/hotspot/share/interpreter/linkResolver.cpp, line 773]
Event: 15.611 Thread 0x0000028e78447800 Exception <a 'java/lang/NoSuchMethodError'{0x000000008df5e248}: 'java.lang.Object java.lang.invoke.DirectMethodHandle$Holder.invokeStatic(java.lang.Object, java.lang.Object, java.lang.Object, java.lang.Object, java.lang.Object, java.lang.Object, java.lang.Object, java.lang.Object, java.lang.Object, java.lang.Object, java.lang.Object, java.lang.Object, java.lang.Object, java.lang.Object, java.lang.Object, java.lang.Object)'> (0x000000008df5e248) thrown at [./src/hotspot/share/interpreter/linkResolver.cpp, l
Event: 15.612 Thread 0x0000028e78447800 Exception <a 'java/lang/NoSuchMethodError'{0x000000008df6e790}: 'java.lang.Object java.lang.invoke.DelegatingMethodHandle$Holder.reinvoke_L(java.lang.Object, java.lang.Object, java.lang.Object, java.lang.Object, java.lang.Object, java.lang.Object, java.lang.Object, java.lang.Object, java.lang.Object, java.lang.Object, java.lang.Object, java.lang.Object, java.lang.Object, java.lang.Object, java.lang.Object, java.lang.Object, java.lang.Object, java.lang.Object, java.lang.Object, java.lang.Object)'> (0x000000
Event: 15.684 Thread 0x0000028e78447800 Exception <a 'java/lang/IncompatibleClassChangeError'{0x000000008dce9fd0}: Found class java.lang.Object, but interface was expected> (0x000000008dce9fd0) thrown at [./src/hotspot/share/interpreter/linkResolver.cpp, line 839]
Event: 15.919 Thread 0x0000028e78447800 Exception <a 'java/lang/NoSuchMethodError'{0x000000008d3c5598}: 'int java.lang.invoke.DirectMethodHandle$Holder.invokeStaticInit(java.lang.Object)'> (0x000000008d3c5598) thrown at [./src/hotspot/share/interpreter/linkResolver.cpp, line 773]
Event: 16.717 Thread 0x0000028e78447800 Exception <a 'java/lang/NoSuchMethodError'{0x000000008c5728c8}: 'void java.lang.invoke.DirectMethodHandle$Holder.invokeStatic(java.lang.Object, java.lang.Object, java.lang.Object, int, java.lang.Object)'> (0x000000008c5728c8) thrown at [./src/hotspot/share/interpreter/linkResolver.cpp, line 773]

Events (20 events):
Event: 16.934 loading class org/gradle/api/internal/artifacts/ivyservice/resolutionstrategy/DefaultCachePolicy$CachedArtifactResolutionControl done
Event: 16.935 Executing VM operation: RevokeBias
Event: 16.935 Executing VM operation: RevokeBias done
Event: 16.936 Executing VM operation: RevokeBias
Event: 16.936 loading class org/gradle/api/internal/artifacts/DownloadArtifactBuildOperationType
Event: 16.936 loading class org/gradle/api/internal/artifacts/DownloadArtifactBuildOperationType done
Event: 16.937 Executing VM operation: RevokeBias done
Event: 16.937 Executing VM operation: BulkRevokeBias
Event: 16.940 Executing VM operation: BulkRevokeBias done
Event: 16.942 loading class org/gradle/api/internal/artifacts/DownloadArtifactBuildOperationType$Result
Event: 16.942 loading class org/gradle/api/internal/artifacts/DownloadArtifactBuildOperationType$Result done
Event: 16.943 loading class org/gradle/api/internal/artifacts/DownloadArtifactBuildOperationType$1
Event: 16.943 loading class org/gradle/api/internal/artifacts/DownloadArtifactBuildOperationType$1 done
Event: 17.050 loading class org/gradle/internal/resources/DefaultResourceLockCoordinationService$ReleaseLocks
Event: 17.050 loading class org/gradle/internal/resources/DefaultResourceLockCoordinationService$ReleaseLocks done
Event: 17.053 Loaded shared library C:\Program Files\Android\Android Studio\jre\bin\java.dll
Event: 17.055 loading class org/gradle/api/internal/artifacts/result/DefaultResolvedArtifactResult
Event: 17.055 loading class org/gradle/api/internal/artifacts/result/DefaultResolvedArtifactResult done
Event: 17.059 loading class org/gradle/api/internal/artifacts/ResolveArtifactsBuildOperationType
Event: 17.059 loading class org/gradle/api/internal/artifacts/ResolveArtifactsBuildOperationType done


Dynamic libraries:
0x00007ff709f10000 - 0x00007ff709f1a000 	C:\Program Files\Android\Android Studio\jre\bin\java.exe
0x00007ffc358e0000 - 0x00007ffc35ae7000 	C:\Windows\SYSTEM32\ntdll.dll
0x00007ffc342c0000 - 0x00007ffc3437d000 	C:\Windows\System32\KERNEL32.DLL
0x00007ffc33050000 - 0x00007ffc333c4000 	C:\Windows\System32\KERNELBASE.dll
0x00007ffc32dc0000 - 0x00007ffc32ed1000 	C:\Windows\System32\ucrtbase.dll
0x00007ffc1eb50000 - 0x00007ffc1eb69000 	C:\Program Files\Android\Android Studio\jre\bin\jli.dll
0x00007ffc23660000 - 0x00007ffc23677000 	C:\Program Files\Android\Android Studio\jre\bin\VCRUNTIME140.dll
0x00007ffc349d0000 - 0x00007ffc34b7c000 	C:\Windows\System32\USER32.dll
0x00007ffc14a70000 - 0x00007ffc14d15000 	C:\Windows\WinSxS\amd64_microsoft.windows.common-controls_6595b64144ccf1df_6.0.22000.120_none_9d947278b86cc467\COMCTL32.dll
0x00007ffc33740000 - 0x00007ffc33766000 	C:\Windows\System32\win32u.dll
0x00007ffc357f0000 - 0x00007ffc35893000 	C:\Windows\System32\msvcrt.dll
0x00007ffc33770000 - 0x00007ffc33799000 	C:\Windows\System32\GDI32.dll
0x00007ffc33490000 - 0x00007ffc335a2000 	C:\Windows\System32\gdi32full.dll
0x00007ffc33630000 - 0x00007ffc336cd000 	C:\Windows\System32\msvcp_win.dll
0x00007ffc356c0000 - 0x00007ffc356f1000 	C:\Windows\System32\IMM32.DLL
0x00007ffc1c030000 - 0x00007ffc1c0cd000 	C:\Program Files\Android\Android Studio\jre\bin\msvcp140.dll
0x00007ffbd4b60000 - 0x00007ffbd562f000 	C:\Program Files\Android\Android Studio\jre\bin\server\jvm.dll
0x00007ffc34380000 - 0x00007ffc3442c000 	C:\Windows\System32\ADVAPI32.dll
0x00007ffc33fc0000 - 0x00007ffc3405d000 	C:\Windows\System32\sechost.dll
0x00007ffc337b0000 - 0x00007ffc338d1000 	C:\Windows\System32\RPCRT4.dll
0x00007ffc34550000 - 0x00007ffc34558000 	C:\Windows\System32\PSAPI.DLL
0x00007ffc2eff0000 - 0x00007ffc2eff9000 	C:\Windows\SYSTEM32\WSOCK32.dll
0x00007ffc29de0000 - 0x00007ffc29dea000 	C:\Windows\SYSTEM32\VERSION.dll
0x00007ffc2cb30000 - 0x00007ffc2cb63000 	C:\Windows\SYSTEM32\WINMM.dll
0x00007ffc34b80000 - 0x00007ffc34bef000 	C:\Windows\System32\WS2_32.dll
0x00007ffc31e80000 - 0x00007ffc31e98000 	C:\Windows\SYSTEM32\kernel.appcore.dll
0x00007ffc1c350000 - 0x00007ffc1c361000 	C:\Program Files\Android\Android Studio\jre\bin\verify.dll
0x00007ffc30560000 - 0x00007ffc30781000 	C:\Windows\SYSTEM32\DBGHELP.DLL
0x00007ffc27310000 - 0x00007ffc27341000 	C:\Windows\SYSTEM32\dbgcore.DLL
0x00007ffc335b0000 - 0x00007ffc33630000 	C:\Windows\System32\bcryptPrimitives.dll
0x00007ffc1b430000 - 0x00007ffc1b459000 	C:\Program Files\Android\Android Studio\jre\bin\java.dll
0x00007ffc2d730000 - 0x00007ffc2d73b000 	C:\Program Files\Android\Android Studio\jre\bin\jimage.dll
0x00007ffc1bd60000 - 0x00007ffc1bd78000 	C:\Program Files\Android\Android Studio\jre\bin\zip.dll
0x00007ffc34c60000 - 0x00007ffc3540a000 	C:\Windows\System32\SHELL32.dll
0x00007ffc30f00000 - 0x00007ffc31762000 	C:\Windows\SYSTEM32\windows.storage.dll
0x00007ffc33aa0000 - 0x00007ffc33e18000 	C:\Windows\System32\combase.dll
0x00007ffc30d90000 - 0x00007ffc30ef6000 	C:\Windows\SYSTEM32\wintypes.dll
0x00007ffc34060000 - 0x00007ffc3414a000 	C:\Windows\System32\SHCORE.dll
0x00007ffc35700000 - 0x00007ffc3575d000 	C:\Windows\System32\shlwapi.dll
0x00007ffc32cf0000 - 0x00007ffc32d11000 	C:\Windows\SYSTEM32\profapi.dll
0x00007ffc148f0000 - 0x00007ffc1490a000 	C:\Program Files\Android\Android Studio\jre\bin\net.dll
0x00007ffc2c530000 - 0x00007ffc2c63c000 	C:\Windows\SYSTEM32\WINHTTP.dll
0x00007ffc32280000 - 0x00007ffc322e7000 	C:\Windows\system32\mswsock.dll
0x00007ffc125a0000 - 0x00007ffc125b4000 	C:\Program Files\Android\Android Studio\jre\bin\nio.dll
0x00007ffc27c40000 - 0x00007ffc27c67000 	C:\Users\dasse\.gradle\native\8bec1ad78214c89d9ad589b4d07fe93259594b29d510b10fafb7a158f7737e5d\windows-amd64\native-platform.dll
0x00007ffbeb8e0000 - 0x00007ffbeba1d000 	C:\Users\dasse\.gradle\native\53dbd7edfb1c66fb8903c78663c9afc45aea4f116125fa6feffd364cf09443e8\windows-amd64\native-platform-file-events.dll
0x00007ffc252b0000 - 0x00007ffc252ba000 	C:\Program Files\Android\Android Studio\jre\bin\management.dll
0x00007ffc1d560000 - 0x00007ffc1d56c000 	C:\Program Files\Android\Android Studio\jre\bin\management_ext.dll
0x00007ffc32550000 - 0x00007ffc32568000 	C:\Windows\SYSTEM32\CRYPTSP.dll
0x00007ffc31de0000 - 0x00007ffc31e15000 	C:\Windows\system32\rsaenh.dll
0x00007ffc32320000 - 0x00007ffc32349000 	C:\Windows\SYSTEM32\USERENV.dll
0x00007ffc32690000 - 0x00007ffc326b7000 	C:\Windows\SYSTEM32\bcrypt.dll
0x00007ffc32470000 - 0x00007ffc3247c000 	C:\Windows\SYSTEM32\CRYPTBASE.dll
0x00007ffc319c0000 - 0x00007ffc319ed000 	C:\Windows\SYSTEM32\IPHLPAPI.DLL
0x00007ffc337a0000 - 0x00007ffc337a9000 	C:\Windows\System32\NSI.dll
0x00007ffc2c1b0000 - 0x00007ffc2c1c9000 	C:\Windows\SYSTEM32\dhcpcsvc6.DLL
0x00007ffc2cdf0000 - 0x00007ffc2ce0e000 	C:\Windows\SYSTEM32\dhcpcsvc.DLL
0x00007ffc319f0000 - 0x00007ffc31ad7000 	C:\Windows\SYSTEM32\DNSAPI.dll

dbghelp: loaded successfully - version: 4.0.5 - missing functions: none
symbol engine: initialized successfully - sym options: 0x614 - pdb path: .;C:\Program Files\Android\Android Studio\jre\bin;C:\Windows\SYSTEM32;C:\Windows\WinSxS\amd64_microsoft.windows.common-controls_6595b64144ccf1df_6.0.22000.120_none_9d947278b86cc467;C:\Program Files\Android\Android Studio\jre\bin\server;C:\Users\dasse\.gradle\native\8bec1ad78214c89d9ad589b4d07fe93259594b29d510b10fafb7a158f7737e5d\windows-amd64;C:\Users\dasse\.gradle\native\53dbd7edfb1c66fb8903c78663c9afc45aea4f116125fa6feffd364cf09443e8\windows-amd64

VM Arguments:
jvm_args: --add-opens=java.base/java.util=ALL-UNNAMED --add-opens=java.base/java.lang=ALL-UNNAMED --add-opens=java.base/java.lang.invoke=ALL-UNNAMED --add-opens=java.base/java.util=ALL-UNNAMED --add-opens=java.prefs/java.util.prefs=ALL-UNNAMED --add-opens=java.prefs/java.util.prefs=ALL-UNNAMED --add-opens=java.base/java.nio.charset=ALL-UNNAMED --add-opens=java.base/java.net=ALL-UNNAMED --add-opens=java.base/java.util.concurrent.atomic=ALL-UNNAMED -Xmx2048m -Dfile.encoding=UTF-8 -Duser.country=US -Duser.language=en -Duser.variant 
java_command: org.gradle.launcher.daemon.bootstrap.GradleDaemon 7.0.2
java_class_path (initial): C:\Users\dasse\.gradle\wrapper\dists\gradle-7.0.2-bin\857tjihv64xamwrf0h14cai3r\gradle-7.0.2\lib\gradle-launcher-7.0.2.jar
Launcher Type: SUN_STANDARD

[Global flags]
     intx CICompilerCount                          = 4                                         {product} {ergonomic}
     uint ConcGCThreads                            = 3                                         {product} {ergonomic}
     uint G1ConcRefinementThreads                  = 10                                        {product} {ergonomic}
   size_t G1HeapRegionSize                         = 1048576                                   {product} {ergonomic}
    uintx GCDrainStackTargetSize                   = 64                                        {product} {ergonomic}
   size_t InitialHeapSize                          = 268435456                                 {product} {ergonomic}
   size_t MarkStackSize                            = 4194304                                   {product} {ergonomic}
   size_t MaxHeapSize                              = 2147483648                                {product} {command line}
   size_t MaxNewSize                               = 1287651328                                {product} {ergonomic}
   size_t MinHeapDeltaBytes                        = 1048576                                   {product} {ergonomic}
    uintx NonNMethodCodeHeapSize                   = 5836300                                {pd product} {ergonomic}
    uintx NonProfiledCodeHeapSize                  = 122910970                              {pd product} {ergonomic}
    uintx ProfiledCodeHeapSize                     = 122910970                              {pd product} {ergonomic}
    uintx ReservedCodeCacheSize                    = 251658240                              {pd product} {ergonomic}
     bool SegmentedCodeCache                       = true                                      {product} {ergonomic}
     bool UseCompressedClassPointers               = true                                 {lp64_product} {ergonomic}
     bool UseCompressedOops                        = true                                 {lp64_product} {ergonomic}
     bool UseG1GC                                  = true                                      {product} {ergonomic}
     bool UseLargePagesIndividualAllocation        = false                                  {pd product} {ergonomic}

Logging:
Log output configuration:
 #0: stdout all=warning uptime,level,tags
 #1: stderr all=off uptime,level,tags

Environment Variables:
JAVA_HOME=C:\Program Files\Java\jdk-15.0.2
PATH=C:\Program Files\Common Files\Oracle\Java\javapath;C:\Windows\system32;C:\Windows;C:\Windows\System32\Wbem;C:\Windows\System32\WindowsPowerShell\v1.0\;C:\Windows\System32\OpenSSH\;C:\Program Files\Git\cmd;C:\Users\dasse\fvm\default\bin;D:\Tools\SDK\android\platform-tools\;C:\Program Files\nodejs\;D:\Tools\SDK\PHP\php-8.0.12-nts-Win32-vs16-x64\;C:\ProgramData\ComposerSetup\bin;C:\Program Files\Docker\Docker\resources\bin;C:\ProgramData\DockerDesktop\version-bin;C:\Users\dasse\AppData\Local\Microsoft\WindowsApps;C:\Users\dasse\AppData\Local\Programs\Microsoft VS Code\bin;C:\Users\dasse\AppData\Local\GitHubDesktop\bin;C:\Users\dasse\fvm\default\bin;C:\Users\dasse\spicetify-cli;D:\Tools\SDK\android\platform-tools\;C:\Users\dasse\AppData\Roaming\npm;D:\Tools\SDK\PHP\php-8.0.12-nts-Win32-vs16-x64\;C:\Users\dasse\AppData\Roaming\Composer\vendor\bin
USERNAME=dasse
OS=Windows_NT
PROCESSOR_IDENTIFIER=Intel64 Family 6 Model 158 Stepping 10, GenuineIntel



---------------  S Y S T E M  ---------------

OS: Windows 10 , 64 bit Build 22000 (10.0.22000.318)
OS uptime: 0 days 5:15 hours
Hyper-V role detected

CPU:total 12 (initial active 12) (6 cores per cpu, 2 threads per core) family 6 model 158 stepping 10 microcode 0xde, cmov, cx8, fxsr, mmx, sse, sse2, sse3, ssse3, sse4.1, sse4.2, popcnt, avx, avx2, aes, clmul, erms, 3dnowpref, lzcnt, ht, tsc, tscinvbit, bmi1, bmi2, adx, fma

Memory: 4k page, system-wide physical 16257M (264M free)
TotalPageFile size 43748M (AvailPageFile size 0M)
current process WorkingSet (physical memory assigned to process): 290M, peak: 291M
current process commit charge ("private bytes"): 458M, peak: 459M

vm_info: OpenJDK 64-Bit Server VM (11.0.10+0-b96-7249189) for windows-amd64 JRE (11.0.10+0-b96-7249189), built on Mar 31 2021 21:44:00 by "builder" with MS VC++ 14.0 (VS2015)

END.
