#
# There is insufficient memory for the Java Runtime Environment to continue.
# Native memory allocation (malloc) failed to allocate 1045936 bytes for Chunk::new
# Possible reasons:
#   The system is out of physical RAM or swap space
#   The process is running with CompressedOops enabled, and the Java Heap may be blocking the growth of the native heap
# Possible solutions:
#   Reduce memory load on the system
#   Increase physical memory or swap space
#   Check if swap backing store is full
#   Decrease Java heap size (-Xmx/-Xms)
#   Decrease number of Java threads
#   Decrease Java thread stack sizes (-Xss)
#   Set larger code cache with -XX:ReservedCodeCacheSize=
#   JVM is running with Unscaled Compressed Oops mode in which the Java heap is
#     placed in the first 4GB address space. The Java Heap base address is the
#     maximum limit for the native heap growth. Please use -XX:HeapBaseMinAddress
#     to set the Java Heap base and to place the Java Heap above 4GB virtual address.
# This output file may be truncated or incomplete.
#
#  Out of Memory Error (./src/hotspot/share/memory/arena.cpp:197), pid=18148, tid=16040
#
# JRE version: OpenJDK Runtime Environment (11.0.10) (build 11.0.10+0-b96-7249189)
# Java VM: OpenJDK 64-Bit Server VM (11.0.10+0-b96-7249189, mixed mode, tiered, compressed oops, g1 gc, windows-amd64)
# No core dump will be written. Minidumps are not enabled by default on client versions of Windows
#

---------------  S U M M A R Y ------------

Command Line: --add-opens=java.base/java.util=ALL-UNNAMED --add-opens=java.base/java.lang=ALL-UNNAMED --add-opens=java.base/java.lang.invoke=ALL-UNNAMED --add-opens=java.base/java.util=ALL-UNNAMED --add-opens=java.prefs/java.util.prefs=ALL-UNNAMED --add-opens=java.prefs/java.util.prefs=ALL-UNNAMED --add-opens=java.base/java.nio.charset=ALL-UNNAMED --add-opens=java.base/java.net=ALL-UNNAMED --add-opens=java.base/java.util.concurrent.atomic=ALL-UNNAMED -Xmx2048m -Dfile.encoding=UTF-8 -Duser.country=US -Duser.language=en -Duser.variant org.gradle.launcher.daemon.bootstrap.GradleDaemon 7.0.2

Host: Intel(R) Core(TM) i7-8750H CPU @ 2.20GHz, 12 cores, 15G,  Windows 10 , 64 bit Build 22000 (10.0.22000.318)
Time: Thu Dec 16 20:24:54 2021 Egypt Standard Time elapsed time: 422.562413 seconds (0d 0h 7m 2s)

---------------  T H R E A D  ---------------

Current thread (0x000001bc7f967000):  JavaThread "C2 CompilerThread0" daemon [_thread_in_native, id=16040, stack(0x00000014ed000000,0x00000014ed100000)]


Current CompileTask:
C2: 422562 23765   !   4       java.io.ObjectInputStream::readObject0 (671 bytes)

Stack: [0x00000014ed000000,0x00000014ed100000]
Native frames: (J=compiled Java code, j=interpreted, Vv=VM code, C=native code)
V  [jvm.dll+0x5ecfaa]
V  [jvm.dll+0x722bd5]
V  [jvm.dll+0x72412d]
V  [jvm.dll+0x7247e3]
V  [jvm.dll+0x242928]
V  [jvm.dll+0xbc4fc]
V  [jvm.dll+0xbca0c]
V  [jvm.dll+0x352d3b]
V  [jvm.dll+0x320ad3]
V  [jvm.dll+0x31ffca]
V  [jvm.dll+0x1fb602]
V  [jvm.dll+0x1fa7f4]
V  [jvm.dll+0x18354c]
V  [jvm.dll+0x208ee7]
V  [jvm.dll+0x207731]
V  [jvm.dll+0x6eb1cf]
V  [jvm.dll+0x6e3d45]
V  [jvm.dll+0x5ebe96]
C  [ucrtbase.dll+0x26c0c]
C  [KERNEL32.DLL+0x154e0]
C  [ntdll.dll+0x485b]


---------------  P R O C E S S  ---------------

Threads class SMR info:
_java_thread_list=0x000001bc1ae59a10, length=89, elements={
0x000001bc75fc0000, 0x000001bc7f86f000, 0x000001bc7f874000, 0x000001bc7f883800,
0x000001bc7f963800, 0x000001bc7f966000, 0x000001bc7f967000, 0x000001bc7f96a800,
0x000001bc7f96e000, 0x000001bc7fad6800, 0x000001bc15f7c000, 0x000001bc14e84800,
0x000001bc7fba9000, 0x000001bc1569d000, 0x000001bc1569e800, 0x000001bc1569b800,
0x000001bc1569d800, 0x000001bc156a0000, 0x000001bc1569a800, 0x000001bc156a1000,
0x000001bc16a8e800, 0x000001bc16a8d800, 0x000001bc16a8c000, 0x000001bc16a8a800,
0x000001bc16a88800, 0x000001bc16a8b000, 0x000001bc16a8c800, 0x000001bc16a8f000,
0x000001bc16a89800, 0x000001bc16a95000, 0x000001bc16a90000, 0x000001bc16a97800,
0x000001bc1a406000, 0x000001bc1a409800, 0x000001bc13fe5800, 0x000001bc1a403000,
0x000001bc13fe3000, 0x000001bc13fe6800, 0x000001bc1a403800, 0x000001bc1a3fd000,
0x000001bc1a3ff800, 0x000001bc1a400800, 0x000001bc1a401800, 0x000001bc1a3fc800,
0x000001bc1a3fe000, 0x000001bc1a3ff000, 0x000001bc1a3fb800, 0x000001bc1a408000,
0x000001bc1a404800, 0x000001bc1a405800, 0x000001bc1a402000, 0x000001bc1a408800,
0x000001bc13fe1800, 0x000001bc13fe4800, 0x000001bc13fe0000, 0x000001bc13fe0800,
0x000001bc13fe7000, 0x000001bc13fe8000, 0x000001bc13fe2000, 0x000001bc13fe9000,
0x000001bc13fea800, 0x000001bc13fec000, 0x000001bc13feb000, 0x000001bc13fed000,
0x000001bc13fe9800, 0x000001bc13fed800, 0x000001bc13fee800, 0x000001bc16a93800,
0x000001bc16a94000, 0x000001bc16a95800, 0x000001bc1569f800, 0x000001bc1569c000,
0x000001bc1a19c000, 0x000001bc1a1a0000, 0x000001bc1a19a800, 0x000001bc1a19e800,
0x000001bc1a19c800, 0x000001bc1a1a1000, 0x000001bc1a19b000, 0x000001bc1a1a2800,
0x000001bc1a19d800, 0x000001bc1a1a5000, 0x000001bc1a19f000, 0x000001bc1a1a5800,
0x000001bc1a1a7800, 0x000001bc1a1a6800, 0x000001bc1a1a4000, 0x000001bc1a1a1800,
0x000001bc1a1a8000
}

Java Threads: ( => current thread )
  0x000001bc75fc0000 JavaThread "main" [_thread_blocked, id=7580, stack(0x00000014ec400000,0x00000014ec500000)]
  0x000001bc7f86f000 JavaThread "Reference Handler" daemon [_thread_blocked, id=17936, stack(0x00000014ecb00000,0x00000014ecc00000)]
  0x000001bc7f874000 JavaThread "Finalizer" daemon [_thread_blocked, id=25836, stack(0x00000014ecc00000,0x00000014ecd00000)]
  0x000001bc7f883800 JavaThread "Signal Dispatcher" daemon [_thread_blocked, id=20372, stack(0x00000014ecd00000,0x00000014ece00000)]
  0x000001bc7f963800 JavaThread "Attach Listener" daemon [_thread_blocked, id=18272, stack(0x00000014ece00000,0x00000014ecf00000)]
  0x000001bc7f966000 JavaThread "Service Thread" daemon [_thread_blocked, id=23908, stack(0x00000014ecf00000,0x00000014ed000000)]
=>0x000001bc7f967000 JavaThread "C2 CompilerThread0" daemon [_thread_in_native, id=16040, stack(0x00000014ed000000,0x00000014ed100000)]
  0x000001bc7f96a800 JavaThread "C1 CompilerThread0" daemon [_thread_blocked, id=5812, stack(0x00000014ed100000,0x00000014ed200000)]
  0x000001bc7f96e000 JavaThread "Sweeper thread" daemon [_thread_blocked, id=13452, stack(0x00000014ed200000,0x00000014ed300000)]
  0x000001bc7fad6800 JavaThread "Common-Cleaner" daemon [_thread_blocked, id=23992, stack(0x00000014ed300000,0x00000014ed400000)]
  0x000001bc15f7c000 JavaThread "Daemon health stats" [_thread_blocked, id=25280, stack(0x00000014edc00000,0x00000014edd00000)]
  0x000001bc14e84800 JavaThread "Incoming local TCP Connector on port 59975" [_thread_in_native, id=5108, stack(0x00000014ed500000,0x00000014ed600000)]
  0x000001bc7fba9000 JavaThread "Daemon periodic checks" [_thread_blocked, id=16928, stack(0x00000014edb00000,0x00000014edc00000)]
  0x000001bc1569d000 JavaThread "Cache worker for file hash cache (C:\Users\dasse\.gradle\caches\7.0.2\fileHashes)" [_thread_blocked, id=13188, stack(0x00000014ee400000,0x00000014ee500000)]
  0x000001bc1569e800 JavaThread "File lock request listener" [_thread_in_native, id=27452, stack(0x00000014ee500000,0x00000014ee600000)]
  0x000001bc1569b800 JavaThread "Cache worker for journal cache (C:\Users\dasse\.gradle\caches\journal-1)" [_thread_blocked, id=21160, stack(0x00000014eec00000,0x00000014eed00000)]
  0x000001bc1569d800 JavaThread "File watcher server" daemon [_thread_in_native, id=14928, stack(0x00000014eef00000,0x00000014ef000000)]
  0x000001bc156a0000 JavaThread "File watcher consumer" daemon [_thread_blocked, id=12660, stack(0x00000014ef000000,0x00000014ef100000)]
  0x000001bc1569a800 JavaThread "jar transforms" [_thread_blocked, id=17624, stack(0x00000014ef100000,0x00000014ef200000)]
  0x000001bc156a1000 JavaThread "jar transforms Thread 2" [_thread_blocked, id=25852, stack(0x00000014ef200000,0x00000014ef300000)]
  0x000001bc16a8e800 JavaThread "jar transforms Thread 3" [_thread_blocked, id=18844, stack(0x00000014ef300000,0x00000014ef400000)]
  0x000001bc16a8d800 JavaThread "jar transforms Thread 4" [_thread_blocked, id=21920, stack(0x00000014ef400000,0x00000014ef500000)]
  0x000001bc16a8c000 JavaThread "jar transforms Thread 5" [_thread_blocked, id=8452, stack(0x00000014ef500000,0x00000014ef600000)]
  0x000001bc16a8a800 JavaThread "jar transforms Thread 6" [_thread_blocked, id=22068, stack(0x00000014ef600000,0x00000014ef700000)]
  0x000001bc16a88800 JavaThread "jar transforms Thread 7" [_thread_blocked, id=7064, stack(0x00000014ef700000,0x00000014ef800000)]
  0x000001bc16a8b000 JavaThread "jar transforms Thread 8" [_thread_blocked, id=10684, stack(0x00000014ef900000,0x00000014efa00000)]
  0x000001bc16a8c800 JavaThread "jar transforms Thread 9" [_thread_blocked, id=26620, stack(0x00000014efa00000,0x00000014efb00000)]
  0x000001bc16a8f000 JavaThread "jar transforms Thread 10" [_thread_blocked, id=9828, stack(0x00000014efb00000,0x00000014efc00000)]
  0x000001bc16a89800 JavaThread "jar transforms Thread 11" [_thread_blocked, id=6636, stack(0x00000014efc00000,0x00000014efd00000)]
  0x000001bc16a95000 JavaThread "jar transforms Thread 12" [_thread_blocked, id=15508, stack(0x00000014efd00000,0x00000014efe00000)]
  0x000001bc16a90000 JavaThread "Cache worker for execution history cache (C:\Users\dasse\.gradle\caches\7.0.2\executionHistory)" [_thread_blocked, id=21816, stack(0x00000014f0100000,0x00000014f0200000)]
  0x000001bc16a97800 JavaThread "Cache worker for file content cache (C:\Users\dasse\.gradle\caches\7.0.2\fileContent)" [_thread_blocked, id=17156, stack(0x00000014f0200000,0x00000014f0300000)]
  0x000001bc1a406000 JavaThread "Memory manager" [_thread_blocked, id=5632, stack(0x00000014f1500000,0x00000014f1600000)]
  0x000001bc1a409800 JavaThread "pool-3-thread-1" [_thread_blocked, id=13844, stack(0x00000014f1600000,0x00000014f1700000)]
  0x000001bc13fe5800 JavaThread "pool-6-thread-1" [_thread_blocked, id=2936, stack(0x00000014f1200000,0x00000014f1300000)]
  0x000001bc1a403000 JavaThread "pool-9-thread-1" [_thread_blocked, id=20268, stack(0x00000014f1100000,0x00000014f1200000)]
  0x000001bc13fe3000 JavaThread "Daemon Thread 4" [_thread_blocked, id=7924, stack(0x00000014ec100000,0x00000014ec200000)]
  0x000001bc13fe6800 JavaThread "Daemon worker Thread 4" [_thread_blocked, id=22340, stack(0x00000014edd00000,0x00000014ede00000)]
  0x000001bc1a403800 JavaThread "pool-12-thread-1" [_thread_blocked, id=26260, stack(0x00000014f0e00000,0x00000014f0f00000)]
  0x000001bc1a3fd000 JavaThread "Handler for socket connection from /127.0.0.1:59975 to /127.0.0.1:61825" [_thread_in_native, id=3080, stack(0x00000014ec200000,0x00000014ec300000)]
  0x000001bc1a3ff800 JavaThread "Cancel handler" [_thread_blocked, id=15140, stack(0x00000014ec300000,0x00000014ec400000)]
  0x000001bc1a400800 JavaThread "Asynchronous log dispatcher for DefaultDaemonConnection: socket connection from /127.0.0.1:59975 to /127.0.0.1:61825" [_thread_blocked, id=13400, stack(0x00000014ede00000,0x00000014edf00000)]
  0x000001bc1a401800 JavaThread "Stdin handler" [_thread_blocked, id=4940, stack(0x00000014edf00000,0x00000014ee000000)]
  0x000001bc1a3fc800 JavaThread "Daemon client event forwarder" [_thread_blocked, id=20472, stack(0x00000014ee000000,0x00000014ee100000)]
  0x000001bc1a3fe000 JavaThread "Cache worker for file hash cache (D:\Projects\PureDot\android_pureDot\.gradle\7.0.2\fileHashes)" [_thread_blocked, id=24444, stack(0x00000014ee100000,0x00000014ee200000)]
  0x000001bc1a3ff000 JavaThread "Cache worker for checksums cache (D:\Projects\PureDot\android_pureDot\.gradle\checksums)" [_thread_blocked, id=24980, stack(0x00000014ee200000,0x00000014ee300000)]
  0x000001bc1a3fb800 JavaThread "Cache worker for cache directory md-supplier (C:\Users\dasse\.gradle\caches\7.0.2\md-supplier)" [_thread_blocked, id=20104, stack(0x00000014ee300000,0x00000014ee400000)]
  0x000001bc1a408000 JavaThread "Cache worker for cache directory md-rule (C:\Users\dasse\.gradle\caches\7.0.2\md-rule)" [_thread_blocked, id=25724, stack(0x00000014eed00000,0x00000014eee00000)]
  0x000001bc1a404800 JavaThread "Cache worker for dependencies-accessors (D:\Projects\PureDot\android_pureDot\.gradle\7.0.2\dependencies-accessors)" [_thread_blocked, id=25700, stack(0x00000014eee00000,0x00000014eef00000)]
  0x000001bc1a405800 JavaThread "Cache worker for Build Output Cleanup Cache (D:\Projects\PureDot\android_pureDot\.gradle\buildOutputCleanup)" [_thread_blocked, id=16984, stack(0x00000014ef800000,0x00000014ef900000)]
  0x000001bc1a402000 JavaThread "Build operations" [_thread_blocked, id=12936, stack(0x00000014efe00000,0x00000014eff00000)]
  0x000001bc1a408800 JavaThread "Build operations Thread 2" [_thread_blocked, id=15184, stack(0x00000014eff00000,0x00000014f0000000)]
  0x000001bc13fe1800 JavaThread "Build operations Thread 3" [_thread_blocked, id=27444, stack(0x00000014f0000000,0x00000014f0100000)]
  0x000001bc13fe4800 JavaThread "Build operations Thread 4" [_thread_blocked, id=20624, stack(0x00000014f0300000,0x00000014f0400000)]
  0x000001bc13fe0000 JavaThread "Build operations Thread 5" [_thread_blocked, id=24712, stack(0x00000014f0600000,0x00000014f0700000)]
  0x000001bc13fe0800 JavaThread "Build operations Thread 6" [_thread_blocked, id=7916, stack(0x00000014f0700000,0x00000014f0800000)]
  0x000001bc13fe7000 JavaThread "Build operations Thread 7" [_thread_blocked, id=7536, stack(0x00000014f0800000,0x00000014f0900000)]
  0x000001bc13fe8000 JavaThread "Build operations Thread 8" [_thread_blocked, id=6596, stack(0x00000014f0900000,0x00000014f0a00000)]
  0x000001bc13fe2000 JavaThread "Build operations Thread 9" [_thread_blocked, id=22012, stack(0x00000014f0a00000,0x00000014f0b00000)]
  0x000001bc13fe9000 JavaThread "Build operations Thread 10" [_thread_blocked, id=2120, stack(0x00000014f0b00000,0x00000014f0c00000)]
  0x000001bc13fea800 JavaThread "Build operations Thread 11" [_thread_blocked, id=5476, stack(0x00000014f0c00000,0x00000014f0d00000)]
  0x000001bc13fec000 JavaThread "Build operations Thread 12" [_thread_blocked, id=16816, stack(0x00000014f0d00000,0x00000014f0e00000)]
  0x000001bc13feb000 JavaThread "build event listener" [_thread_blocked, id=2764, stack(0x00000014f1000000,0x00000014f1100000)]
  0x000001bc13fed000 JavaThread "pool-15-thread-1" [_thread_blocked, id=8608, stack(0x00000014f1700000,0x00000014f1800000)]
  0x000001bc13fe9800 JavaThread "build event listener" [_thread_blocked, id=13216, stack(0x00000014f1800000,0x00000014f1900000)]
  0x000001bc13fed800 JavaThread "Execution worker for ':'" [_thread_blocked, id=25380, stack(0x00000014f1900000,0x00000014f1a00000)]
  0x000001bc13fee800 JavaThread "Execution worker for ':' Thread 2" [_thread_blocked, id=6232, stack(0x00000014f1a00000,0x00000014f1b00000)]
  0x000001bc16a93800 JavaThread "Execution worker for ':' Thread 3" [_thread_blocked, id=15856, stack(0x00000014f1b00000,0x00000014f1c00000)]
  0x000001bc16a94000 JavaThread "Execution worker for ':' Thread 4" [_thread_in_native, id=26948, stack(0x00000014f1c00000,0x00000014f1d00000)]
  0x000001bc16a95800 JavaThread "Execution worker for ':' Thread 5" [_thread_blocked, id=4700, stack(0x00000014f1d00000,0x00000014f1e00000)]
  0x000001bc1569f800 JavaThread "Execution worker for ':' Thread 6" [_thread_blocked, id=7516, stack(0x00000014f1e00000,0x00000014f1f00000)]
  0x000001bc1569c000 JavaThread "Execution worker for ':' Thread 7" [_thread_blocked, id=26564, stack(0x00000014f1f00000,0x00000014f2000000)]
  0x000001bc1a19c000 JavaThread "Execution worker for ':' Thread 8" [_thread_blocked, id=12376, stack(0x00000014f2000000,0x00000014f2100000)]
  0x000001bc1a1a0000 JavaThread "Execution worker for ':' Thread 9" [_thread_blocked, id=17056, stack(0x00000014f2100000,0x00000014f2200000)]
  0x000001bc1a19a800 JavaThread "Execution worker for ':' Thread 10" [_thread_blocked, id=17808, stack(0x00000014f2200000,0x00000014f2300000)]
  0x000001bc1a19e800 JavaThread "Execution worker for ':' Thread 11" [_thread_blocked, id=21540, stack(0x00000014f2300000,0x00000014f2400000)]
  0x000001bc1a19c800 JavaThread "Cache worker for execution history cache (D:\Projects\PureDot\android_pureDot\.gradle\7.0.2\executionHistory)" [_thread_blocked, id=19704, stack(0x00000014f2400000,0x00000014f2500000)]
  0x000001bc1a1a1000 JavaThread "WorkerExecutor Queue" [_thread_blocked, id=14272, stack(0x00000014f2500000,0x00000014f2600000)]
  0x000001bc1a19b000 JavaThread "WorkerExecutor Queue Thread 2" [_thread_blocked, id=23476, stack(0x00000014f2600000,0x00000014f2700000)]
  0x000001bc1a1a2800 JavaThread "WorkerExecutor Queue Thread 3" [_thread_blocked, id=25540, stack(0x00000014f2700000,0x00000014f2800000)]
  0x000001bc1a19d800 JavaThread "pool-16-thread-1" [_thread_blocked, id=22808, stack(0x00000014f2800000,0x00000014f2900000)]
  0x000001bc1a1a5000 JavaThread "stderr" [_thread_in_native, id=20812, stack(0x00000014f2900000,0x00000014f2a00000)]
  0x000001bc1a19f000 JavaThread "stdout" [_thread_in_native, id=15180, stack(0x00000014f2a00000,0x00000014f2b00000)]
  0x000001bc1a1a5800 JavaThread "RMI Scheduler(0)" daemon [_thread_blocked, id=8304, stack(0x00000014f0f00000,0x00000014f1000000)]
  0x000001bc1a1a7800 JavaThread "RMI RenewClean-[127.0.0.1:17074,org.jetbrains.kotlin.daemon.common.LoopbackNetworkInterface$ClientLoopbackSocketFactory@25d8825]" daemon [_thread_blocked, id=5392, stack(0x00000014f2b00000,0x00000014f2c00000)]
  0x000001bc1a1a6800 JavaThread "RMI GC Daemon" daemon [_thread_blocked, id=12556, stack(0x00000014f2c00000,0x00000014f2d00000)]
  0x000001bc1a1a4000 JavaThread "RMI TCP Accept-0" daemon [_thread_in_native, id=22744, stack(0x00000014f2d00000,0x00000014f2e00000)]
  0x000001bc1a1a1800 JavaThread "RMI Reaper" [_thread_blocked, id=20144, stack(0x00000014f2e00000,0x00000014f2f00000)]
  0x000001bc1a1a8000 JavaThread "RMI TCP Connection(2)-127.0.0.1" daemon [_thread_in_native, id=9296, stack(0x00000014f2f00000,0x00000014f3000000)]

Other Threads:
  0x000001bc7f917000 VMThread "VM Thread" [stack: 0x00000014eca00000,0x00000014ecb00000] [id=13616]
  0x000001bc7faf7000 WatcherThread [stack: 0x00000014ed400000,0x00000014ed500000] [id=15872]
  0x000001bc75fd8800 GCTaskThread "GC Thread#0" [stack: 0x00000014ec500000,0x00000014ec600000] [id=3412]
  0x000001bc145ba800 GCTaskThread "GC Thread#1" [stack: 0x00000014ed600000,0x00000014ed700000] [id=14880]
  0x000001bc14383800 GCTaskThread "GC Thread#2" [stack: 0x00000014ed700000,0x00000014ed800000] [id=12180]
  0x000001bc14398800 GCTaskThread "GC Thread#3" [stack: 0x00000014ed800000,0x00000014ed900000] [id=25420]
  0x000001bc146d3000 GCTaskThread "GC Thread#4" [stack: 0x00000014ed900000,0x00000014eda00000] [id=14936]
  0x000001bc146d3800 GCTaskThread "GC Thread#5" [stack: 0x00000014eda00000,0x00000014edb00000] [id=18956]
  0x000001bc15ae0000 GCTaskThread "GC Thread#6" [stack: 0x00000014ee600000,0x00000014ee700000] [id=15164]
  0x000001bc13b5b800 GCTaskThread "GC Thread#7" [stack: 0x00000014ee700000,0x00000014ee800000] [id=26472]
  0x000001bc15529800 GCTaskThread "GC Thread#8" [stack: 0x00000014ee800000,0x00000014ee900000] [id=15204]
  0x000001bc159a6800 GCTaskThread "GC Thread#9" [stack: 0x00000014ee900000,0x00000014eea00000] [id=8380]
  0x000001bc7600b800 ConcurrentGCThread "G1 Main Marker" [stack: 0x00000014ec600000,0x00000014ec700000] [id=22484]
  0x000001bc7600c800 ConcurrentGCThread "G1 Conc#0" [stack: 0x00000014ec700000,0x00000014ec800000] [id=24644]
  0x000001bc15727800 ConcurrentGCThread "G1 Conc#1" [stack: 0x00000014eea00000,0x00000014eeb00000] [id=15832]
  0x000001bc1487e000 ConcurrentGCThread "G1 Conc#2" [stack: 0x00000014eeb00000,0x00000014eec00000] [id=25244]
  0x000001bc7f745800 ConcurrentGCThread "G1 Refine#0" [stack: 0x00000014ec800000,0x00000014ec900000] [id=18448]
  0x000001bc15f34000 ConcurrentGCThread "G1 Refine#1" [stack: 0x00000014f0400000,0x00000014f0500000] [id=26436]
  0x000001bc15f35000 ConcurrentGCThread "G1 Refine#2" [stack: 0x00000014f0500000,0x00000014f0600000] [id=23928]
  0x000001bc15f31000 ConcurrentGCThread "G1 Refine#3" [stack: 0x00000014f1300000,0x00000014f1400000] [id=19436]
  0x000001bc15f2f800 ConcurrentGCThread "G1 Refine#4" [stack: 0x00000014f1400000,0x00000014f1500000] [id=17876]
  0x000001bc7f746800 ConcurrentGCThread "G1 Young RemSet Sampling" [stack: 0x00000014ec900000,0x00000014eca00000] [id=17924]

Threads with active compile tasks:
C2 CompilerThread0 422600 23765   !   4       java.io.ObjectInputStream::readObject0 (671 bytes)

VM state:not at safepoint (normal execution)

VM Mutex/Monitor currently owned by a thread: None

Heap address: 0x0000000080000000, size: 2048 MB, Compressed Oops mode: 32-bit
Narrow klass base: 0x0000000000000000, Narrow klass shift: 3
Compressed class space size: 1073741824 Address: 0x0000000100000000

Heap:
 garbage-first heap   total 335872K, used 268450K [0x0000000080000000, 0x0000000100000000)
  region size 1024K, 29 young (29696K), 1 survivors (1024K)
 Metaspace       used 132401K, capacity 137968K, committed 138112K, reserved 1169408K
  class space    used 16542K, capacity 18491K, committed 18560K, reserved 1048576K
Heap Regions: E=young(eden), S=young(survivor), O=old, HS=humongous(starts), HC=humongous(continues), CS=collection set, F=free, A=archive, TAMS=top-at-mark-start (previous, next)
|   0|0x0000000080000000, 0x0000000080100000, 0x0000000080100000|100%|HS|  |TAMS 0x0000000080100000, 0x0000000080000000| Complete 
|   1|0x0000000080100000, 0x0000000080200000, 0x0000000080200000|100%|HC|  |TAMS 0x0000000080200000, 0x0000000080100000| Complete 
|   2|0x0000000080200000, 0x0000000080300000, 0x0000000080300000|100%| O|  |TAMS 0x0000000080300000, 0x0000000080200000| Untracked 
|   3|0x0000000080300000, 0x0000000080400000, 0x0000000080400000|100%|HS|  |TAMS 0x0000000080400000, 0x0000000080300000| Complete 
|   4|0x0000000080400000, 0x0000000080500000, 0x0000000080500000|100%|HC|  |TAMS 0x0000000080500000, 0x0000000080400000| Complete 
|   5|0x0000000080500000, 0x0000000080600000, 0x0000000080600000|100%|HC|  |TAMS 0x0000000080600000, 0x0000000080500000| Complete 
|   6|0x0000000080600000, 0x0000000080700000, 0x0000000080700000|100%| O|  |TAMS 0x0000000080700000, 0x0000000080600000| Untracked 
|   7|0x0000000080700000, 0x0000000080800000, 0x0000000080800000|100%| O|  |TAMS 0x0000000080800000, 0x0000000080700000| Untracked 
|   8|0x0000000080800000, 0x0000000080900000, 0x0000000080900000|100%| O|  |TAMS 0x0000000080900000, 0x0000000080800000| Untracked 
|   9|0x0000000080900000, 0x0000000080a00000, 0x0000000080a00000|100%| O|  |TAMS 0x0000000080a00000, 0x0000000080900000| Untracked 
|  10|0x0000000080a00000, 0x0000000080b00000, 0x0000000080b00000|100%| O|  |TAMS 0x0000000080b00000, 0x0000000080a00000| Untracked 
|  11|0x0000000080b00000, 0x0000000080c00000, 0x0000000080c00000|100%| O|  |TAMS 0x0000000080c00000, 0x0000000080b00000| Untracked 
|  12|0x0000000080c00000, 0x0000000080d00000, 0x0000000080d00000|100%| O|  |TAMS 0x0000000080d00000, 0x0000000080c00000| Untracked 
|  13|0x0000000080d00000, 0x0000000080e00000, 0x0000000080e00000|100%| O|  |TAMS 0x0000000080e00000, 0x0000000080d00000| Untracked 
|  14|0x0000000080e00000, 0x0000000080f00000, 0x0000000080f00000|100%| O|  |TAMS 0x0000000080f00000, 0x0000000080e00000| Untracked 
|  15|0x0000000080f00000, 0x0000000081000000, 0x0000000081000000|100%| O|  |TAMS 0x0000000081000000, 0x0000000080f00000| Untracked 
|  16|0x0000000081000000, 0x0000000081100000, 0x0000000081100000|100%| O|  |TAMS 0x0000000081100000, 0x0000000081000000| Untracked 
|  17|0x0000000081100000, 0x0000000081200000, 0x0000000081200000|100%| O|  |TAMS 0x0000000081200000, 0x0000000081100000| Untracked 
|  18|0x0000000081200000, 0x0000000081300000, 0x0000000081300000|100%|HS|  |TAMS 0x0000000081300000, 0x0000000081200000| Complete 
|  19|0x0000000081300000, 0x0000000081400000, 0x0000000081400000|100%|HC|  |TAMS 0x0000000081400000, 0x0000000081300000| Complete 
|  20|0x0000000081400000, 0x0000000081500000, 0x0000000081500000|100%|HC|  |TAMS 0x0000000081500000, 0x0000000081400000| Complete 
|  21|0x0000000081500000, 0x0000000081600000, 0x0000000081600000|100%|HS|  |TAMS 0x0000000081600000, 0x0000000081500000| Complete 
|  22|0x0000000081600000, 0x0000000081700000, 0x0000000081700000|100%|HC|  |TAMS 0x0000000081700000, 0x0000000081600000| Complete 
|  23|0x0000000081700000, 0x0000000081800000, 0x0000000081800000|100%|HC|  |TAMS 0x0000000081800000, 0x0000000081700000| Complete 
|  24|0x0000000081800000, 0x0000000081900000, 0x0000000081900000|100%|HC|  |TAMS 0x0000000081900000, 0x0000000081800000| Complete 
|  25|0x0000000081900000, 0x0000000081a00000, 0x0000000081a00000|100%|HC|  |TAMS 0x0000000081a00000, 0x0000000081900000| Complete 
|  26|0x0000000081a00000, 0x0000000081b00000, 0x0000000081b00000|100%|HS|  |TAMS 0x0000000081b00000, 0x0000000081a00000| Complete 
|  27|0x0000000081b00000, 0x0000000081c00000, 0x0000000081c00000|100%|HS|  |TAMS 0x0000000081c00000, 0x0000000081b00000| Complete 
|  28|0x0000000081c00000, 0x0000000081d00000, 0x0000000081d00000|100%|HS|  |TAMS 0x0000000081d00000, 0x0000000081c00000| Complete 
|  29|0x0000000081d00000, 0x0000000081e00000, 0x0000000081e00000|100%|HS|  |TAMS 0x0000000081e00000, 0x0000000081d00000| Complete 
|  30|0x0000000081e00000, 0x0000000081f00000, 0x0000000081f00000|100%|HC|  |TAMS 0x0000000081f00000, 0x0000000081e00000| Complete 
|  31|0x0000000081f00000, 0x0000000082000000, 0x0000000082000000|100%|HC|  |TAMS 0x0000000082000000, 0x0000000081f00000| Complete 
|  32|0x0000000082000000, 0x0000000082100000, 0x0000000082100000|100%|HC|  |TAMS 0x0000000082100000, 0x0000000082000000| Complete 
|  33|0x0000000082100000, 0x0000000082200000, 0x0000000082200000|100%|HC|  |TAMS 0x0000000082200000, 0x0000000082100000| Complete 
|  34|0x0000000082200000, 0x0000000082300000, 0x0000000082300000|100%|HS|  |TAMS 0x0000000082300000, 0x0000000082200000| Complete 
|  35|0x0000000082300000, 0x0000000082400000, 0x0000000082400000|100%|HC|  |TAMS 0x0000000082400000, 0x0000000082300000| Complete 
|  36|0x0000000082400000, 0x0000000082500000, 0x0000000082500000|100%|HC|  |TAMS 0x0000000082500000, 0x0000000082400000| Complete 
|  37|0x0000000082500000, 0x0000000082600000, 0x0000000082600000|100%| O|  |TAMS 0x0000000082600000, 0x0000000082500000| Untracked 
|  38|0x0000000082600000, 0x0000000082700000, 0x0000000082700000|100%| O|  |TAMS 0x0000000082700000, 0x0000000082600000| Untracked 
|  39|0x0000000082700000, 0x0000000082800000, 0x0000000082800000|100%| O|  |TAMS 0x0000000082700000, 0x0000000082700000| Untracked 
|  40|0x0000000082800000, 0x0000000082900000, 0x0000000082900000|100%| O|  |TAMS 0x0000000082900000, 0x0000000082800000| Untracked 
|  41|0x0000000082900000, 0x0000000082a00000, 0x0000000082a00000|100%|HS|  |TAMS 0x0000000082a00000, 0x0000000082900000| Complete 
|  42|0x0000000082a00000, 0x0000000082b00000, 0x0000000082b00000|100%|HC|  |TAMS 0x0000000082b00000, 0x0000000082a00000| Complete 
|  43|0x0000000082b00000, 0x0000000082c00000, 0x0000000082c00000|100%|HC|  |TAMS 0x0000000082c00000, 0x0000000082b00000| Complete 
|  44|0x0000000082c00000, 0x0000000082d00000, 0x0000000082d00000|100%|HS|  |TAMS 0x0000000082d00000, 0x0000000082c00000| Complete 
|  45|0x0000000082d00000, 0x0000000082e00000, 0x0000000082e00000|100%|HC|  |TAMS 0x0000000082e00000, 0x0000000082d00000| Complete 
|  46|0x0000000082e00000, 0x0000000082f00000, 0x0000000082f00000|100%| O|  |TAMS 0x0000000082f00000, 0x0000000082e00000| Untracked 
|  47|0x0000000082f00000, 0x0000000083000000, 0x0000000083000000|100%| O|  |TAMS 0x0000000083000000, 0x0000000082f00000| Untracked 
|  48|0x0000000083000000, 0x0000000083100000, 0x0000000083100000|100%| O|  |TAMS 0x0000000083100000, 0x0000000083000000| Untracked 
|  49|0x0000000083100000, 0x0000000083200000, 0x0000000083200000|100%| O|  |TAMS 0x0000000083200000, 0x0000000083100000| Untracked 
|  50|0x0000000083200000, 0x0000000083300000, 0x0000000083300000|100%| O|  |TAMS 0x0000000083300000, 0x0000000083200000| Untracked 
|  51|0x0000000083300000, 0x0000000083400000, 0x0000000083400000|100%| O|  |TAMS 0x0000000083400000, 0x0000000083300000| Untracked 
|  52|0x0000000083400000, 0x0000000083500000, 0x0000000083500000|100%| O|  |TAMS 0x0000000083500000, 0x0000000083400000| Untracked 
|  53|0x0000000083500000, 0x0000000083600000, 0x0000000083600000|100%| O|  |TAMS 0x0000000083600000, 0x0000000083500000| Untracked 
|  54|0x0000000083600000, 0x0000000083700000, 0x0000000083700000|100%| O|  |TAMS 0x0000000083700000, 0x0000000083600000| Untracked 
|  55|0x0000000083700000, 0x0000000083800000, 0x0000000083800000|100%| O|  |TAMS 0x0000000083800000, 0x0000000083700000| Untracked 
|  56|0x0000000083800000, 0x0000000083900000, 0x0000000083900000|100%| O|  |TAMS 0x0000000083900000, 0x0000000083800000| Untracked 
|  57|0x0000000083900000, 0x0000000083a00000, 0x0000000083a00000|100%| O|  |TAMS 0x0000000083a00000, 0x0000000083900000| Untracked 
|  58|0x0000000083a00000, 0x0000000083b00000, 0x0000000083b00000|100%| O|  |TAMS 0x0000000083b00000, 0x0000000083a00000| Untracked 
|  59|0x0000000083b00000, 0x0000000083c00000, 0x0000000083c00000|100%| O|  |TAMS 0x0000000083c00000, 0x0000000083b00000| Untracked 
|  60|0x0000000083c00000, 0x0000000083d00000, 0x0000000083d00000|100%| O|  |TAMS 0x0000000083d00000, 0x0000000083c00000| Untracked 
|  61|0x0000000083d00000, 0x0000000083e00000, 0x0000000083e00000|100%| O|  |TAMS 0x0000000083e00000, 0x0000000083d00000| Untracked 
|  62|0x0000000083e00000, 0x0000000083f00000, 0x0000000083f00000|100%| O|  |TAMS 0x0000000083f00000, 0x0000000083e00000| Untracked 
|  63|0x0000000083f00000, 0x0000000084000000, 0x0000000084000000|100%| O|  |TAMS 0x0000000084000000, 0x0000000083f00000| Untracked 
|  64|0x0000000084000000, 0x0000000084100000, 0x0000000084100000|100%| O|  |TAMS 0x0000000084100000, 0x0000000084000000| Untracked 
|  65|0x0000000084100000, 0x0000000084200000, 0x0000000084200000|100%| O|  |TAMS 0x0000000084200000, 0x0000000084100000| Untracked 
|  66|0x0000000084200000, 0x0000000084300000, 0x0000000084300000|100%| O|  |TAMS 0x0000000084300000, 0x0000000084200000| Untracked 
|  67|0x0000000084300000, 0x0000000084400000, 0x0000000084400000|100%| O|  |TAMS 0x0000000084400000, 0x0000000084300000| Untracked 
|  68|0x0000000084400000, 0x0000000084500000, 0x0000000084500000|100%| O|  |TAMS 0x0000000084500000, 0x0000000084400000| Untracked 
|  69|0x0000000084500000, 0x0000000084600000, 0x0000000084600000|100%| O|  |TAMS 0x0000000084600000, 0x0000000084500000| Untracked 
|  70|0x0000000084600000, 0x0000000084700000, 0x0000000084700000|100%| O|  |TAMS 0x0000000084600000, 0x0000000084600000| Untracked 
|  71|0x0000000084700000, 0x0000000084800000, 0x0000000084800000|100%| O|  |TAMS 0x0000000084800000, 0x0000000084700000| Untracked 
|  72|0x0000000084800000, 0x0000000084900000, 0x0000000084900000|100%| O|  |TAMS 0x0000000084900000, 0x0000000084800000| Untracked 
|  73|0x0000000084900000, 0x0000000084a00000, 0x0000000084a00000|100%| O|  |TAMS 0x0000000084a00000, 0x0000000084900000| Untracked 
|  74|0x0000000084a00000, 0x0000000084b00000, 0x0000000084b00000|100%| O|  |TAMS 0x0000000084b00000, 0x0000000084a00000| Untracked 
|  75|0x0000000084b00000, 0x0000000084c00000, 0x0000000084c00000|100%| O|  |TAMS 0x0000000084c00000, 0x0000000084b00000| Untracked 
|  76|0x0000000084c00000, 0x0000000084d00000, 0x0000000084d00000|100%| O|  |TAMS 0x0000000084d00000, 0x0000000084c00000| Untracked 
|  77|0x0000000084d00000, 0x0000000084e00000, 0x0000000084e00000|100%| O|  |TAMS 0x0000000084e00000, 0x0000000084d00000| Untracked 
|  78|0x0000000084e00000, 0x0000000084f00000, 0x0000000084f00000|100%| O|  |TAMS 0x0000000084f00000, 0x0000000084e00000| Untracked 
|  79|0x0000000084f00000, 0x0000000085000000, 0x0000000085000000|100%| O|  |TAMS 0x0000000085000000, 0x0000000084f00000| Untracked 
|  80|0x0000000085000000, 0x0000000085100000, 0x0000000085100000|100%| O|  |TAMS 0x0000000085100000, 0x0000000085000000| Untracked 
|  81|0x0000000085100000, 0x0000000085200000, 0x0000000085200000|100%| O|  |TAMS 0x0000000085200000, 0x0000000085100000| Untracked 
|  82|0x0000000085200000, 0x0000000085300000, 0x0000000085300000|100%| O|  |TAMS 0x0000000085300000, 0x0000000085200000| Untracked 
|  83|0x0000000085300000, 0x0000000085400000, 0x0000000085400000|100%| O|  |TAMS 0x0000000085300000, 0x0000000085300000| Untracked 
|  84|0x0000000085400000, 0x0000000085500000, 0x0000000085500000|100%| O|  |TAMS 0x0000000085500000, 0x0000000085400000| Untracked 
|  85|0x0000000085500000, 0x0000000085600000, 0x0000000085600000|100%| O|  |TAMS 0x0000000085600000, 0x0000000085500000| Untracked 
|  86|0x0000000085600000, 0x0000000085700000, 0x0000000085700000|100%| O|  |TAMS 0x0000000085700000, 0x0000000085600000| Untracked 
|  87|0x0000000085700000, 0x0000000085800000, 0x0000000085800000|100%| O|  |TAMS 0x0000000085800000, 0x0000000085700000| Untracked 
|  88|0x0000000085800000, 0x0000000085900000, 0x0000000085900000|100%| O|  |TAMS 0x0000000085900000, 0x0000000085800000| Untracked 
|  89|0x0000000085900000, 0x0000000085a00000, 0x0000000085a00000|100%| O|  |TAMS 0x0000000085a00000, 0x0000000085900000| Untracked 
|  90|0x0000000085a00000, 0x0000000085b00000, 0x0000000085b00000|100%| O|  |TAMS 0x0000000085b00000, 0x0000000085a00000| Untracked 
|  91|0x0000000085b00000, 0x0000000085c00000, 0x0000000085c00000|100%| O|  |TAMS 0x0000000085c00000, 0x0000000085b00000| Untracked 
|  92|0x0000000085c00000, 0x0000000085d00000, 0x0000000085d00000|100%| O|  |TAMS 0x0000000085d00000, 0x0000000085c00000| Untracked 
|  93|0x0000000085d00000, 0x0000000085e00000, 0x0000000085e00000|100%| O|  |TAMS 0x0000000085e00000, 0x0000000085d00000| Untracked 
|  94|0x0000000085e00000, 0x0000000085f00000, 0x0000000085f00000|100%| O|  |TAMS 0x0000000085f00000, 0x0000000085e00000| Untracked 
|  95|0x0000000085f00000, 0x0000000086000000, 0x0000000086000000|100%| O|  |TAMS 0x0000000086000000, 0x0000000085f00000| Untracked 
|  96|0x0000000086000000, 0x0000000086100000, 0x0000000086100000|100%| O|  |TAMS 0x0000000086100000, 0x0000000086000000| Untracked 
|  97|0x0000000086100000, 0x0000000086200000, 0x0000000086200000|100%| O|  |TAMS 0x0000000086200000, 0x0000000086100000| Untracked 
|  98|0x0000000086200000, 0x0000000086300000, 0x0000000086300000|100%| O|  |TAMS 0x0000000086300000, 0x0000000086200000| Untracked 
|  99|0x0000000086300000, 0x0000000086400000, 0x0000000086400000|100%| O|  |TAMS 0x0000000086300000, 0x0000000086300000| Untracked 
| 100|0x0000000086400000, 0x0000000086500000, 0x0000000086500000|100%| O|  |TAMS 0x0000000086500000, 0x0000000086400000| Untracked 
| 101|0x0000000086500000, 0x0000000086600000, 0x0000000086600000|100%| O|  |TAMS 0x0000000086500000, 0x0000000086500000| Untracked 
| 102|0x0000000086600000, 0x0000000086700000, 0x0000000086700000|100%| O|  |TAMS 0x0000000086700000, 0x0000000086600000| Untracked 
| 103|0x0000000086700000, 0x0000000086800000, 0x0000000086800000|100%| O|  |TAMS 0x0000000086800000, 0x0000000086700000| Untracked 
| 104|0x0000000086800000, 0x0000000086900000, 0x0000000086900000|100%| O|  |TAMS 0x0000000086900000, 0x0000000086800000| Untracked 
| 105|0x0000000086900000, 0x0000000086a00000, 0x0000000086a00000|100%| O|  |TAMS 0x0000000086900000, 0x0000000086900000| Untracked 
| 106|0x0000000086a00000, 0x0000000086b00000, 0x0000000086b00000|100%| O|  |TAMS 0x0000000086a00000, 0x0000000086a00000| Untracked 
| 107|0x0000000086b00000, 0x0000000086c00000, 0x0000000086c00000|100%| O|  |TAMS 0x0000000086c00000, 0x0000000086b00000| Untracked 
| 108|0x0000000086c00000, 0x0000000086d00000, 0x0000000086d00000|100%| O|  |TAMS 0x0000000086d00000, 0x0000000086c00000| Untracked 
| 109|0x0000000086d00000, 0x0000000086e00000, 0x0000000086e00000|100%| O|  |TAMS 0x0000000086d00000, 0x0000000086d00000| Untracked 
| 110|0x0000000086e00000, 0x0000000086f00000, 0x0000000086f00000|100%| O|  |TAMS 0x0000000086e00000, 0x0000000086e00000| Untracked 
| 111|0x0000000086f00000, 0x0000000087000000, 0x0000000087000000|100%| O|  |TAMS 0x0000000087000000, 0x0000000086f00000| Untracked 
| 112|0x0000000087000000, 0x0000000087100000, 0x0000000087100000|100%| O|  |TAMS 0x0000000087100000, 0x0000000087000000| Untracked 
| 113|0x0000000087100000, 0x0000000087200000, 0x0000000087200000|100%| O|  |TAMS 0x0000000087200000, 0x0000000087100000| Untracked 
| 114|0x0000000087200000, 0x0000000087300000, 0x0000000087300000|100%| O|  |TAMS 0x0000000087300000, 0x0000000087200000| Untracked 
| 115|0x0000000087300000, 0x0000000087400000, 0x0000000087400000|100%| O|  |TAMS 0x0000000087400000, 0x0000000087300000| Untracked 
| 116|0x0000000087400000, 0x0000000087500000, 0x0000000087500000|100%| O|  |TAMS 0x0000000087500000, 0x0000000087400000| Untracked 
| 117|0x0000000087500000, 0x0000000087600000, 0x0000000087600000|100%| O|  |TAMS 0x0000000087600000, 0x0000000087500000| Untracked 
| 118|0x0000000087600000, 0x0000000087700000, 0x0000000087700000|100%| O|  |TAMS 0x0000000087700000, 0x0000000087600000| Untracked 
| 119|0x0000000087700000, 0x0000000087800000, 0x0000000087800000|100%| O|  |TAMS 0x0000000087800000, 0x0000000087700000| Untracked 
| 120|0x0000000087800000, 0x0000000087900000, 0x0000000087900000|100%| O|  |TAMS 0x0000000087900000, 0x0000000087800000| Untracked 
| 121|0x0000000087900000, 0x0000000087a00000, 0x0000000087a00000|100%| O|  |TAMS 0x0000000087a00000, 0x0000000087900000| Untracked 
| 122|0x0000000087a00000, 0x0000000087b00000, 0x0000000087b00000|100%| O|  |TAMS 0x0000000087b00000, 0x0000000087a00000| Untracked 
| 123|0x0000000087b00000, 0x0000000087c00000, 0x0000000087c00000|100%| O|  |TAMS 0x0000000087c00000, 0x0000000087b00000| Untracked 
| 124|0x0000000087c00000, 0x0000000087d00000, 0x0000000087d00000|100%| O|  |TAMS 0x0000000087c00000, 0x0000000087c00000| Untracked 
| 125|0x0000000087d00000, 0x0000000087e00000, 0x0000000087e00000|100%| O|  |TAMS 0x0000000087e00000, 0x0000000087d00000| Untracked 
| 126|0x0000000087e00000, 0x0000000087f00000, 0x0000000087f00000|100%| O|  |TAMS 0x0000000087e00000, 0x0000000087e00000| Untracked 
| 127|0x0000000087f00000, 0x0000000088000000, 0x0000000088000000|100%| O|  |TAMS 0x0000000088000000, 0x0000000087f00000| Untracked 
| 128|0x0000000088000000, 0x0000000088100000, 0x0000000088100000|100%| O|  |TAMS 0x0000000088000000, 0x0000000088000000| Untracked 
| 129|0x0000000088100000, 0x0000000088200000, 0x0000000088200000|100%| O|  |TAMS 0x0000000088200000, 0x0000000088100000| Untracked 
| 130|0x0000000088200000, 0x0000000088300000, 0x0000000088300000|100%| O|  |TAMS 0x0000000088200000, 0x0000000088200000| Untracked 
| 131|0x0000000088300000, 0x0000000088400000, 0x0000000088400000|100%| O|  |TAMS 0x0000000088400000, 0x0000000088300000| Untracked 
| 132|0x0000000088400000, 0x0000000088500000, 0x0000000088500000|100%| O|  |TAMS 0x0000000088500000, 0x0000000088400000| Untracked 
| 133|0x0000000088500000, 0x0000000088600000, 0x0000000088600000|100%| O|  |TAMS 0x0000000088600000, 0x0000000088500000| Untracked 
| 134|0x0000000088600000, 0x0000000088700000, 0x0000000088700000|100%| O|  |TAMS 0x0000000088700000, 0x0000000088600000| Untracked 
| 135|0x0000000088700000, 0x0000000088800000, 0x0000000088800000|100%| O|  |TAMS 0x0000000088800000, 0x0000000088700000| Untracked 
| 136|0x0000000088800000, 0x0000000088900000, 0x0000000088900000|100%| O|  |TAMS 0x0000000088900000, 0x0000000088800000| Untracked 
| 137|0x0000000088900000, 0x0000000088a00000, 0x0000000088a00000|100%| O|  |TAMS 0x0000000088a00000, 0x0000000088900000| Untracked 
| 138|0x0000000088a00000, 0x0000000088b00000, 0x0000000088b00000|100%| O|  |TAMS 0x0000000088b00000, 0x0000000088a00000| Untracked 
| 139|0x0000000088b00000, 0x0000000088c00000, 0x0000000088c00000|100%| O|  |TAMS 0x0000000088c00000, 0x0000000088b00000| Untracked 
| 140|0x0000000088c00000, 0x0000000088d00000, 0x0000000088d00000|100%| O|  |TAMS 0x0000000088d00000, 0x0000000088c00000| Untracked 
| 141|0x0000000088d00000, 0x0000000088e00000, 0x0000000088e00000|100%| O|  |TAMS 0x0000000088e00000, 0x0000000088d00000| Untracked 
| 142|0x0000000088e00000, 0x0000000088f00000, 0x0000000088f00000|100%| O|  |TAMS 0x0000000088e00000, 0x0000000088e00000| Untracked 
| 143|0x0000000088f00000, 0x0000000089000000, 0x0000000089000000|100%| O|  |TAMS 0x0000000088f00000, 0x0000000088f00000| Untracked 
| 144|0x0000000089000000, 0x0000000089100000, 0x0000000089100000|100%| O|  |TAMS 0x0000000089000000, 0x0000000089000000| Untracked 
| 145|0x0000000089100000, 0x0000000089200000, 0x0000000089200000|100%| O|  |TAMS 0x0000000089200000, 0x0000000089100000| Untracked 
| 146|0x0000000089200000, 0x0000000089300000, 0x0000000089300000|100%| O|  |TAMS 0x0000000089300000, 0x0000000089200000| Untracked 
| 147|0x0000000089300000, 0x0000000089400000, 0x0000000089400000|100%| O|  |TAMS 0x0000000089300000, 0x0000000089300000| Untracked 
| 148|0x0000000089400000, 0x0000000089500000, 0x0000000089500000|100%| O|  |TAMS 0x0000000089400000, 0x0000000089400000| Untracked 
| 149|0x0000000089500000, 0x0000000089600000, 0x0000000089600000|100%| O|  |TAMS 0x0000000089500000, 0x0000000089500000| Untracked 
| 150|0x0000000089600000, 0x0000000089700000, 0x0000000089700000|100%| O|  |TAMS 0x0000000089700000, 0x0000000089600000| Untracked 
| 151|0x0000000089700000, 0x0000000089800000, 0x0000000089800000|100%| O|  |TAMS 0x0000000089800000, 0x0000000089700000| Untracked 
| 152|0x0000000089800000, 0x0000000089900000, 0x0000000089900000|100%| O|  |TAMS 0x0000000089900000, 0x0000000089800000| Untracked 
| 153|0x0000000089900000, 0x0000000089a00000, 0x0000000089a00000|100%| O|  |TAMS 0x0000000089a00000, 0x0000000089900000| Untracked 
| 154|0x0000000089a00000, 0x0000000089b00000, 0x0000000089b00000|100%| O|  |TAMS 0x0000000089b00000, 0x0000000089a00000| Untracked 
| 155|0x0000000089b00000, 0x0000000089c00000, 0x0000000089c00000|100%| O|  |TAMS 0x0000000089b00000, 0x0000000089b00000| Untracked 
| 156|0x0000000089c00000, 0x0000000089d00000, 0x0000000089d00000|100%| O|  |TAMS 0x0000000089d00000, 0x0000000089c00000| Untracked 
| 157|0x0000000089d00000, 0x0000000089e00000, 0x0000000089e00000|100%| O|  |TAMS 0x0000000089d00000, 0x0000000089d00000| Untracked 
| 158|0x0000000089e00000, 0x0000000089f00000, 0x0000000089f00000|100%| O|  |TAMS 0x0000000089f00000, 0x0000000089e00000| Untracked 
| 159|0x0000000089f00000, 0x000000008a000000, 0x000000008a000000|100%| O|  |TAMS 0x000000008a000000, 0x0000000089f00000| Untracked 
| 160|0x000000008a000000, 0x000000008a100000, 0x000000008a100000|100%| O|  |TAMS 0x000000008a100000, 0x000000008a000000| Untracked 
| 161|0x000000008a100000, 0x000000008a200000, 0x000000008a200000|100%| O|  |TAMS 0x000000008a200000, 0x000000008a100000| Untracked 
| 162|0x000000008a200000, 0x000000008a300000, 0x000000008a300000|100%| O|  |TAMS 0x000000008a300000, 0x000000008a200000| Untracked 
| 163|0x000000008a300000, 0x000000008a400000, 0x000000008a400000|100%| O|  |TAMS 0x000000008a400000, 0x000000008a300000| Untracked 
| 164|0x000000008a400000, 0x000000008a500000, 0x000000008a500000|100%| O|  |TAMS 0x000000008a500000, 0x000000008a400000| Untracked 
| 165|0x000000008a500000, 0x000000008a600000, 0x000000008a600000|100%| O|  |TAMS 0x000000008a600000, 0x000000008a500000| Untracked 
| 166|0x000000008a600000, 0x000000008a700000, 0x000000008a700000|100%| O|  |TAMS 0x000000008a700000, 0x000000008a600000| Untracked 
| 167|0x000000008a700000, 0x000000008a800000, 0x000000008a800000|100%| O|  |TAMS 0x000000008a700000, 0x000000008a700000| Untracked 
| 168|0x000000008a800000, 0x000000008a900000, 0x000000008a900000|100%| O|  |TAMS 0x000000008a900000, 0x000000008a800000| Untracked 
| 169|0x000000008a900000, 0x000000008aa00000, 0x000000008aa00000|100%| O|  |TAMS 0x000000008a900000, 0x000000008a900000| Untracked 
| 170|0x000000008aa00000, 0x000000008ab00000, 0x000000008ab00000|100%| O|  |TAMS 0x000000008aa00000, 0x000000008aa00000| Untracked 
| 171|0x000000008ab00000, 0x000000008ac00000, 0x000000008ac00000|100%| O|  |TAMS 0x000000008ab00000, 0x000000008ab00000| Untracked 
| 172|0x000000008ac00000, 0x000000008ad00000, 0x000000008ad00000|100%| O|  |TAMS 0x000000008ac00000, 0x000000008ac00000| Untracked 
| 173|0x000000008ad00000, 0x000000008ae00000, 0x000000008ae00000|100%| O|  |TAMS 0x000000008ae00000, 0x000000008ad00000| Untracked 
| 174|0x000000008ae00000, 0x000000008af00000, 0x000000008af00000|100%| O|  |TAMS 0x000000008af00000, 0x000000008ae00000| Untracked 
| 175|0x000000008af00000, 0x000000008b000000, 0x000000008b000000|100%| O|  |TAMS 0x000000008b000000, 0x000000008af00000| Untracked 
| 176|0x000000008b000000, 0x000000008b100000, 0x000000008b100000|100%| O|  |TAMS 0x000000008b100000, 0x000000008b000000| Untracked 
| 177|0x000000008b100000, 0x000000008b200000, 0x000000008b200000|100%| O|  |TAMS 0x000000008b200000, 0x000000008b100000| Untracked 
| 178|0x000000008b200000, 0x000000008b300000, 0x000000008b300000|100%| O|  |TAMS 0x000000008b300000, 0x000000008b200000| Untracked 
| 179|0x000000008b300000, 0x000000008b400000, 0x000000008b400000|100%| O|  |TAMS 0x000000008b400000, 0x000000008b300000| Untracked 
| 180|0x000000008b400000, 0x000000008b500000, 0x000000008b500000|100%| O|  |TAMS 0x000000008b500000, 0x000000008b400000| Untracked 
| 181|0x000000008b500000, 0x000000008b600000, 0x000000008b600000|100%| O|  |TAMS 0x000000008b600000, 0x000000008b500000| Untracked 
| 182|0x000000008b600000, 0x000000008b700000, 0x000000008b700000|100%| O|  |TAMS 0x000000008b700000, 0x000000008b600000| Untracked 
| 183|0x000000008b700000, 0x000000008b800000, 0x000000008b800000|100%| O|  |TAMS 0x000000008b700000, 0x000000008b700000| Untracked 
| 184|0x000000008b800000, 0x000000008b900000, 0x000000008b900000|100%| O|  |TAMS 0x000000008b800000, 0x000000008b800000| Untracked 
| 185|0x000000008b900000, 0x000000008ba00000, 0x000000008ba00000|100%| O|  |TAMS 0x000000008b900000, 0x000000008b900000| Untracked 
| 186|0x000000008ba00000, 0x000000008bb00000, 0x000000008bb00000|100%| O|  |TAMS 0x000000008ba00000, 0x000000008ba00000| Untracked 
| 187|0x000000008bb00000, 0x000000008bc00000, 0x000000008bc00000|100%| O|  |TAMS 0x000000008bc00000, 0x000000008bb00000| Untracked 
| 188|0x000000008bc00000, 0x000000008bd00000, 0x000000008bd00000|100%| O|  |TAMS 0x000000008bd00000, 0x000000008bc00000| Untracked 
| 189|0x000000008bd00000, 0x000000008be00000, 0x000000008be00000|100%| O|  |TAMS 0x000000008bd00000, 0x000000008bd00000| Untracked 
| 190|0x000000008be00000, 0x000000008bf00000, 0x000000008bf00000|100%| O|  |TAMS 0x000000008bf00000, 0x000000008be00000| Untracked 
| 191|0x000000008bf00000, 0x000000008c000000, 0x000000008c000000|100%| O|  |TAMS 0x000000008c000000, 0x000000008bf00000| Untracked 
| 192|0x000000008c000000, 0x000000008c100000, 0x000000008c100000|100%| O|  |TAMS 0x000000008c100000, 0x000000008c000000| Untracked 
| 193|0x000000008c100000, 0x000000008c200000, 0x000000008c200000|100%| O|  |TAMS 0x000000008c200000, 0x000000008c100000| Untracked 
| 194|0x000000008c200000, 0x000000008c300000, 0x000000008c300000|100%| O|  |TAMS 0x000000008c300000, 0x000000008c200000| Untracked 
| 195|0x000000008c300000, 0x000000008c400000, 0x000000008c400000|100%| O|  |TAMS 0x000000008c300000, 0x000000008c300000| Untracked 
| 196|0x000000008c400000, 0x000000008c500000, 0x000000008c500000|100%| O|  |TAMS 0x000000008c400000, 0x000000008c400000| Untracked 
| 197|0x000000008c500000, 0x000000008c600000, 0x000000008c600000|100%| O|  |TAMS 0x000000008c500000, 0x000000008c500000| Untracked 
| 198|0x000000008c600000, 0x000000008c700000, 0x000000008c700000|100%| O|  |TAMS 0x000000008c600000, 0x000000008c600000| Untracked 
| 199|0x000000008c700000, 0x000000008c800000, 0x000000008c800000|100%| O|  |TAMS 0x000000008c700000, 0x000000008c700000| Untracked 
| 200|0x000000008c800000, 0x000000008c900000, 0x000000008c900000|100%| O|  |TAMS 0x000000008c800000, 0x000000008c800000| Untracked 
| 201|0x000000008c900000, 0x000000008ca00000, 0x000000008ca00000|100%| O|  |TAMS 0x000000008ca00000, 0x000000008c900000| Untracked 
| 202|0x000000008ca00000, 0x000000008cb00000, 0x000000008cb00000|100%| O|  |TAMS 0x000000008cb00000, 0x000000008ca00000| Untracked 
| 203|0x000000008cb00000, 0x000000008cc00000, 0x000000008cc00000|100%| O|  |TAMS 0x000000008cc00000, 0x000000008cb00000| Untracked 
| 204|0x000000008cc00000, 0x000000008cd00000, 0x000000008cd00000|100%| O|  |TAMS 0x000000008cd00000, 0x000000008cc00000| Untracked 
| 205|0x000000008cd00000, 0x000000008ce00000, 0x000000008ce00000|100%| O|  |TAMS 0x000000008ce00000, 0x000000008cd00000| Untracked 
| 206|0x000000008ce00000, 0x000000008cf00000, 0x000000008cf00000|100%| O|  |TAMS 0x000000008ce00000, 0x000000008ce00000| Untracked 
| 207|0x000000008cf00000, 0x000000008d000000, 0x000000008d000000|100%| O|  |TAMS 0x000000008cf00000, 0x000000008cf00000| Untracked 
| 208|0x000000008d000000, 0x000000008d100000, 0x000000008d100000|100%| O|  |TAMS 0x000000008d000000, 0x000000008d000000| Untracked 
| 209|0x000000008d100000, 0x000000008d200000, 0x000000008d200000|100%| O|  |TAMS 0x000000008d100000, 0x000000008d100000| Untracked 
| 210|0x000000008d200000, 0x000000008d300000, 0x000000008d300000|100%| O|  |TAMS 0x000000008d200000, 0x000000008d200000| Untracked 
| 211|0x000000008d300000, 0x000000008d400000, 0x000000008d400000|100%| O|  |TAMS 0x000000008d300000, 0x000000008d300000| Untracked 
| 212|0x000000008d400000, 0x000000008d500000, 0x000000008d500000|100%| O|  |TAMS 0x000000008d400000, 0x000000008d400000| Untracked 
| 213|0x000000008d500000, 0x000000008d600000, 0x000000008d600000|100%| O|  |TAMS 0x000000008d500000, 0x000000008d500000| Untracked 
| 214|0x000000008d600000, 0x000000008d700000, 0x000000008d700000|100%| O|  |TAMS 0x000000008d700000, 0x000000008d600000| Untracked 
| 215|0x000000008d700000, 0x000000008d800000, 0x000000008d800000|100%| O|  |TAMS 0x000000008d700000, 0x000000008d700000| Untracked 
| 216|0x000000008d800000, 0x000000008d900000, 0x000000008d900000|100%| O|  |TAMS 0x000000008d800000, 0x000000008d800000| Untracked 
| 217|0x000000008d900000, 0x000000008da00000, 0x000000008da00000|100%| O|  |TAMS 0x000000008d900000, 0x000000008d900000| Untracked 
| 218|0x000000008da00000, 0x000000008db00000, 0x000000008db00000|100%| O|  |TAMS 0x000000008da00000, 0x000000008da00000| Untracked 
| 219|0x000000008db00000, 0x000000008dc00000, 0x000000008dc00000|100%| O|  |TAMS 0x000000008db00000, 0x000000008db00000| Untracked 
| 220|0x000000008dc00000, 0x000000008dd00000, 0x000000008dd00000|100%| O|  |TAMS 0x000000008dc00000, 0x000000008dc00000| Untracked 
| 221|0x000000008dd00000, 0x000000008de00000, 0x000000008de00000|100%| O|  |TAMS 0x000000008dd00000, 0x000000008dd00000| Untracked 
| 222|0x000000008de00000, 0x000000008df00000, 0x000000008df00000|100%| O|  |TAMS 0x000000008de00000, 0x000000008de00000| Untracked 
| 223|0x000000008df00000, 0x000000008e000000, 0x000000008e000000|100%| O|  |TAMS 0x000000008df00000, 0x000000008df00000| Untracked 
| 224|0x000000008e000000, 0x000000008e100000, 0x000000008e100000|100%| O|  |TAMS 0x000000008e000000, 0x000000008e000000| Untracked 
| 225|0x000000008e100000, 0x000000008e200000, 0x000000008e200000|100%| O|  |TAMS 0x000000008e100000, 0x000000008e100000| Untracked 
| 226|0x000000008e200000, 0x000000008e300000, 0x000000008e300000|100%| O|  |TAMS 0x000000008e200000, 0x000000008e200000| Untracked 
| 227|0x000000008e300000, 0x000000008e400000, 0x000000008e400000|100%| O|  |TAMS 0x000000008e300000, 0x000000008e300000| Untracked 
| 228|0x000000008e400000, 0x000000008e500000, 0x000000008e500000|100%| O|  |TAMS 0x000000008e400000, 0x000000008e400000| Untracked 
| 229|0x000000008e500000, 0x000000008e600000, 0x000000008e600000|100%| O|  |TAMS 0x000000008e500000, 0x000000008e500000| Untracked 
| 230|0x000000008e600000, 0x000000008e700000, 0x000000008e700000|100%| O|  |TAMS 0x000000008e600000, 0x000000008e600000| Untracked 
| 231|0x000000008e700000, 0x000000008e800000, 0x000000008e800000|100%| O|  |TAMS 0x000000008e700000, 0x000000008e700000| Untracked 
| 232|0x000000008e800000, 0x000000008e8aa000, 0x000000008e900000| 66%| O|  |TAMS 0x000000008e800000, 0x000000008e800000| Untracked 
| 233|0x000000008e900000, 0x000000008e900000, 0x000000008ea00000|  0%| F|  |TAMS 0x000000008e900000, 0x000000008e900000| Untracked 
| 234|0x000000008ea00000, 0x000000008ea00000, 0x000000008eb00000|  0%| F|  |TAMS 0x000000008ea00000, 0x000000008ea00000| Untracked 
| 235|0x000000008eb00000, 0x000000008eb00000, 0x000000008ec00000|  0%| F|  |TAMS 0x000000008eb00000, 0x000000008eb00000| Untracked 
| 236|0x000000008ec00000, 0x000000008ec00000, 0x000000008ed00000|  0%| F|  |TAMS 0x000000008ec00000, 0x000000008ec00000| Untracked 
| 237|0x000000008ed00000, 0x000000008ed00000, 0x000000008ee00000|  0%| F|  |TAMS 0x000000008ed00000, 0x000000008ed00000| Untracked 
| 238|0x000000008ee00000, 0x000000008ee00000, 0x000000008ef00000|  0%| F|  |TAMS 0x000000008ee00000, 0x000000008ee00000| Untracked 
| 239|0x000000008ef00000, 0x000000008ef00000, 0x000000008f000000|  0%| F|  |TAMS 0x000000008ef00000, 0x000000008ef00000| Untracked 
| 240|0x000000008f000000, 0x000000008f000000, 0x000000008f100000|  0%| F|  |TAMS 0x000000008f000000, 0x000000008f000000| Untracked 
| 241|0x000000008f100000, 0x000000008f100000, 0x000000008f200000|  0%| F|  |TAMS 0x000000008f100000, 0x000000008f100000| Untracked 
| 242|0x000000008f200000, 0x000000008f200000, 0x000000008f300000|  0%| F|  |TAMS 0x000000008f200000, 0x000000008f200000| Untracked 
| 243|0x000000008f300000, 0x000000008f300000, 0x000000008f400000|  0%| F|  |TAMS 0x000000008f300000, 0x000000008f300000| Untracked 
| 244|0x000000008f400000, 0x000000008f400000, 0x000000008f500000|  0%| F|  |TAMS 0x000000008f400000, 0x000000008f400000| Untracked 
| 245|0x000000008f500000, 0x000000008f500000, 0x000000008f600000|  0%| F|  |TAMS 0x000000008f500000, 0x000000008f500000| Untracked 
| 246|0x000000008f600000, 0x000000008f600000, 0x000000008f700000|  0%| F|  |TAMS 0x000000008f600000, 0x000000008f600000| Untracked 
| 247|0x000000008f700000, 0x000000008f700000, 0x000000008f800000|  0%| F|  |TAMS 0x000000008f700000, 0x000000008f700000| Untracked 
| 248|0x000000008f800000, 0x000000008f900000, 0x000000008f900000|100%| O|  |TAMS 0x000000008f800000, 0x000000008f800000| Untracked 
| 249|0x000000008f900000, 0x000000008fa00000, 0x000000008fa00000|100%| O|  |TAMS 0x000000008f900000, 0x000000008f900000| Untracked 
| 250|0x000000008fa00000, 0x000000008fa00000, 0x000000008fb00000|  0%| F|  |TAMS 0x000000008fa00000, 0x000000008fa00000| Untracked 
| 251|0x000000008fb00000, 0x000000008fb00000, 0x000000008fc00000|  0%| F|  |TAMS 0x000000008fb00000, 0x000000008fb00000| Untracked 
| 252|0x000000008fc00000, 0x000000008fc00000, 0x000000008fd00000|  0%| F|  |TAMS 0x000000008fc00000, 0x000000008fc00000| Untracked 
| 253|0x000000008fd00000, 0x000000008fd00000, 0x000000008fe00000|  0%| F|  |TAMS 0x000000008fd00000, 0x000000008fd00000| Untracked 
| 254|0x000000008fe00000, 0x000000008fe00000, 0x000000008ff00000|  0%| F|  |TAMS 0x000000008fe00000, 0x000000008fe00000| Untracked 
| 255|0x000000008ff00000, 0x000000008ff00000, 0x0000000090000000|  0%| F|  |TAMS 0x000000008ff00000, 0x000000008ff00000| Untracked 
| 256|0x0000000090000000, 0x0000000090000000, 0x0000000090100000|  0%| F|  |TAMS 0x0000000090000000, 0x0000000090000000| Untracked 
| 257|0x0000000090100000, 0x0000000090100000, 0x0000000090200000|  0%| F|  |TAMS 0x0000000090100000, 0x0000000090100000| Untracked 
| 258|0x0000000090200000, 0x0000000090200000, 0x0000000090300000|  0%| F|  |TAMS 0x0000000090200000, 0x0000000090200000| Untracked 
| 259|0x0000000090300000, 0x0000000090300000, 0x0000000090400000|  0%| F|  |TAMS 0x0000000090300000, 0x0000000090300000| Untracked 
| 260|0x0000000090400000, 0x0000000090400000, 0x0000000090500000|  0%| F|  |TAMS 0x0000000090400000, 0x0000000090400000| Untracked 
| 261|0x0000000090500000, 0x0000000090500000, 0x0000000090600000|  0%| F|  |TAMS 0x0000000090500000, 0x0000000090500000| Untracked 
| 262|0x0000000090600000, 0x0000000090600000, 0x0000000090700000|  0%| F|  |TAMS 0x0000000090600000, 0x0000000090600000| Untracked 
| 263|0x0000000090700000, 0x0000000090700000, 0x0000000090800000|  0%| F|  |TAMS 0x0000000090700000, 0x0000000090700000| Untracked 
| 264|0x0000000090800000, 0x0000000090800000, 0x0000000090900000|  0%| F|  |TAMS 0x0000000090800000, 0x0000000090800000| Untracked 
| 265|0x0000000090900000, 0x0000000090900000, 0x0000000090a00000|  0%| F|  |TAMS 0x0000000090900000, 0x0000000090900000| Untracked 
| 266|0x0000000090a00000, 0x0000000090a00000, 0x0000000090b00000|  0%| F|  |TAMS 0x0000000090a00000, 0x0000000090a00000| Untracked 
| 267|0x0000000090b00000, 0x0000000090b00000, 0x0000000090c00000|  0%| F|  |TAMS 0x0000000090b00000, 0x0000000090b00000| Untracked 
| 268|0x0000000090c00000, 0x0000000090c00000, 0x0000000090d00000|  0%| F|  |TAMS 0x0000000090c00000, 0x0000000090c00000| Untracked 
| 269|0x0000000090d00000, 0x0000000090d00000, 0x0000000090e00000|  0%| F|  |TAMS 0x0000000090d00000, 0x0000000090d00000| Untracked 
| 270|0x0000000090e00000, 0x0000000090e00000, 0x0000000090f00000|  0%| F|  |TAMS 0x0000000090e00000, 0x0000000090e00000| Untracked 
| 271|0x0000000090f00000, 0x0000000090f00000, 0x0000000091000000|  0%| F|  |TAMS 0x0000000090f00000, 0x0000000090f00000| Untracked 
| 272|0x0000000091000000, 0x0000000091000000, 0x0000000091100000|  0%| F|  |TAMS 0x0000000091000000, 0x0000000091000000| Untracked 
| 273|0x0000000091100000, 0x0000000091100000, 0x0000000091200000|  0%| F|  |TAMS 0x0000000091100000, 0x0000000091100000| Untracked 
| 274|0x0000000091200000, 0x0000000091200000, 0x0000000091300000|  0%| F|  |TAMS 0x0000000091200000, 0x0000000091200000| Untracked 
| 275|0x0000000091300000, 0x0000000091300000, 0x0000000091400000|  0%| F|  |TAMS 0x0000000091300000, 0x0000000091300000| Untracked 
| 276|0x0000000091400000, 0x0000000091400000, 0x0000000091500000|  0%| F|  |TAMS 0x0000000091400000, 0x0000000091400000| Untracked 
| 277|0x0000000091500000, 0x0000000091500000, 0x0000000091600000|  0%| F|  |TAMS 0x0000000091500000, 0x0000000091500000| Untracked 
| 278|0x0000000091600000, 0x0000000091600000, 0x0000000091700000|  0%| F|  |TAMS 0x0000000091600000, 0x0000000091600000| Untracked 
| 279|0x0000000091700000, 0x0000000091700000, 0x0000000091800000|  0%| F|  |TAMS 0x0000000091700000, 0x0000000091700000| Untracked 
| 280|0x0000000091800000, 0x0000000091800000, 0x0000000091900000|  0%| F|  |TAMS 0x0000000091800000, 0x0000000091800000| Untracked 
| 281|0x0000000091900000, 0x0000000091900000, 0x0000000091a00000|  0%| F|  |TAMS 0x0000000091900000, 0x0000000091900000| Untracked 
| 282|0x0000000091a00000, 0x0000000091a00000, 0x0000000091b00000|  0%| F|  |TAMS 0x0000000091a00000, 0x0000000091a00000| Untracked 
| 283|0x0000000091b00000, 0x0000000091b00000, 0x0000000091c00000|  0%| F|  |TAMS 0x0000000091b00000, 0x0000000091b00000| Untracked 
| 284|0x0000000091c00000, 0x0000000091c7eb68, 0x0000000091d00000| 49%| S|CS|TAMS 0x0000000091c00000, 0x0000000091c00000| Complete 
| 285|0x0000000091d00000, 0x0000000091d00000, 0x0000000091e00000|  0%| F|  |TAMS 0x0000000091d00000, 0x0000000091d00000| Untracked 
| 286|0x0000000091e00000, 0x0000000091e00000, 0x0000000091f00000|  0%| F|  |TAMS 0x0000000091e00000, 0x0000000091e00000| Untracked 
| 287|0x0000000091f00000, 0x0000000091f00000, 0x0000000092000000|  0%| F|  |TAMS 0x0000000091f00000, 0x0000000091f00000| Untracked 
| 288|0x0000000092000000, 0x0000000092000000, 0x0000000092100000|  0%| F|  |TAMS 0x0000000092000000, 0x0000000092000000| Untracked 
| 289|0x0000000092100000, 0x0000000092100000, 0x0000000092200000|  0%| F|  |TAMS 0x0000000092100000, 0x0000000092100000| Untracked 
| 290|0x0000000092200000, 0x0000000092200000, 0x0000000092300000|  0%| F|  |TAMS 0x0000000092200000, 0x0000000092200000| Untracked 
| 291|0x0000000092300000, 0x0000000092300000, 0x0000000092400000|  0%| F|  |TAMS 0x0000000092300000, 0x0000000092300000| Untracked 
| 292|0x0000000092400000, 0x0000000092400000, 0x0000000092500000|  0%| F|  |TAMS 0x0000000092400000, 0x0000000092400000| Untracked 
| 293|0x0000000092500000, 0x0000000092500000, 0x0000000092600000|  0%| F|  |TAMS 0x0000000092500000, 0x0000000092500000| Untracked 
| 294|0x0000000092600000, 0x0000000092600000, 0x0000000092700000|  0%| F|  |TAMS 0x0000000092600000, 0x0000000092600000| Untracked 
| 295|0x0000000092700000, 0x0000000092700000, 0x0000000092800000|  0%| F|  |TAMS 0x0000000092700000, 0x0000000092700000| Untracked 
| 296|0x0000000092800000, 0x0000000092800000, 0x0000000092900000|  0%| F|  |TAMS 0x0000000092800000, 0x0000000092800000| Untracked 
| 297|0x0000000092900000, 0x0000000092900000, 0x0000000092a00000|  0%| F|  |TAMS 0x0000000092900000, 0x0000000092900000| Untracked 
| 298|0x0000000092a00000, 0x0000000092a00000, 0x0000000092b00000|  0%| F|  |TAMS 0x0000000092a00000, 0x0000000092a00000| Untracked 
| 299|0x0000000092b00000, 0x0000000092b00000, 0x0000000092c00000|  0%| F|  |TAMS 0x0000000092b00000, 0x0000000092b00000| Untracked 
| 300|0x0000000092c00000, 0x0000000092c47c38, 0x0000000092d00000| 28%| E|  |TAMS 0x0000000092c00000, 0x0000000092c00000| Complete 
| 301|0x0000000092d00000, 0x0000000092e00000, 0x0000000092e00000|100%| E|CS|TAMS 0x0000000092d00000, 0x0000000092d00000| Complete 
| 302|0x0000000092e00000, 0x0000000092f00000, 0x0000000092f00000|100%| E|CS|TAMS 0x0000000092e00000, 0x0000000092e00000| Complete 
| 303|0x0000000092f00000, 0x0000000093000000, 0x0000000093000000|100%| E|CS|TAMS 0x0000000092f00000, 0x0000000092f00000| Complete 
| 304|0x0000000093000000, 0x0000000093100000, 0x0000000093100000|100%| E|CS|TAMS 0x0000000093000000, 0x0000000093000000| Complete 
| 305|0x0000000093100000, 0x0000000093200000, 0x0000000093200000|100%| E|CS|TAMS 0x0000000093100000, 0x0000000093100000| Complete 
| 306|0x0000000093200000, 0x0000000093300000, 0x0000000093300000|100%| E|CS|TAMS 0x0000000093200000, 0x0000000093200000| Complete 
| 307|0x0000000093300000, 0x0000000093400000, 0x0000000093400000|100%| E|CS|TAMS 0x0000000093300000, 0x0000000093300000| Complete 
| 308|0x0000000093400000, 0x0000000093500000, 0x0000000093500000|100%| E|CS|TAMS 0x0000000093400000, 0x0000000093400000| Complete 
| 309|0x0000000093500000, 0x0000000093600000, 0x0000000093600000|100%| E|CS|TAMS 0x0000000093500000, 0x0000000093500000| Complete 
| 310|0x0000000093600000, 0x0000000093700000, 0x0000000093700000|100%| E|CS|TAMS 0x0000000093600000, 0x0000000093600000| Complete 
| 311|0x0000000093700000, 0x0000000093800000, 0x0000000093800000|100%| E|CS|TAMS 0x0000000093700000, 0x0000000093700000| Complete 
| 312|0x0000000093800000, 0x0000000093900000, 0x0000000093900000|100%| E|CS|TAMS 0x0000000093800000, 0x0000000093800000| Complete 
| 313|0x0000000093900000, 0x0000000093a00000, 0x0000000093a00000|100%| E|CS|TAMS 0x0000000093900000, 0x0000000093900000| Complete 
| 314|0x0000000093a00000, 0x0000000093b00000, 0x0000000093b00000|100%| E|CS|TAMS 0x0000000093a00000, 0x0000000093a00000| Complete 
| 315|0x0000000093b00000, 0x0000000093c00000, 0x0000000093c00000|100%| E|CS|TAMS 0x0000000093b00000, 0x0000000093b00000| Complete 
| 316|0x0000000093c00000, 0x0000000093d00000, 0x0000000093d00000|100%| E|CS|TAMS 0x0000000093c00000, 0x0000000093c00000| Complete 
| 317|0x0000000093d00000, 0x0000000093e00000, 0x0000000093e00000|100%| E|CS|TAMS 0x0000000093d00000, 0x0000000093d00000| Complete 
| 318|0x0000000093e00000, 0x0000000093f00000, 0x0000000093f00000|100%| E|CS|TAMS 0x0000000093e00000, 0x0000000093e00000| Complete 
| 319|0x0000000093f00000, 0x0000000094000000, 0x0000000094000000|100%| E|CS|TAMS 0x0000000093f00000, 0x0000000093f00000| Complete 
| 320|0x0000000094000000, 0x0000000094100000, 0x0000000094100000|100%| E|CS|TAMS 0x0000000094000000, 0x0000000094000000| Complete 
| 321|0x0000000094100000, 0x0000000094200000, 0x0000000094200000|100%| E|CS|TAMS 0x0000000094100000, 0x0000000094100000| Complete 
| 322|0x0000000094200000, 0x0000000094300000, 0x0000000094300000|100%| E|CS|TAMS 0x0000000094200000, 0x0000000094200000| Complete 
| 323|0x0000000094300000, 0x0000000094400000, 0x0000000094400000|100%| E|CS|TAMS 0x0000000094300000, 0x0000000094300000| Complete 
| 324|0x0000000094400000, 0x0000000094500000, 0x0000000094500000|100%| E|CS|TAMS 0x0000000094400000, 0x0000000094400000| Complete 
| 325|0x0000000094500000, 0x0000000094600000, 0x0000000094600000|100%| E|CS|TAMS 0x0000000094500000, 0x0000000094500000| Complete 
| 326|0x0000000094600000, 0x0000000094700000, 0x0000000094700000|100%| E|CS|TAMS 0x0000000094600000, 0x0000000094600000| Complete 
| 327|0x0000000094700000, 0x0000000094800000, 0x0000000094800000|100%| E|CS|TAMS 0x0000000094700000, 0x0000000094700000| Complete 

Card table byte_map: [0x000001bc7c350000,0x000001bc7c750000] _byte_map_base: 0x000001bc7bf50000

Marking Bits (Prev, Next): (CMBitMap*) 0x000001bc76002d60, (CMBitMap*) 0x000001bc76002d28
 Prev Bits: [0x000001bc0f000000, 0x000001bc11000000)
 Next Bits: [0x000001bc7cb50000, 0x000001bc7eb50000)

Polling page: 0x000001bc760a0000

Metaspace:

Usage:
  Non-class:    116.68 MB capacity,   113.14 MB ( 97%) used,     3.05 MB (  3%) free+waste,   499.81 KB ( <1%) overhead. 
      Class:     18.06 MB capacity,    16.16 MB ( 89%) used,     1.68 MB (  9%) free+waste,   229.88 KB (  1%) overhead. 
       Both:    134.73 MB capacity,   129.30 MB ( 96%) used,     4.72 MB (  4%) free+waste,   729.69 KB ( <1%) overhead. 

Virtual space:
  Non-class space:      118.00 MB reserved,     116.75 MB ( 99%) committed 
      Class space:        1.00 GB reserved,      18.13 MB (  2%) committed 
             Both:        1.12 GB reserved,     134.88 MB ( 12%) committed 

Chunk freelists:
   Non-Class:  11.00 KB
       Class:  0 bytes
        Both:  11.00 KB

MaxMetaspaceSize: 17179869184.00 GB
CompressedClassSpaceSize: 1.00 GB

CodeHeap 'non-profiled nmethods': size=120000Kb used=16060Kb max_used=16060Kb free=103939Kb
 bounds [0x000001bc07ad0000, 0x000001bc08a80000, 0x000001bc0f000000]
CodeHeap 'profiled nmethods': size=120000Kb used=44736Kb max_used=44736Kb free=75263Kb
 bounds [0x000001bc005a0000, 0x000001bc03170000, 0x000001bc07ad0000]
CodeHeap 'non-nmethods': size=5760Kb used=2367Kb max_used=2430Kb free=3392Kb
 bounds [0x000001bc00000000, 0x000001bc00280000, 0x000001bc005a0000]
 total_blobs=22337 nmethods=21346 adapters=901
 compilation: enabled
              stopped_count=0, restarted_count=0
 full_count=0

Compilation events (20 events):
Event: 422.383 Thread 0x000001bc7f96a800 nmethod 23757 0x000001bc0315ba10 code [0x000001bc0315bd60, 0x000001bc0315d448]
Event: 422.385 Thread 0x000001bc7f96a800 23758       3       org.jetbrains.kotlin.daemon.client.BasicCompilerServicesWithResultsFacadeServerKt::reportFromDaemon (447 bytes)
Event: 422.388 Thread 0x000001bc7f96a800 nmethod 23758 0x000001bc0315dc90 code [0x000001bc0315e180, 0x000001bc031605b8]
Event: 422.458 Thread 0x000001bc7f967000 23759       4       java.io.Bits::getLong (105 bytes)
Event: 422.459 Thread 0x000001bc7f967000 nmethod 23759 0x000001bc08a7da10 code [0x000001bc08a7dba0, 0x000001bc08a7dcb8]
Event: 422.461 Thread 0x000001bc7f967000 23760       4       java.io.ObjectInputStream$HandleTable::finish (111 bytes)
Event: 422.463 Thread 0x000001bc7f967000 nmethod 23760 0x000001bc08a7dd90 code [0x000001bc08a7df20, 0x000001bc08a7e0f8]
Event: 422.463 Thread 0x000001bc7f967000 23761       4       java.io.ObjectInputStream$HandleTable::assign (48 bytes)
Event: 422.465 Thread 0x000001bc7f967000 nmethod 23761 0x000001bc08a7e210 code [0x000001bc08a7e3c0, 0x000001bc08a7e628]
Event: 422.474 Thread 0x000001bc7f96a800 23762   !   3       java.io.ObjectInputStream$ValidationList::doCallbacks (58 bytes)
Event: 422.474 Thread 0x000001bc7f96a800 nmethod 23762 0x000001bc03161290 code [0x000001bc03161480, 0x000001bc03161938]
Event: 422.483 Thread 0x000001bc7f96a800 23763       3       java.io.ObjectOutputStream::<init> (99 bytes)
Event: 422.484 Thread 0x000001bc7f967000 23764       4       java.io.ObjectInputStream$BlockDataInputStream::readInt (73 bytes)
Event: 422.484 Thread 0x000001bc7f96a800 nmethod 23763 0x000001bc03161c10 code [0x000001bc03161ec0, 0x000001bc03162948]
Event: 422.490 Thread 0x000001bc7f967000 nmethod 23764 0x000001bc08a7e790 code [0x000001bc08a7e940, 0x000001bc08a7ecc8]
Event: 422.490 Thread 0x000001bc7f967000 23765   !   4       java.io.ObjectInputStream::readObject0 (671 bytes)
Event: 422.516 Thread 0x000001bc7f96a800 23767       3       java.io.ObjectOutputStream::verifySubclass (95 bytes)
Event: 422.517 Thread 0x000001bc7f96a800 nmethod 23767 0x000001bc03162d10 code [0x000001bc03163040, 0x000001bc03164518]
Event: 422.517 Thread 0x000001bc7f96a800 23768       3       java.io.ObjectOutputStream$BlockDataOutputStream::<init> (57 bytes)
Event: 422.518 Thread 0x000001bc7f96a800 nmethod 23768 0x000001bc03164c10 code [0x000001bc03164e20, 0x000001bc031657d8]

GC Heap History (20 events):
Event: 374.686 GC heap before
{Heap before GC invocations=92 (full 0):
 garbage-first heap   total 335872K, used 208589K [0x0000000080000000, 0x0000000100000000)
  region size 1024K, 16 young (16384K), 2 survivors (2048K)
 Metaspace       used 126036K, capacity 131255K, committed 131456K, reserved 1163264K
  class space    used 15742K, capacity 17531K, committed 17536K, reserved 1048576K
}
Event: 374.695 GC heap after
{Heap after GC invocations=93 (full 0):
 garbage-first heap   total 335872K, used 194560K [0x0000000080000000, 0x0000000100000000)
  region size 1024K, 2 young (2048K), 2 survivors (2048K)
 Metaspace       used 126036K, capacity 131255K, committed 131456K, reserved 1163264K
  class space    used 15742K, capacity 17531K, committed 17536K, reserved 1048576K
}
Event: 375.063 GC heap before
{Heap before GC invocations=93 (full 0):
 garbage-first heap   total 335872K, used 253952K [0x0000000080000000, 0x0000000100000000)
  region size 1024K, 60 young (61440K), 2 survivors (2048K)
 Metaspace       used 126048K, capacity 131261K, committed 131456K, reserved 1163264K
  class space    used 15743K, capacity 17532K, committed 17536K, reserved 1048576K
}
Event: 375.070 GC heap after
{Heap after GC invocations=94 (full 0):
 garbage-first heap   total 335872K, used 199092K [0x0000000080000000, 0x0000000100000000)
  region size 1024K, 7 young (7168K), 7 survivors (7168K)
 Metaspace       used 126048K, capacity 131261K, committed 131456K, reserved 1163264K
  class space    used 15743K, capacity 17532K, committed 17536K, reserved 1048576K
}
Event: 375.652 GC heap before
{Heap before GC invocations=94 (full 0):
 garbage-first heap   total 335872K, used 259508K [0x0000000080000000, 0x0000000100000000)
  region size 1024K, 66 young (67584K), 7 survivors (7168K)
 Metaspace       used 126564K, capacity 131829K, committed 132096K, reserved 1163264K
  class space    used 15836K, capacity 17629K, committed 17664K, reserved 1048576K
}
Event: 375.666 GC heap after
{Heap after GC invocations=95 (full 0):
 garbage-first heap   total 335872K, used 206841K [0x0000000080000000, 0x0000000100000000)
  region size 1024K, 9 young (9216K), 9 survivors (9216K)
 Metaspace       used 126564K, capacity 131829K, committed 132096K, reserved 1163264K
  class space    used 15836K, capacity 17629K, committed 17664K, reserved 1048576K
}
Event: 376.523 GC heap before
{Heap before GC invocations=95 (full 0):
 garbage-first heap   total 335872K, used 266233K [0x0000000080000000, 0x0000000100000000)
  region size 1024K, 67 young (68608K), 9 survivors (9216K)
 Metaspace       used 128012K, capacity 133336K, committed 133632K, reserved 1165312K
  class space    used 15976K, capacity 17808K, committed 17920K, reserved 1048576K
}
Event: 376.537 GC heap after
{Heap after GC invocations=96 (full 0):
 garbage-first heap   total 335872K, used 210983K [0x0000000080000000, 0x0000000100000000)
  region size 1024K, 4 young (4096K), 4 survivors (4096K)
 Metaspace       used 128012K, capacity 133336K, committed 133632K, reserved 1165312K
  class space    used 15976K, capacity 17808K, committed 17920K, reserved 1048576K
}
Event: 381.416 GC heap before
{Heap before GC invocations=96 (full 0):
 garbage-first heap   total 335872K, used 269351K [0x0000000080000000, 0x0000000100000000)
  region size 1024K, 62 young (63488K), 4 survivors (4096K)
 Metaspace       used 129544K, capacity 134939K, committed 135040K, reserved 1167360K
  class space    used 16153K, capacity 17998K, committed 18048K, reserved 1048576K
}
Event: 381.423 GC heap after
{Heap after GC invocations=97 (full 0):
 garbage-first heap   total 335872K, used 214773K [0x0000000080000000, 0x0000000100000000)
  region size 1024K, 8 young (8192K), 8 survivors (8192K)
 Metaspace       used 129544K, capacity 134939K, committed 135040K, reserved 1167360K
  class space    used 16153K, capacity 17998K, committed 18048K, reserved 1048576K
}
Event: 381.724 GC heap before
{Heap before GC invocations=97 (full 0):
 garbage-first heap   total 335872K, used 274165K [0x0000000080000000, 0x0000000100000000)
  region size 1024K, 66 young (67584K), 8 survivors (8192K)
 Metaspace       used 129820K, capacity 135229K, committed 135296K, reserved 1167360K
  class space    used 16179K, capacity 18030K, committed 18048K, reserved 1048576K
}
Event: 381.735 GC heap after
{Heap after GC invocations=98 (full 0):
 garbage-first heap   total 335872K, used 225997K [0x0000000080000000, 0x0000000100000000)
  region size 1024K, 9 young (9216K), 9 survivors (9216K)
 Metaspace       used 129820K, capacity 135229K, committed 135296K, reserved 1167360K
  class space    used 16179K, capacity 18030K, committed 18048K, reserved 1048576K
}
Event: 381.884 GC heap before
{Heap before GC invocations=98 (full 0):
 garbage-first heap   total 335872K, used 277197K [0x0000000080000000, 0x0000000100000000)
  region size 1024K, 59 young (60416K), 9 survivors (9216K)
 Metaspace       used 130111K, capacity 135485K, committed 135552K, reserved 1167360K
  class space    used 16196K, capacity 18030K, committed 18048K, reserved 1048576K
}
Event: 381.891 GC heap after
{Heap after GC invocations=99 (full 0):
 garbage-first heap   total 335872K, used 229544K [0x0000000080000000, 0x0000000100000000)
  region size 1024K, 4 young (4096K), 4 survivors (4096K)
 Metaspace       used 130111K, capacity 135485K, committed 135552K, reserved 1167360K
  class space    used 16196K, capacity 18030K, committed 18048K, reserved 1048576K
}
Event: 382.744 GC heap before
{Heap before GC invocations=99 (full 0):
 garbage-first heap   total 335872K, used 279720K [0x0000000080000000, 0x0000000100000000)
  region size 1024K, 54 young (55296K), 4 survivors (4096K)
 Metaspace       used 130242K, capacity 135646K, committed 135936K, reserved 1167360K
  class space    used 16210K, capacity 18062K, committed 18176K, reserved 1048576K
}
Event: 382.749 GC heap after
{Heap after GC invocations=100 (full 0):
 garbage-first heap   total 335872K, used 239953K [0x0000000080000000, 0x0000000100000000)
  region size 1024K, 7 young (7168K), 7 survivors (7168K)
 Metaspace       used 130242K, capacity 135646K, committed 135936K, reserved 1167360K
  class space    used 16210K, capacity 18062K, committed 18176K, reserved 1048576K
}
Event: 383.181 GC heap before
{Heap before GC invocations=100 (full 0):
 garbage-first heap   total 335872K, used 280913K [0x0000000080000000, 0x0000000100000000)
  region size 1024K, 47 young (48128K), 7 survivors (7168K)
 Metaspace       used 130322K, capacity 135710K, committed 135936K, reserved 1167360K
  class space    used 16222K, capacity 18062K, committed 18176K, reserved 1048576K
}
Event: 383.186 GC heap after
{Heap after GC invocations=101 (full 0):
 garbage-first heap   total 335872K, used 241441K [0x0000000080000000, 0x0000000100000000)
  region size 1024K, 2 young (2048K), 2 survivors (2048K)
 Metaspace       used 130322K, capacity 135710K, committed 135936K, reserved 1167360K
  class space    used 16222K, capacity 18062K, committed 18176K, reserved 1048576K
}
Event: 383.547 GC heap before
{Heap before GC invocations=101 (full 0):
 garbage-first heap   total 335872K, used 283425K [0x0000000080000000, 0x0000000100000000)
  region size 1024K, 43 young (44032K), 2 survivors (2048K)
 Metaspace       used 130473K, capacity 135818K, committed 135936K, reserved 1167360K
  class space    used 16243K, capacity 18096K, committed 18176K, reserved 1048576K
}
Event: 383.548 GC heap after
{Heap after GC invocations=102 (full 0):
 garbage-first heap   total 335872K, used 240802K [0x0000000080000000, 0x0000000100000000)
  region size 1024K, 1 young (1024K), 1 survivors (1024K)
 Metaspace       used 130473K, capacity 135818K, committed 135936K, reserved 1167360K
  class space    used 16243K, capacity 18096K, committed 18176K, reserved 1048576K
}

Deoptimization events (20 events):
Event: 387.549 Thread 0x000001bc156a0000 DEOPT PACKING pc=0x000001bc030e0c44 sp=0x00000014ef0febe0
Event: 387.549 Thread 0x000001bc156a0000 DEOPT UNPACKING pc=0x000001bc000276ce sp=0x00000014ef0fe180 mode 0
Event: 422.148 Thread 0x000001bc1a1a8000 Uncommon trap: trap_request=0xffffff4d fr.pc=0x000001bc07dd777c relative=0x000000000000079c
Event: 422.148 Thread 0x000001bc1a1a8000 Uncommon trap: reason=unstable_if action=reinterpret pc=0x000001bc07dd777c method=java.io.ObjectInputStream$BlockDataInputStream.readUTFSpan(Ljava/lang/StringBuilder;J)J @ 88 c2
Event: 422.148 Thread 0x000001bc1a1a8000 DEOPT PACKING pc=0x000001bc07dd777c sp=0x00000014f2ffb150
Event: 422.148 Thread 0x000001bc1a1a8000 DEOPT UNPACKING pc=0x000001bc000278af sp=0x00000014f2ffb0f8 mode 2
Event: 422.161 Thread 0x000001bc1a1a8000 DEOPT PACKING pc=0x000001bc031189de sp=0x00000014f2ffb130
Event: 422.161 Thread 0x000001bc1a1a8000 DEOPT UNPACKING pc=0x000001bc000276ce sp=0x00000014f2ffa5f0 mode 0
Event: 422.179 Thread 0x000001bc1a1a8000 DEOPT PACKING pc=0x000001bc031189de sp=0x00000014f2ffb130
Event: 422.179 Thread 0x000001bc1a1a8000 DEOPT UNPACKING pc=0x000001bc000276ce sp=0x00000014f2ffa5f0 mode 0
Event: 422.199 Thread 0x000001bc1a1a8000 DEOPT PACKING pc=0x000001bc031189de sp=0x00000014f2ffb1c0
Event: 422.199 Thread 0x000001bc1a1a8000 DEOPT UNPACKING pc=0x000001bc000276ce sp=0x00000014f2ffa680 mode 0
Event: 422.220 Thread 0x000001bc1a1a8000 DEOPT PACKING pc=0x000001bc031189de sp=0x00000014f2ffb1c0
Event: 422.220 Thread 0x000001bc1a1a8000 DEOPT UNPACKING pc=0x000001bc000276ce sp=0x00000014f2ffa680 mode 0
Event: 422.240 Thread 0x000001bc1a1a8000 DEOPT PACKING pc=0x000001bc031189de sp=0x00000014f2ffb1c0
Event: 422.240 Thread 0x000001bc1a1a8000 DEOPT UNPACKING pc=0x000001bc000276ce sp=0x00000014f2ffa680 mode 0
Event: 422.252 Thread 0x000001bc1a1a8000 DEOPT PACKING pc=0x000001bc031189de sp=0x00000014f2ffb1c0
Event: 422.252 Thread 0x000001bc1a1a8000 DEOPT UNPACKING pc=0x000001bc000276ce sp=0x00000014f2ffa680 mode 0
Event: 422.265 Thread 0x000001bc1a1a8000 DEOPT PACKING pc=0x000001bc031189de sp=0x00000014f2ffb1c0
Event: 422.265 Thread 0x000001bc1a1a8000 DEOPT UNPACKING pc=0x000001bc000276ce sp=0x00000014f2ffa680 mode 0

Classes redefined (0 events):
No events

Internal exceptions (20 events):
Event: 381.764 Thread 0x000001bc1a19b000 Exception <a 'sun/nio/fs/WindowsException'{0x0000000093e9dd08}> (0x0000000093e9dd08) thrown at [./src/hotspot/share/prims/jni.cpp, line 615]
Event: 381.764 Thread 0x000001bc1a19b000 Exception <a 'sun/nio/fs/WindowsException'{0x0000000093e9ddf0}> (0x0000000093e9ddf0) thrown at [./src/hotspot/share/prims/jni.cpp, line 615]
Event: 385.443 Thread 0x000001bc16a94000 Exception <a 'java/lang/NoSuchMethodError'{0x0000000093f99aa8}: <clinit>> (0x0000000093f99aa8) thrown at [./src/hotspot/share/prims/jni.cpp, line 1362]
Event: 385.445 Thread 0x000001bc16a94000 Exception <a 'java/lang/NoSuchMethodError'{0x0000000093fab888}: <clinit>> (0x0000000093fab888) thrown at [./src/hotspot/share/prims/jni.cpp, line 1362]
Event: 385.520 Thread 0x000001bc16a94000 Exception <a 'java/lang/NoSuchMethodError'{0x0000000093e48640}: 'java.lang.Object java.lang.invoke.DirectMethodHandle$Holder.invokeSpecial(java.lang.Object, java.lang.Object, int, int, java.lang.Object, int, java.lang.Object, java.lang.Object)'> (0x0000000093e48640) thrown at [./src/hotspot/share/interpreter/linkResolver.cpp, line 773]
Event: 385.520 Thread 0x000001bc16a94000 Exception <a 'java/lang/NoSuchMethodError'{0x0000000093e4c9c8}: 'java.lang.Object java.lang.invoke.DelegatingMethodHandle$Holder.reinvoke_L(java.lang.Object, int, int, java.lang.Object, int, java.lang.Object, java.lang.Object)'> (0x0000000093e4c9c8) thrown at [./src/hotspot/share/interpreter/linkResolver.cpp, line 773]
Event: 385.524 Thread 0x000001bc16a94000 Exception <a 'java/lang/NoSuchMethodError'{0x0000000093e77a30}: 'java.lang.Object java.lang.invoke.DirectMethodHandle$Holder.invokeStatic(java.lang.Object, java.lang.Object, java.lang.Object, java.lang.Object, java.lang.Object, java.lang.Object, java.lang.Object, java.lang.Object, int)'> (0x0000000093e77a30) thrown at [./src/hotspot/share/interpreter/linkResolver.cpp, line 773]
Event: 385.526 Thread 0x000001bc16a94000 Exception <a 'java/lang/NoSuchMethodError'{0x0000000093e93010}: 'java.lang.Object java.lang.invoke.DirectMethodHandle$Holder.invokeStatic(java.lang.Object, java.lang.Object, java.lang.Object, java.lang.Object, java.lang.Object, java.lang.Object, java.lang.Object, java.lang.Object, int, int)'> (0x0000000093e93010) thrown at [./src/hotspot/share/interpreter/linkResolver.cpp, line 773]
Event: 385.528 Thread 0x000001bc16a94000 Exception <a 'java/lang/NoSuchMethodError'{0x0000000093eaf1b0}: 'java.lang.Object java.lang.invoke.DirectMethodHandle$Holder.invokeStatic(java.lang.Object, java.lang.Object, java.lang.Object, java.lang.Object, java.lang.Object, java.lang.Object, java.lang.Object, java.lang.Object, int, int, java.lang.Object)'> (0x0000000093eaf1b0) thrown at [./src/hotspot/share/interpreter/linkResolver.cpp, line 773]
Event: 385.530 Thread 0x000001bc16a94000 Exception <a 'java/lang/NoSuchMethodError'{0x0000000093ecc728}: 'java.lang.Object java.lang.invoke.DirectMethodHandle$Holder.invokeStatic(java.lang.Object, java.lang.Object, java.lang.Object, java.lang.Object, java.lang.Object, java.lang.Object, java.lang.Object, java.lang.Object, int, int, java.lang.Object, java.lang.Object)'> (0x0000000093ecc728) thrown at [./src/hotspot/share/interpreter/linkResolver.cpp, line 773]
Event: 385.548 Thread 0x000001bc16a94000 Exception <a 'java/lang/NoSuchMethodError'{0x0000000093eff2d0}: <clinit>> (0x0000000093eff2d0) thrown at [./src/hotspot/share/prims/jni.cpp, line 1362]
Event: 385.564 Thread 0x000001bc1a1a7800 Exception <a 'java/lang/InterruptedException'{0x0000000093d80800}> (0x0000000093d80800) thrown at [./src/hotspot/share/runtime/objectMonitor.cpp, line 1635]
Event: 385.565 Thread 0x000001bc1a1a7800 Exception <a 'java/lang/NoSuchMethodError'{0x0000000093d88610}: 'java.lang.Object java.lang.invoke.DirectMethodHandle$Holder.invokeStatic(java.lang.Object, java.lang.Object, int, java.lang.Object, long)'> (0x0000000093d88610) thrown at [./src/hotspot/share/interpreter/linkResolver.cpp, line 773]
Event: 385.637 Thread 0x000001bc16a94000 Exception <a 'java/lang/NoSuchMethodError'{0x0000000093d78ef8}: <clinit>> (0x0000000093d78ef8) thrown at [./src/hotspot/share/prims/jni.cpp, line 1362]
Event: 385.641 Thread 0x000001bc16a94000 Exception <a 'java/lang/NoSuchMethodError'{0x0000000093da1088}: <clinit>> (0x0000000093da1088) thrown at [./src/hotspot/share/prims/jni.cpp, line 1362]
Event: 385.643 Thread 0x000001bc16a94000 Exception <a 'java/lang/NoSuchMethodError'{0x0000000093db2e70}: <clinit>> (0x0000000093db2e70) thrown at [./src/hotspot/share/prims/jni.cpp, line 1362]
Event: 385.654 Thread 0x000001bc16a94000 Exception <a 'java/lang/NoSuchMethodError'{0x0000000093dd8100}: <clinit>> (0x0000000093dd8100) thrown at [./src/hotspot/share/prims/jni.cpp, line 1362]
Event: 385.705 Thread 0x000001bc16a94000 Exception <a 'java/lang/NoSuchMethodError'{0x0000000093b71010}: <clinit>> (0x0000000093b71010) thrown at [./src/hotspot/share/prims/jni.cpp, line 1362]
Event: 385.904 Thread 0x000001bc1a1a8000 Exception <a 'java/lang/NoSuchMethodError'{0x0000000093944170}: 'java.lang.Object java.lang.invoke.DirectMethodHandle$Holder.invokeStatic(java.lang.Object, java.lang.Object, java.lang.Object, java.lang.Object, java.lang.Object, java.lang.Object, java.lang.Object, java.lang.Object, java.lang.Object, java.lang.Object, java.lang.Object, java.lang.Object, java.lang.Object, int)'> (0x0000000093944170) thrown at [./src/hotspot/share/interpreter/linkResolver.cpp, line 773]
Event: 385.907 Thread 0x000001bc1a1a8000 Exception <a 'java/lang/NoSuchMethodError'{0x0000000093950998}: 'java.lang.Object java.lang.invoke.DirectMethodHandle$Holder.invokeStatic(java.lang.Object, java.lang.Object, java.lang.Object, java.lang.Object, java.lang.Object, java.lang.Object, java.lang.Object, java.lang.Object, java.lang.Object, java.lang.Object, java.lang.Object, java.lang.Object, java.lang.Object, int, int)'> (0x0000000093950998) thrown at [./src/hotspot/share/interpreter/linkResolver.cpp, line 773]

Events (20 events):
Event: 415.449 Executing VM operation: RevokeBias
Event: 415.449 Executing VM operation: RevokeBias done
Event: 422.132 Executing VM operation: RevokeBias
Event: 422.132 Executing VM operation: RevokeBias done
Event: 422.134 loading class org/jetbrains/kotlin/daemon/common/CompileIterationResult
Event: 422.134 loading class org/jetbrains/kotlin/daemon/common/CompileIterationResult done
Event: 422.135 Executing VM operation: RevokeBias
Event: 422.135 Executing VM operation: RevokeBias done
Event: 422.135 Executing VM operation: RevokeBias
Event: 422.136 Executing VM operation: RevokeBias done
Event: 422.136 loading class org/jetbrains/kotlin/daemon/common/CompileIterationResult$Companion
Event: 422.136 loading class org/jetbrains/kotlin/daemon/common/CompileIterationResult$Companion done
Event: 422.148 loading class org/jetbrains/kotlin/compilerRunner/GradleCompilerServicesFacadeImpl$WhenMappings
Event: 422.148 loading class org/jetbrains/kotlin/compilerRunner/GradleCompilerServicesFacadeImpl$WhenMappings done
Event: 422.148 loading class org/jetbrains/kotlin/daemon/client/BasicCompilerServicesWithResultsFacadeServerKt
Event: 422.148 loading class org/jetbrains/kotlin/daemon/client/BasicCompilerServicesWithResultsFacadeServerKt done
Event: 422.149 loading class org/jetbrains/kotlin/daemon/client/BasicCompilerServicesWithResultsFacadeServerKt$WhenMappings
Event: 422.149 loading class org/jetbrains/kotlin/daemon/client/BasicCompilerServicesWithResultsFacadeServerKt$WhenMappings done
Event: 422.149 loading class org/jetbrains/kotlin/gradle/logging/GradleBufferingMessageCollector$MessageData
Event: 422.149 loading class org/jetbrains/kotlin/gradle/logging/GradleBufferingMessageCollector$MessageData done


Dynamic libraries:
0x00007ff78a490000 - 0x00007ff78a49a000 	C:\Program Files\Android\Android Studio\jre\bin\java.exe
0x00007ff82b800000 - 0x00007ff82ba07000 	C:\Windows\SYSTEM32\ntdll.dll
0x00007ff829a00000 - 0x00007ff829abd000 	C:\Windows\System32\KERNEL32.DLL
0x00007ff828dd0000 - 0x00007ff829144000 	C:\Windows\System32\KERNELBASE.dll
0x00007ff829570000 - 0x00007ff829681000 	C:\Windows\System32\ucrtbase.dll
0x00007ff81e830000 - 0x00007ff81e849000 	C:\Program Files\Android\Android Studio\jre\bin\jli.dll
0x00007ff81d270000 - 0x00007ff81d287000 	C:\Program Files\Android\Android Studio\jre\bin\VCRUNTIME140.dll
0x00007ff829830000 - 0x00007ff8299dc000 	C:\Windows\System32\USER32.dll
0x00007ff827f70000 - 0x00007ff828215000 	C:\Windows\WinSxS\amd64_microsoft.windows.common-controls_6595b64144ccf1df_6.0.22000.120_none_9d947278b86cc467\COMCTL32.dll
0x00007ff829380000 - 0x00007ff8293a6000 	C:\Windows\System32\win32u.dll
0x00007ff829ed0000 - 0x00007ff829ef9000 	C:\Windows\System32\GDI32.dll
0x00007ff82a780000 - 0x00007ff82a823000 	C:\Windows\System32\msvcrt.dll
0x00007ff829450000 - 0x00007ff829562000 	C:\Windows\System32\gdi32full.dll
0x00007ff8293b0000 - 0x00007ff82944d000 	C:\Windows\System32\msvcp_win.dll
0x00007ff82b720000 - 0x00007ff82b751000 	C:\Windows\System32\IMM32.DLL
0x00007fffffe40000 - 0x00007fffffedd000 	C:\Program Files\Android\Android Studio\jre\bin\msvcp140.dll
0x00007fffb7d70000 - 0x00007fffb883f000 	C:\Program Files\Android\Android Studio\jre\bin\server\jvm.dll
0x00007ff82a830000 - 0x00007ff82a8dc000 	C:\Windows\System32\ADVAPI32.dll
0x00007ff82b180000 - 0x00007ff82b21d000 	C:\Windows\System32\sechost.dll
0x00007ff829690000 - 0x00007ff8297b1000 	C:\Windows\System32\RPCRT4.dll
0x00007ff82b170000 - 0x00007ff82b178000 	C:\Windows\System32\PSAPI.DLL
0x00007ff81d9f0000 - 0x00007ff81d9f9000 	C:\Windows\SYSTEM32\WSOCK32.dll
0x00007ff8225d0000 - 0x00007ff822603000 	C:\Windows\SYSTEM32\WINMM.dll
0x00007ff820ad0000 - 0x00007ff820ada000 	C:\Windows\SYSTEM32\VERSION.dll
0x00007ff8297c0000 - 0x00007ff82982f000 	C:\Windows\System32\WS2_32.dll
0x00007ff8276e0000 - 0x00007ff8276f8000 	C:\Windows\SYSTEM32\kernel.appcore.dll
0x00007ff817470000 - 0x00007ff817481000 	C:\Program Files\Android\Android Studio\jre\bin\verify.dll
0x00007ff8283b0000 - 0x00007ff8285d1000 	C:\Windows\SYSTEM32\DBGHELP.DLL
0x00007ff828690000 - 0x00007ff8286c1000 	C:\Windows\SYSTEM32\dbgcore.DLL
0x00007ff828d50000 - 0x00007ff828dd0000 	C:\Windows\System32\bcryptPrimitives.dll
0x00007ff80e610000 - 0x00007ff80e639000 	C:\Program Files\Android\Android Studio\jre\bin\java.dll
0x00007ff81d320000 - 0x00007ff81d32b000 	C:\Program Files\Android\Android Studio\jre\bin\jimage.dll
0x00007ff80df80000 - 0x00007ff80df98000 	C:\Program Files\Android\Android Studio\jre\bin\zip.dll
0x00007ff82a960000 - 0x00007ff82b10a000 	C:\Windows\System32\SHELL32.dll
0x00007ff826760000 - 0x00007ff826fc2000 	C:\Windows\SYSTEM32\windows.storage.dll
0x00007ff82a310000 - 0x00007ff82a688000 	C:\Windows\System32\combase.dll
0x00007ff8265f0000 - 0x00007ff826756000 	C:\Windows\SYSTEM32\wintypes.dll
0x00007ff829f90000 - 0x00007ff82a07a000 	C:\Windows\System32\SHCORE.dll
0x00007ff829e70000 - 0x00007ff829ecd000 	C:\Windows\System32\shlwapi.dll
0x00007ff828c10000 - 0x00007ff828c31000 	C:\Windows\SYSTEM32\profapi.dll
0x00007ff80dd90000 - 0x00007ff80ddaa000 	C:\Program Files\Android\Android Studio\jre\bin\net.dll
0x00007ff821ff0000 - 0x00007ff8220fc000 	C:\Windows\SYSTEM32\WINHTTP.dll
0x00007ff827ae0000 - 0x00007ff827b47000 	C:\Windows\system32\mswsock.dll
0x00007ff80d0e0000 - 0x00007ff80d0f4000 	C:\Program Files\Android\Android Studio\jre\bin\nio.dll
0x00007ff81dcb0000 - 0x00007ff81dcd7000 	C:\Users\dasse\.gradle\native\8bec1ad78214c89d9ad589b4d07fe93259594b29d510b10fafb7a158f7737e5d\windows-amd64\native-platform.dll
0x00007fffff760000 - 0x00007fffff89d000 	C:\Users\dasse\.gradle\native\53dbd7edfb1c66fb8903c78663c9afc45aea4f116125fa6feffd364cf09443e8\windows-amd64\native-platform-file-events.dll
0x00007ff81cac0000 - 0x00007ff81caca000 	C:\Program Files\Android\Android Studio\jre\bin\management.dll
0x00007ff81c9a0000 - 0x00007ff81c9ac000 	C:\Program Files\Android\Android Studio\jre\bin\management_ext.dll
0x00007ff8288a0000 - 0x00007ff8288b8000 	C:\Windows\SYSTEM32\CRYPTSP.dll
0x00007ff827640000 - 0x00007ff827675000 	C:\Windows\system32\rsaenh.dll
0x00007ff827b80000 - 0x00007ff827ba9000 	C:\Windows\SYSTEM32\USERENV.dll
0x00007ff828870000 - 0x00007ff828897000 	C:\Windows\SYSTEM32\bcrypt.dll
0x00007ff827d40000 - 0x00007ff827d4c000 	C:\Windows\SYSTEM32\CRYPTBASE.dll
0x00007ff827220000 - 0x00007ff82724d000 	C:\Windows\SYSTEM32\IPHLPAPI.DLL
0x00007ff829f80000 - 0x00007ff829f89000 	C:\Windows\System32\NSI.dll
0x00007ff8221e0000 - 0x00007ff8221f9000 	C:\Windows\SYSTEM32\dhcpcsvc6.DLL
0x00007ff822430000 - 0x00007ff82244e000 	C:\Windows\SYSTEM32\dhcpcsvc.DLL
0x00007ff827290000 - 0x00007ff827377000 	C:\Windows\SYSTEM32\DNSAPI.dll
0x00007ff81de60000 - 0x00007ff81de7e000 	C:\Users\dasse\AppData\Local\Temp\native-platform13569347509963159426dir\native-platform.dll
0x00007ff81de50000 - 0x00007ff81de58000 	C:\Program Files\Android\Android Studio\jre\bin\rmi.dll

dbghelp: loaded successfully - version: 4.0.5 - missing functions: none
symbol engine: initialized successfully - sym options: 0x614 - pdb path: .;C:\Program Files\Android\Android Studio\jre\bin;C:\Windows\SYSTEM32;C:\Windows\WinSxS\amd64_microsoft.windows.common-controls_6595b64144ccf1df_6.0.22000.120_none_9d947278b86cc467;C:\Program Files\Android\Android Studio\jre\bin\server;C:\Users\dasse\.gradle\native\8bec1ad78214c89d9ad589b4d07fe93259594b29d510b10fafb7a158f7737e5d\windows-amd64;C:\Users\dasse\.gradle\native\53dbd7edfb1c66fb8903c78663c9afc45aea4f116125fa6feffd364cf09443e8\windows-amd64;C:\Users\dasse\AppData\Local\Temp\native-platform13569347509963159426dir

VM Arguments:
jvm_args: --add-opens=java.base/java.util=ALL-UNNAMED --add-opens=java.base/java.lang=ALL-UNNAMED --add-opens=java.base/java.lang.invoke=ALL-UNNAMED --add-opens=java.base/java.util=ALL-UNNAMED --add-opens=java.prefs/java.util.prefs=ALL-UNNAMED --add-opens=java.prefs/java.util.prefs=ALL-UNNAMED --add-opens=java.base/java.nio.charset=ALL-UNNAMED --add-opens=java.base/java.net=ALL-UNNAMED --add-opens=java.base/java.util.concurrent.atomic=ALL-UNNAMED -Xmx2048m -Dfile.encoding=UTF-8 -Duser.country=US -Duser.language=en -Duser.variant 
java_command: org.gradle.launcher.daemon.bootstrap.GradleDaemon 7.0.2
java_class_path (initial): C:\Users\dasse\.gradle\wrapper\dists\gradle-7.0.2-bin\857tjihv64xamwrf0h14cai3r\gradle-7.0.2\lib\gradle-launcher-7.0.2.jar
Launcher Type: SUN_STANDARD

[Global flags]
     intx CICompilerCount                          = 4                                         {product} {ergonomic}
     uint ConcGCThreads                            = 3                                         {product} {ergonomic}
     uint G1ConcRefinementThreads                  = 10                                        {product} {ergonomic}
   size_t G1HeapRegionSize                         = 1048576                                   {product} {ergonomic}
    uintx GCDrainStackTargetSize                   = 64                                        {product} {ergonomic}
   size_t InitialHeapSize                          = 268435456                                 {product} {ergonomic}
   size_t MarkStackSize                            = 4194304                                   {product} {ergonomic}
   size_t MaxHeapSize                              = 2147483648                                {product} {command line}
   size_t MaxNewSize                               = 1287651328                                {product} {ergonomic}
   size_t MinHeapDeltaBytes                        = 1048576                                   {product} {ergonomic}
    uintx NonNMethodCodeHeapSize                   = 5836300                                {pd product} {ergonomic}
    uintx NonProfiledCodeHeapSize                  = 122910970                              {pd product} {ergonomic}
    uintx ProfiledCodeHeapSize                     = 122910970                              {pd product} {ergonomic}
    uintx ReservedCodeCacheSize                    = 251658240                              {pd product} {ergonomic}
     bool SegmentedCodeCache                       = true                                      {product} {ergonomic}
     bool UseCompressedClassPointers               = true                                 {lp64_product} {ergonomic}
     bool UseCompressedOops                        = true                                 {lp64_product} {ergonomic}
     bool UseG1GC                                  = true                                      {product} {ergonomic}
     bool UseLargePagesIndividualAllocation        = false                                  {pd product} {ergonomic}

Logging:
Log output configuration:
 #0: stdout all=warning uptime,level,tags
 #1: stderr all=off uptime,level,tags

Environment Variables:
JAVA_HOME=C:\Program Files\Java\jdk-15.0.2
PATH=C:\Program Files\Common Files\Oracle\Java\javapath;C:\Windows\system32;C:\Windows;C:\Windows\System32\Wbem;C:\Windows\System32\WindowsPowerShell\v1.0\;C:\Windows\System32\OpenSSH\;C:\Program Files\Git\cmd;C:\Users\dasse\fvm\default\bin;D:\Tools\SDK\android\platform-tools\;C:\Program Files\nodejs\;D:\Tools\SDK\PHP\php-8.0.12-nts-Win32-vs16-x64\;C:\ProgramData\ComposerSetup\bin;C:\Program Files\PuTTY\;C:\Program Files\Docker\Docker\resources\bin;C:\ProgramData\DockerDesktop\version-bin;C:\Users\dasse\AppData\Local\Programs\Python\Python37\Scripts\;C:\Users\dasse\AppData\Local\Programs\Python\Python37\;C:\Users\dasse\AppData\Local\Microsoft\WindowsApps;C:\Users\dasse\AppData\Local\Programs\Microsoft VS Code\bin;C:\Users\dasse\AppData\Local\GitHubDesktop\bin;C:\Users\dasse\fvm\default\bin;C:\Users\dasse\spicetify-cli;D:\Tools\SDK\android\platform-tools\;C:\Users\dasse\AppData\Roaming\npm;D:\Tools\SDK\PHP\php-8.0.12-nts-Win32-vs16-x64\;C:\Users\dasse\AppData\Roaming\Composer\vendor\bin
USERNAME=dasse
OS=Windows_NT
PROCESSOR_IDENTIFIER=Intel64 Family 6 Model 158 Stepping 10, GenuineIntel



---------------  S Y S T E M  ---------------

OS: Windows 10 , 64 bit Build 22000 (10.0.22000.318)
OS uptime: 7 days 1:56 hours
Hyper-V role detected

CPU:total 12 (initial active 12) (6 cores per cpu, 2 threads per core) family 6 model 158 stepping 10 microcode 0xde, cmov, cx8, fxsr, mmx, sse, sse2, sse3, ssse3, sse4.1, sse4.2, popcnt, avx, avx2, aes, clmul, erms, 3dnowpref, lzcnt, ht, tsc, tscinvbit, bmi1, bmi2, adx, fma

Memory: 4k page, system-wide physical 16257M (294M free)
TotalPageFile size 43748M (AvailPageFile size 5M)
current process WorkingSet (physical memory assigned to process): 625M, peak: 663M
current process commit charge ("private bytes"): 750M, peak: 766M

vm_info: OpenJDK 64-Bit Server VM (11.0.10+0-b96-7249189) for windows-amd64 JRE (11.0.10+0-b96-7249189), built on Mar 31 2021 21:44:00 by "builder" with MS VC++ 14.0 (VS2015)

END.
